Select RDMA Busy Polling mode
Select RDMA Busy Polling mode
Select RDMA Busy Polling mode
Select RDMA Busy Polling mode
total zerocopy send size = 0, total send size = 22732310, 0.000000
[OVERALL], RunTime(ms), 3866
[OVERALL], OP, 100000
[OVERALL], Throughput(ops/sec), 25866.52871184687
[TOTAL_GCS_PS_Scavenge], Count, 0
[TOTAL_GC_TIME_PS_Scavenge], Time(ms), 0
[TOTAL_GC_TIME_%_PS_Scavenge], Time(%), 0.0
[TOTAL_GCS_PS_MarkSweep], Count, 0
[TOTAL_GC_TIME_PS_MarkSweep], Time(ms), 0
[TOTAL_GC_TIME_%_PS_MarkSweep], Time(%), 0.0
[TOTAL_GCs], Count, 0
[TOTAL_GC_TIME], Time(ms), 0
[TOTAL_GC_TIME_%], Time(%), 0.0
[READ], Operations, 94998
[READ], AverageLatency(us), 35.1297290469273
[READ], MinLatency(us), 22
[READ], MaxLatency(us), 3525
[READ], 95thPercentileLatency(us), 47
[READ], 99thPercentileLatency(us), 55
[READ], Return=OK, 94998
[CLEANUP], Operations, 1
[CLEANUP], AverageLatency(us), 3667.0
[CLEANUP], MinLatency(us), 3666
[CLEANUP], MaxLatency(us), 3667
[CLEANUP], 95thPercentileLatency(us), 3667
[CLEANUP], 99thPercentileLatency(us), 3667
[UPDATE], Operations, 5002
[UPDATE], AverageLatency(us), 75.96321471411436
[UPDATE], MinLatency(us), 54
[UPDATE], MaxLatency(us), 1381
[UPDATE], 95thPercentileLatency(us), 94
[UPDATE], 99thPercentileLatency(us), 133
[UPDATE], Return=OK, 5002
total zerocopy send size = 0, total send size = 22883666, 0.000000
total zerocopy send size = 0, total send size = 22696105, 0.000000
[OVERALL], RunTime(ms), 3864
[OVERALL], OP, 100000
[OVERALL], Throughput(ops/sec), 25879.91718426501
[TOTAL_GCS_PS_Scavenge], Count, 0
[TOTAL_GC_TIME_PS_Scavenge], Time(ms), 0
[TOTAL_GC_TIME_%_PS_Scavenge], Time(%), 0.0
[TOTAL_GCS_PS_MarkSweep], Count, 0
[TOTAL_GC_TIME_PS_MarkSweep], Time(ms), 0
[TOTAL_GC_TIME_%_PS_MarkSweep], Time(%), 0.0
[TOTAL_GCs], Count, 0
[TOTAL_GC_TIME], Time(ms), 0
[TOTAL_GC_TIME_%], Time(%), 0.0
[READ], Operations, 94872
[READ], AverageLatency(us), 35.049740703263346
[READ], MinLatency(us), 23
[READ], MaxLatency(us), 3543
[READ], 95thPercentileLatency(us), 47
[READ], 99thPercentileLatency(us), 54
[READ], Return=OK, 94872
[CLEANUP], Operations, 1
[CLEANUP], AverageLatency(us), 3823.0
[CLEANUP], MinLatency(us), 3822
[CLEANUP], MaxLatency(us), 3823
[CLEANUP], 95thPercentileLatency(us), 3823
[CLEANUP], 99thPercentileLatency(us), 3823
[UPDATE], Operations, 5128
[UPDATE], AverageLatency(us), 75.00819032761311
[UPDATE], MinLatency(us), 55
[UPDATE], MaxLatency(us), 903
[UPDATE], 95thPercentileLatency(us), 95
[UPDATE], 99thPercentileLatency(us), 151
[UPDATE], Return=OK, 5128
[OVERALL], RunTime(ms), 3846
[OVERALL], OP, 100000
[OVERALL], Throughput(ops/sec), 26001.040041601664
[TOTAL_GCS_PS_Scavenge], Count, 0
[TOTAL_GC_TIME_PS_Scavenge], Time(ms), 0
[TOTAL_GC_TIME_%_PS_Scavenge], Time(%), 0.0
[TOTAL_GCS_PS_MarkSweep], Count, 0
[TOTAL_GC_TIME_PS_MarkSweep], Time(ms), 0
[TOTAL_GC_TIME_%_PS_MarkSweep], Time(%), 0.0
[TOTAL_GCs], Count, 0
[TOTAL_GC_TIME], Time(ms), 0
[TOTAL_GC_TIME_%], Time(%), 0.0
[READ], Operations, 95019
[READ], AverageLatency(us), 34.931613677264544
[READ], MinLatency(us), 22
[READ], MaxLatency(us), 3731
[READ], 95thPercentileLatency(us), 47
[READ], 99thPercentileLatency(us), 53
[READ], Return=OK, 95019
[CLEANUP], Operations, 1
[CLEANUP], AverageLatency(us), 3627.0
[CLEANUP], MinLatency(us), 3626
[CLEANUP], MaxLatency(us), 3627
[CLEANUP], 95thPercentileLatency(us), 3627
[CLEANUP], 99thPercentileLatency(us), 3627
[UPDATE], Operations, 4981
[UPDATE], AverageLatency(us), 75.4677775547079
[UPDATE], MinLatency(us), 54
[UPDATE], MaxLatency(us), 599
[UPDATE], 95thPercentileLatency(us), 94
[UPDATE], 99thPercentileLatency(us), 140
[UPDATE], Return=OK, 4981
total zerocopy send size = 0, total send size = 22665302, 0.000000
[OVERALL], RunTime(ms), 3943
[OVERALL], OP, 100000
[OVERALL], Throughput(ops/sec), 25361.3999492772
[TOTAL_GCS_PS_Scavenge], Count, 0
[TOTAL_GC_TIME_PS_Scavenge], Time(ms), 0
[TOTAL_GC_TIME_%_PS_Scavenge], Time(%), 0.0
[TOTAL_GCS_PS_MarkSweep], Count, 0
[TOTAL_GC_TIME_PS_MarkSweep], Time(ms), 0
[TOTAL_GC_TIME_%_PS_MarkSweep], Time(%), 0.0
[TOTAL_GCs], Count, 0
[TOTAL_GC_TIME], Time(ms), 0
[TOTAL_GC_TIME_%], Time(%), 0.0
[READ], Operations, 95047
[READ], AverageLatency(us), 35.91639925510537
[READ], MinLatency(us), 21
[READ], MaxLatency(us), 59743
[READ], 95thPercentileLatency(us), 48
[READ], 99thPercentileLatency(us), 55
[READ], Return=OK, 95047
[CLEANUP], Operations, 1
[CLEANUP], AverageLatency(us), 3633.0
[CLEANUP], MinLatency(us), 3632
[CLEANUP], MaxLatency(us), 3633
[CLEANUP], 95thPercentileLatency(us), 3633
[CLEANUP], 99thPercentileLatency(us), 3633
[UPDATE], Operations, 4953
[UPDATE], AverageLatency(us), 76.20432061376943
[UPDATE], MinLatency(us), 48
[UPDATE], MaxLatency(us), 717
[UPDATE], 95thPercentileLatency(us), 97
[UPDATE], 99thPercentileLatency(us), 207
[UPDATE], Return=OK, 4953
