Select RDMA Busy Polling mode
Select RDMA Busy Polling mode
Select RDMA Busy Polling mode
Select RDMA Busy Polling mode
total zerocopy send size = 0, total send size = 22256326, 0.000000
total zerocopy send size = 0, total send size = 22392104, 0.000000
[OVERALL], RunTime(ms), 3379
[OVERALL], OP, 100000
[OVERALL], Throughput(ops/sec), 29594.55460195324
[TOTAL_GCS_PS_Scavenge], Count, 0
[TOTAL_GC_TIME_PS_Scavenge], Time(ms), 0
[TOTAL_GC_TIME_%_PS_Scavenge], Time(%), 0.0
[TOTAL_GCS_PS_MarkSweep], Count, 0
[TOTAL_GC_TIME_PS_MarkSweep], Time(ms), 0
[TOTAL_GC_TIME_%_PS_MarkSweep], Time(%), 0.0
[TOTAL_GCs], Count, 0
[TOTAL_GC_TIME], Time(ms), 0
[TOTAL_GC_TIME_%], Time(%), 0.0
[READ], Operations, 95003
[READ], AverageLatency(us), 31.897140090312938
[READ], MinLatency(us), 22
[READ], MaxLatency(us), 3133
[READ], 95thPercentileLatency(us), 45
[READ], 99thPercentileLatency(us), 52
[READ], Return=OK, 95003
[CLEANUP], Operations, 1
[CLEANUP], AverageLatency(us), 3803.0
[CLEANUP], MinLatency(us), 3802
[CLEANUP], MaxLatency(us), 3803
[CLEANUP], 95thPercentileLatency(us), 3803
[CLEANUP], 99thPercentileLatency(us), 3803
[INSERT], Operations, 4997
[INSERT], AverageLatency(us), 38.81408845307185
[INSERT], MinLatency(us), 27
[INSERT], MaxLatency(us), 638
[INSERT], 95thPercentileLatency(us), 51
[INSERT], 99thPercentileLatency(us), 72
[INSERT], Return=OK, 4997
[OVERALL], RunTime(ms), 3383
[OVERALL], OP, 100000
[OVERALL], Throughput(ops/sec), 29559.562518474726
[TOTAL_GCS_PS_Scavenge], Count, 0
[TOTAL_GC_TIME_PS_Scavenge], Time(ms), 0
[TOTAL_GC_TIME_%_PS_Scavenge], Time(%), 0.0
[TOTAL_GCS_PS_MarkSweep], Count, 0
[TOTAL_GC_TIME_PS_MarkSweep], Time(ms), 0
[TOTAL_GC_TIME_%_PS_MarkSweep], Time(%), 0.0
[TOTAL_GCs], Count, 0
[TOTAL_GC_TIME], Time(ms), 0
[TOTAL_GC_TIME_%], Time(%), 0.0
[READ], Operations, 94882
[READ], AverageLatency(us), 32.032039796800234
[READ], MinLatency(us), 22
[READ], MaxLatency(us), 3197
[READ], 95thPercentileLatency(us), 44
[READ], 99thPercentileLatency(us), 52
[READ], Return=OK, 94882
[CLEANUP], Operations, 1
[CLEANUP], AverageLatency(us), 3435.0
[CLEANUP], MinLatency(us), 3434
[CLEANUP], MaxLatency(us), 3435
[CLEANUP], 95thPercentileLatency(us), 3435
[CLEANUP], 99thPercentileLatency(us), 3435
[INSERT], Operations, 5118
[INSERT], AverageLatency(us), 39.371824931613915
[INSERT], MinLatency(us), 28
[INSERT], MaxLatency(us), 501
[INSERT], 95thPercentileLatency(us), 50
[INSERT], 99thPercentileLatency(us), 72
[INSERT], Return=OK, 5118
total zerocopy send size = 0, total send size = 22327410, 0.000000
[OVERALL], RunTime(ms), 3417
[OVERALL], OP, 100000
[OVERALL], Throughput(ops/sec), 29265.4375182909
[TOTAL_GCS_PS_Scavenge], Count, 0
[TOTAL_GC_TIME_PS_Scavenge], Time(ms), 0
[TOTAL_GC_TIME_%_PS_Scavenge], Time(%), 0.0
[TOTAL_GCS_PS_MarkSweep], Count, 0
[TOTAL_GC_TIME_PS_MarkSweep], Time(ms), 0
[TOTAL_GC_TIME_%_PS_MarkSweep], Time(%), 0.0
[TOTAL_GCs], Count, 0
[TOTAL_GC_TIME], Time(ms), 0
[TOTAL_GC_TIME_%], Time(%), 0.0
[READ], Operations, 94942
[READ], AverageLatency(us), 32.32917992037244
[READ], MinLatency(us), 22
[READ], MaxLatency(us), 1212
[READ], 95thPercentileLatency(us), 45
[READ], 99thPercentileLatency(us), 52
[READ], Return=OK, 94942
[CLEANUP], Operations, 1
[CLEANUP], AverageLatency(us), 3455.0
[CLEANUP], MinLatency(us), 3454
[CLEANUP], MaxLatency(us), 3455
[CLEANUP], 95thPercentileLatency(us), 3455
[CLEANUP], 99thPercentileLatency(us), 3455
[INSERT], Operations, 5058
[INSERT], AverageLatency(us), 40.46737841043891
[INSERT], MinLatency(us), 28
[INSERT], MaxLatency(us), 3279
[INSERT], 95thPercentileLatency(us), 51
[INSERT], 99thPercentileLatency(us), 76
[INSERT], Return=OK, 5058
total zerocopy send size = 0, total send size = 22202611, 0.000000
[OVERALL], RunTime(ms), 3457
[OVERALL], OP, 100000
[OVERALL], Throughput(ops/sec), 28926.81515765114
[TOTAL_GCS_PS_Scavenge], Count, 0
[TOTAL_GC_TIME_PS_Scavenge], Time(ms), 0
[TOTAL_GC_TIME_%_PS_Scavenge], Time(%), 0.0
[TOTAL_GCS_PS_MarkSweep], Count, 0
[TOTAL_GC_TIME_PS_MarkSweep], Time(ms), 0
[TOTAL_GC_TIME_%_PS_MarkSweep], Time(%), 0.0
[TOTAL_GCs], Count, 0
[TOTAL_GC_TIME], Time(ms), 0
[TOTAL_GC_TIME_%], Time(%), 0.0
[READ], Operations, 95047
[READ], AverageLatency(us), 32.65969467737014
[READ], MinLatency(us), 20
[READ], MaxLatency(us), 59359
[READ], 95thPercentileLatency(us), 45
[READ], 99thPercentileLatency(us), 53
[READ], Return=OK, 95047
[CLEANUP], Operations, 1
[CLEANUP], AverageLatency(us), 2047.0
[CLEANUP], MinLatency(us), 2047
[CLEANUP], MaxLatency(us), 2047
[CLEANUP], 95thPercentileLatency(us), 2047
[CLEANUP], 99thPercentileLatency(us), 2047
[INSERT], Operations, 4953
[INSERT], AverageLatency(us), 40.087623662426815
[INSERT], MinLatency(us), 24
[INSERT], MaxLatency(us), 581
[INSERT], 95thPercentileLatency(us), 51
[INSERT], 99thPercentileLatency(us), 86
[INSERT], Return=OK, 4953
