Select RDMA Busy Polling mode
Select RDMA Busy Polling mode
Select RDMA Busy Polling mode
Select RDMA Busy Polling mode
total zerocopy send size = 0, total send size = 21350037, 0.000000
[OVERALL], RunTime(ms), 76220
[OVERALL], OP, 100000
[OVERALL], Throughput(ops/sec), 1311.9916032537392
[TOTAL_GCS_PS_Scavenge], Count, 28
[TOTAL_GC_TIME_PS_Scavenge], Time(ms), 283
[TOTAL_GC_TIME_%_PS_Scavenge], Time(%), 0.37129362372080815
[TOTAL_GCS_PS_MarkSweep], Count, 0
[TOTAL_GC_TIME_PS_MarkSweep], Time(ms), 0
[TOTAL_GC_TIME_%_PS_MarkSweep], Time(%), 0.0
[TOTAL_GCs], Count, 28
[TOTAL_GC_TIME], Time(ms), 283
[TOTAL_GC_TIME_%], Time(%), 0.37129362372080815
[CLEANUP], Operations, 1
[CLEANUP], AverageLatency(us), 7674.0
[CLEANUP], MinLatency(us), 7672
[CLEANUP], MaxLatency(us), 7675
[CLEANUP], 95thPercentileLatency(us), 7675
[CLEANUP], 99thPercentileLatency(us), 7675
[INSERT], Operations, 5033
[INSERT], AverageLatency(us), 55.96065964633419
[INSERT], MinLatency(us), 27
[INSERT], MaxLatency(us), 461
[INSERT], 95thPercentileLatency(us), 70
[INSERT], 99thPercentileLatency(us), 83
[INSERT], Return=OK, 5033
[SCAN], Operations, 94967
[SCAN], AverageLatency(us), 797.6303031579391
[SCAN], MinLatency(us), 113
[SCAN], MaxLatency(us), 17823
[SCAN], 95thPercentileLatency(us), 1391
[SCAN], 99thPercentileLatency(us), 1548
[SCAN], Return=OK, 94967
total zerocopy send size = 0, total send size = 21223136, 0.000000
[OVERALL], RunTime(ms), 76651
[OVERALL], OP, 100000
[OVERALL], Throughput(ops/sec), 1304.614421207812
[TOTAL_GCS_PS_Scavenge], Count, 28
[TOTAL_GC_TIME_PS_Scavenge], Time(ms), 288
[TOTAL_GC_TIME_%_PS_Scavenge], Time(%), 0.37572895330784983
[TOTAL_GCS_PS_MarkSweep], Count, 0
[TOTAL_GC_TIME_PS_MarkSweep], Time(ms), 0
[TOTAL_GC_TIME_%_PS_MarkSweep], Time(%), 0.0
[TOTAL_GCs], Count, 28
[TOTAL_GC_TIME], Time(ms), 288
[TOTAL_GC_TIME_%], Time(%), 0.37572895330784983
[CLEANUP], Operations, 1
[CLEANUP], AverageLatency(us), 7794.0
[CLEANUP], MinLatency(us), 7792
[CLEANUP], MaxLatency(us), 7795
[CLEANUP], 95thPercentileLatency(us), 7795
[CLEANUP], 99thPercentileLatency(us), 7795
[INSERT], Operations, 4925
[INSERT], AverageLatency(us), 57.14355329949239
[INSERT], MinLatency(us), 27
[INSERT], MaxLatency(us), 1005
[INSERT], 95thPercentileLatency(us), 72
[INSERT], 99thPercentileLatency(us), 86
[INSERT], Return=OK, 4925
[SCAN], Operations, 95075
[SCAN], AverageLatency(us), 801.1893768077833
[SCAN], MinLatency(us), 116
[SCAN], MaxLatency(us), 27679
[SCAN], 95thPercentileLatency(us), 1438
[SCAN], 99thPercentileLatency(us), 1622
[SCAN], Return=OK, 95075
total zerocopy send size = 0, total send size = 21437185, 0.000000
[OVERALL], RunTime(ms), 81050
[OVERALL], OP, 100000
[OVERALL], Throughput(ops/sec), 1233.8062924120914
[TOTAL_GCS_PS_Scavenge], Count, 28
[TOTAL_GC_TIME_PS_Scavenge], Time(ms), 272
[TOTAL_GC_TIME_%_PS_Scavenge], Time(%), 0.33559531153608885
[TOTAL_GCS_PS_MarkSweep], Count, 0
[TOTAL_GC_TIME_PS_MarkSweep], Time(ms), 0
[TOTAL_GC_TIME_%_PS_MarkSweep], Time(%), 0.0
[TOTAL_GCs], Count, 28
[TOTAL_GC_TIME], Time(ms), 272
[TOTAL_GC_TIME_%], Time(%), 0.33559531153608885
[CLEANUP], Operations, 1
[CLEANUP], AverageLatency(us), 3991.0
[CLEANUP], MinLatency(us), 3990
[CLEANUP], MaxLatency(us), 3991
[CLEANUP], 95thPercentileLatency(us), 3991
[CLEANUP], 99thPercentileLatency(us), 3991
[INSERT], Operations, 5120
[INSERT], AverageLatency(us), 62.9775390625
[INSERT], MinLatency(us), 27
[INSERT], MaxLatency(us), 730
[INSERT], 95thPercentileLatency(us), 111
[INSERT], 99thPercentileLatency(us), 134
[INSERT], Return=OK, 5120
[SCAN], Operations, 94880
[SCAN], AverageLatency(us), 848.649957841484
[SCAN], MinLatency(us), 113
[SCAN], MaxLatency(us), 20607
[SCAN], 95thPercentileLatency(us), 1524
[SCAN], 99thPercentileLatency(us), 1701
[SCAN], Return=OK, 94880
total zerocopy send size = 0, total send size = 21253738, 0.000000
[OVERALL], RunTime(ms), 82008
[OVERALL], OP, 100000
[OVERALL], Throughput(ops/sec), 1219.3932299287874
[TOTAL_GCS_PS_Scavenge], Count, 28
[TOTAL_GC_TIME_PS_Scavenge], Time(ms), 303
[TOTAL_GC_TIME_%_PS_Scavenge], Time(%), 0.3694761486684226
[TOTAL_GCS_PS_MarkSweep], Count, 0
[TOTAL_GC_TIME_PS_MarkSweep], Time(ms), 0
[TOTAL_GC_TIME_%_PS_MarkSweep], Time(%), 0.0
[TOTAL_GCs], Count, 28
[TOTAL_GC_TIME], Time(ms), 303
[TOTAL_GC_TIME_%], Time(%), 0.3694761486684226
[CLEANUP], Operations, 1
[CLEANUP], AverageLatency(us), 7334.0
[CLEANUP], MinLatency(us), 7332
[CLEANUP], MaxLatency(us), 7335
[CLEANUP], 95thPercentileLatency(us), 7335
[CLEANUP], 99thPercentileLatency(us), 7335
[INSERT], Operations, 4948
[INSERT], AverageLatency(us), 66.25202101859337
[INSERT], MinLatency(us), 28
[INSERT], MaxLatency(us), 22687
[INSERT], 95thPercentileLatency(us), 82
[INSERT], 99thPercentileLatency(us), 130
[INSERT], Return=OK, 4948
[SCAN], Operations, 95052
[SCAN], AverageLatency(us), 857.2123258847788
[SCAN], MinLatency(us), 103
[SCAN], MaxLatency(us), 247295
[SCAN], 95thPercentileLatency(us), 1580
[SCAN], 99thPercentileLatency(us), 1794
[SCAN], Return=OK, 95052
