Select RDMA Busy Polling mode
Select RDMA Busy Polling mode
Select RDMA Busy Polling mode
Select RDMA Busy Polling mode
Select RDMA Busy Polling mode
Select RDMA Busy Polling mode
Select RDMA Busy Polling mode
Select RDMA Busy Polling mode
total zerocopy send size = 0, total send size = 21291411, 0.000000
[OVERALL], RunTime(ms), 72048
[OVERALL], OP, 100000
[OVERALL], Throughput(ops/sec), 1387.963579835665
[TOTAL_GCS_PS_Scavenge], Count, 28
[TOTAL_GC_TIME_PS_Scavenge], Time(ms), 273
[TOTAL_GC_TIME_%_PS_Scavenge], Time(%), 0.3789140572951366
[TOTAL_GCS_PS_MarkSweep], Count, 0
[TOTAL_GC_TIME_PS_MarkSweep], Time(ms), 0
[TOTAL_GC_TIME_%_PS_MarkSweep], Time(%), 0.0
[TOTAL_GCs], Count, 28
[TOTAL_GC_TIME], Time(ms), 273
[TOTAL_GC_TIME_%], Time(%), 0.3789140572951366
[CLEANUP], Operations, 1
[CLEANUP], AverageLatency(us), 7398.0
[CLEANUP], MinLatency(us), 7396
[CLEANUP], MaxLatency(us), 7399
[CLEANUP], 95thPercentileLatency(us), 7399
[CLEANUP], 99thPercentileLatency(us), 7399
[INSERT], Operations, 5012
[INSERT], AverageLatency(us), 63.470670391061454
[INSERT], MinLatency(us), 28
[INSERT], MaxLatency(us), 460
[INSERT], 95thPercentileLatency(us), 88
[INSERT], 99thPercentileLatency(us), 143
[INSERT], Return=OK, 5012
[SCAN], Operations, 94988
[SCAN], AverageLatency(us), 752.9876721270056
[SCAN], MinLatency(us), 83
[SCAN], MaxLatency(us), 18319
[SCAN], 95thPercentileLatency(us), 1247
[SCAN], 99thPercentileLatency(us), 1403
[SCAN], Return=OK, 94988
total zerocopy send size = 0, total send size = 21193381, 0.000000
[OVERALL], RunTime(ms), 73091
[OVERALL], OP, 100000
[OVERALL], Throughput(ops/sec), 1368.1575022916638
[TOTAL_GCS_PS_Scavenge], Count, 28
[TOTAL_GC_TIME_PS_Scavenge], Time(ms), 279
[TOTAL_GC_TIME_%_PS_Scavenge], Time(%), 0.3817159431393742
[TOTAL_GCS_PS_MarkSweep], Count, 0
[TOTAL_GC_TIME_PS_MarkSweep], Time(ms), 0
[TOTAL_GC_TIME_%_PS_MarkSweep], Time(%), 0.0
[TOTAL_GCs], Count, 28
[TOTAL_GC_TIME], Time(ms), 279
[TOTAL_GC_TIME_%], Time(%), 0.3817159431393742
[CLEANUP], Operations, 1
[CLEANUP], AverageLatency(us), 2947.0
[CLEANUP], MinLatency(us), 2946
[CLEANUP], MaxLatency(us), 2947
[CLEANUP], 95thPercentileLatency(us), 2947
[CLEANUP], 99thPercentileLatency(us), 2947
[INSERT], Operations, 4924
[INSERT], AverageLatency(us), 63.093013809910644
[INSERT], MinLatency(us), 26
[INSERT], MaxLatency(us), 474
[INSERT], 95thPercentileLatency(us), 82
[INSERT], 99thPercentileLatency(us), 127
[INSERT], Return=OK, 4924
[SCAN], Operations, 95076
[SCAN], AverageLatency(us), 763.4952038369305
[SCAN], MinLatency(us), 91
[SCAN], MaxLatency(us), 16447
[SCAN], 95thPercentileLatency(us), 1255
[SCAN], 99thPercentileLatency(us), 1421
[SCAN], Return=OK, 95076
total zerocopy send size = 0, total send size = 21343670, 0.000000
[OVERALL], RunTime(ms), 73225
[OVERALL], OP, 100000
[OVERALL], Throughput(ops/sec), 1365.6538067599863
[TOTAL_GCS_PS_Scavenge], Count, 28
[TOTAL_GC_TIME_PS_Scavenge], Time(ms), 270
[TOTAL_GC_TIME_%_PS_Scavenge], Time(%), 0.3687265278251963
[TOTAL_GCS_PS_MarkSweep], Count, 0
[TOTAL_GC_TIME_PS_MarkSweep], Time(ms), 0
[TOTAL_GC_TIME_%_PS_MarkSweep], Time(%), 0.0
[TOTAL_GCs], Count, 28
[TOTAL_GC_TIME], Time(ms), 270
[TOTAL_GC_TIME_%], Time(%), 0.3687265278251963
[CLEANUP], Operations, 1
[CLEANUP], AverageLatency(us), 2237.0
[CLEANUP], MinLatency(us), 2236
[CLEANUP], MaxLatency(us), 2237
[CLEANUP], 95thPercentileLatency(us), 2237
[CLEANUP], 99thPercentileLatency(us), 2237
[INSERT], Operations, 5025
[INSERT], AverageLatency(us), 63.939303482587064
[INSERT], MinLatency(us), 26
[INSERT], MaxLatency(us), 3703
[INSERT], 95thPercentileLatency(us), 92
[INSERT], 99thPercentileLatency(us), 143
[INSERT], Return=OK, 5025
[SCAN], Operations, 94975
[SCAN], AverageLatency(us), 765.5869334035273
[SCAN], MinLatency(us), 80
[SCAN], MaxLatency(us), 17743
[SCAN], 95thPercentileLatency(us), 1273
[SCAN], 99thPercentileLatency(us), 1433
[SCAN], Return=OK, 94975
total zerocopy send size = 0, total send size = 21288707, 0.000000
[OVERALL], RunTime(ms), 76148
[OVERALL], OP, 100000
[OVERALL], Throughput(ops/sec), 1313.2321269107526
[TOTAL_GCS_PS_Scavenge], Count, 28
[TOTAL_GC_TIME_PS_Scavenge], Time(ms), 251
[TOTAL_GC_TIME_%_PS_Scavenge], Time(%), 0.32962126385459894
[TOTAL_GCS_PS_MarkSweep], Count, 0
[TOTAL_GC_TIME_PS_MarkSweep], Time(ms), 0
[TOTAL_GC_TIME_%_PS_MarkSweep], Time(%), 0.0
[TOTAL_GCs], Count, 28
[TOTAL_GC_TIME], Time(ms), 251
[TOTAL_GC_TIME_%], Time(%), 0.32962126385459894
[CLEANUP], Operations, 1
[CLEANUP], AverageLatency(us), 7702.0
[CLEANUP], MinLatency(us), 7700
[CLEANUP], MaxLatency(us), 7703
[CLEANUP], 95thPercentileLatency(us), 7703
[CLEANUP], 99thPercentileLatency(us), 7703
[INSERT], Operations, 4999
[INSERT], AverageLatency(us), 70.32686537307461
[INSERT], MinLatency(us), 30
[INSERT], MaxLatency(us), 489
[INSERT], 95thPercentileLatency(us), 129
[INSERT], 99thPercentileLatency(us), 162
[INSERT], Return=OK, 4999
[SCAN], Operations, 95001
[SCAN], AverageLatency(us), 795.8972747655288
[SCAN], MinLatency(us), 81
[SCAN], MaxLatency(us), 12287
[SCAN], 95thPercentileLatency(us), 1304
[SCAN], 99thPercentileLatency(us), 1468
[SCAN], Return=OK, 95001
total zerocopy send size = 0, total send size = 21277832, 0.000000
[OVERALL], RunTime(ms), 76576
[OVERALL], OP, 100000
[OVERALL], Throughput(ops/sec), 1305.8921855411618
[TOTAL_GCS_PS_Scavenge], Count, 28
[TOTAL_GC_TIME_PS_Scavenge], Time(ms), 298
[TOTAL_GC_TIME_%_PS_Scavenge], Time(%), 0.38915587129126616
[TOTAL_GCS_PS_MarkSweep], Count, 0
[TOTAL_GC_TIME_PS_MarkSweep], Time(ms), 0
[TOTAL_GC_TIME_%_PS_MarkSweep], Time(%), 0.0
[TOTAL_GCs], Count, 28
[TOTAL_GC_TIME], Time(ms), 298
[TOTAL_GC_TIME_%], Time(%), 0.38915587129126616
[CLEANUP], Operations, 1
[CLEANUP], AverageLatency(us), 7390.0
[CLEANUP], MinLatency(us), 7388
[CLEANUP], MaxLatency(us), 7391
[CLEANUP], 95thPercentileLatency(us), 7391
[CLEANUP], 99thPercentileLatency(us), 7391
[INSERT], Operations, 4998
[INSERT], AverageLatency(us), 64.41516606642656
[INSERT], MinLatency(us), 24
[INSERT], MaxLatency(us), 779
[INSERT], 95thPercentileLatency(us), 84
[INSERT], 99thPercentileLatency(us), 119
[INSERT], Return=OK, 4998
[SCAN], Operations, 95002
[SCAN], AverageLatency(us), 800.5164312330267
[SCAN], MinLatency(us), 92
[SCAN], MaxLatency(us), 18111
[SCAN], 95thPercentileLatency(us), 1317
[SCAN], 99thPercentileLatency(us), 1481
[SCAN], Return=OK, 95002
total zerocopy send size = 0, total send size = 21275200, 0.000000
[OVERALL], RunTime(ms), 78186
[OVERALL], OP, 100000
[OVERALL], Throughput(ops/sec), 1279.001355741437
[TOTAL_GCS_PS_Scavenge], Count, 28
[TOTAL_GC_TIME_PS_Scavenge], Time(ms), 345
[TOTAL_GC_TIME_%_PS_Scavenge], Time(%), 0.44125546773079577
[TOTAL_GCS_PS_MarkSweep], Count, 0
[TOTAL_GC_TIME_PS_MarkSweep], Time(ms), 0
[TOTAL_GC_TIME_%_PS_MarkSweep], Time(%), 0.0
[TOTAL_GCs], Count, 28
[TOTAL_GC_TIME], Time(ms), 345
[TOTAL_GC_TIME_%], Time(%), 0.44125546773079577
[CLEANUP], Operations, 1
[CLEANUP], AverageLatency(us), 3435.0
[CLEANUP], MinLatency(us), 3434
[CLEANUP], MaxLatency(us), 3435
[CLEANUP], 95thPercentileLatency(us), 3435
[CLEANUP], 99thPercentileLatency(us), 3435
[INSERT], Operations, 4981
[INSERT], AverageLatency(us), 64.395101385264
[INSERT], MinLatency(us), 27
[INSERT], MaxLatency(us), 472
[INSERT], 95thPercentileLatency(us), 82
[INSERT], 99thPercentileLatency(us), 99
[INSERT], Return=OK, 4981
[SCAN], Operations, 95019
[SCAN], AverageLatency(us), 817.454772203454
[SCAN], MinLatency(us), 92
[SCAN], MaxLatency(us), 45631
[SCAN], 95thPercentileLatency(us), 1348
[SCAN], 99thPercentileLatency(us), 1513
[SCAN], Return=OK, 95019
total zerocopy send size = 0, total send size = 21303729, 0.000000
[OVERALL], RunTime(ms), 79686
[OVERALL], OP, 100000
[OVERALL], Throughput(ops/sec), 1254.9255829129334
[TOTAL_GCS_PS_Scavenge], Count, 28
[TOTAL_GC_TIME_PS_Scavenge], Time(ms), 279
[TOTAL_GC_TIME_%_PS_Scavenge], Time(%), 0.3501242376327084
[TOTAL_GCS_PS_MarkSweep], Count, 0
[TOTAL_GC_TIME_PS_MarkSweep], Time(ms), 0
[TOTAL_GC_TIME_%_PS_MarkSweep], Time(%), 0.0
[TOTAL_GCs], Count, 28
[TOTAL_GC_TIME], Time(ms), 279
[TOTAL_GC_TIME_%], Time(%), 0.3501242376327084
[CLEANUP], Operations, 1
[CLEANUP], AverageLatency(us), 3509.0
[CLEANUP], MinLatency(us), 3508
[CLEANUP], MaxLatency(us), 3509
[CLEANUP], 95thPercentileLatency(us), 3509
[CLEANUP], 99thPercentileLatency(us), 3509
[INSERT], Operations, 5023
[INSERT], AverageLatency(us), 68.5835158271949
[INSERT], MinLatency(us), 28
[INSERT], MaxLatency(us), 874
[INSERT], 95thPercentileLatency(us), 124
[INSERT], 99thPercentileLatency(us), 153
[INSERT], Return=OK, 5023
[SCAN], Operations, 94977
[SCAN], AverageLatency(us), 833.2069658970066
[SCAN], MinLatency(us), 94
[SCAN], MaxLatency(us), 16655
[SCAN], 95thPercentileLatency(us), 1390
[SCAN], 99thPercentileLatency(us), 1559
[SCAN], Return=OK, 94977
total zerocopy send size = 0, total send size = 21317936, 0.000000
[OVERALL], RunTime(ms), 80850
[OVERALL], OP, 100000
[OVERALL], Throughput(ops/sec), 1236.8583797155225
[TOTAL_GCS_PS_Scavenge], Count, 28
[TOTAL_GC_TIME_PS_Scavenge], Time(ms), 318
[TOTAL_GC_TIME_%_PS_Scavenge], Time(%), 0.3933209647495362
[TOTAL_GCS_PS_MarkSweep], Count, 0
[TOTAL_GC_TIME_PS_MarkSweep], Time(ms), 0
[TOTAL_GC_TIME_%_PS_MarkSweep], Time(%), 0.0
[TOTAL_GCs], Count, 28
[TOTAL_GC_TIME], Time(ms), 318
[TOTAL_GC_TIME_%], Time(%), 0.3933209647495362
[CLEANUP], Operations, 1
[CLEANUP], AverageLatency(us), 2789.0
[CLEANUP], MinLatency(us), 2788
[CLEANUP], MaxLatency(us), 2789
[CLEANUP], 95thPercentileLatency(us), 2789
[CLEANUP], 99thPercentileLatency(us), 2789
[INSERT], Operations, 4998
[INSERT], AverageLatency(us), 67.80852340936374
[INSERT], MinLatency(us), 26
[INSERT], MaxLatency(us), 562
[INSERT], 95thPercentileLatency(us), 122
[INSERT], 99thPercentileLatency(us), 150
[INSERT], Return=OK, 4998
[SCAN], Operations, 95002
[SCAN], AverageLatency(us), 845.3570872192164
[SCAN], MinLatency(us), 83
[SCAN], MaxLatency(us), 27439
[SCAN], 95thPercentileLatency(us), 1419
[SCAN], 99thPercentileLatency(us), 1605
[SCAN], Return=OK, 95002
