Select RDMA Busy Polling mode
Select RDMA Busy Polling mode
Select RDMA Busy Polling mode
Select RDMA Busy Polling mode
Select RDMA Busy Polling mode
Select RDMA Busy Polling mode
Select RDMA Busy Polling mode
Select RDMA Busy Polling mode
total zerocopy send size = 0, total send size = 22798727, 0.000000
[OVERALL], RunTime(ms), 3865
[OVERALL], OP, 100000
[OVERALL], Throughput(ops/sec), 25873.2212160414
[TOTAL_GCS_PS_Scavenge], Count, 0
[TOTAL_GC_TIME_PS_Scavenge], Time(ms), 0
[TOTAL_GC_TIME_%_PS_Scavenge], Time(%), 0.0
[TOTAL_GCS_PS_MarkSweep], Count, 0
[TOTAL_GC_TIME_PS_MarkSweep], Time(ms), 0
[TOTAL_GC_TIME_%_PS_MarkSweep], Time(%), 0.0
[TOTAL_GCs], Count, 0
[TOTAL_GC_TIME], Time(ms), 0
[TOTAL_GC_TIME_%], Time(%), 0.0
[READ], Operations, 94975
[READ], AverageLatency(us), 34.98155304027376
[READ], MinLatency(us), 23
[READ], MaxLatency(us), 3269
[READ], 95thPercentileLatency(us), 48
[READ], 99thPercentileLatency(us), 58
[READ], Return=OK, 94975
[CLEANUP], Operations, 1
[CLEANUP], AverageLatency(us), 3953.0
[CLEANUP], MinLatency(us), 3952
[CLEANUP], MaxLatency(us), 3953
[CLEANUP], 95thPercentileLatency(us), 3953
[CLEANUP], 99thPercentileLatency(us), 3953
[UPDATE], Operations, 5025
[UPDATE], AverageLatency(us), 77.1926368159204
[UPDATE], MinLatency(us), 55
[UPDATE], MaxLatency(us), 1332
[UPDATE], 95thPercentileLatency(us), 103
[UPDATE], 99thPercentileLatency(us), 153
[UPDATE], Return=OK, 5025
total zerocopy send size = 0, total send size = 22762147, 0.000000
total zerocopy send size = 0, total send size = 22761507, 0.000000
total zerocopy send size = 0, total send size = 22780900, 0.000000
[OVERALL], RunTime(ms), 3922
[OVERALL], OP, 100000
[OVERALL], Throughput(ops/sec), 25497.195308516064
[TOTAL_GCS_PS_Scavenge], Count, 0
[TOTAL_GC_TIME_PS_Scavenge], Time(ms), 0
[TOTAL_GC_TIME_%_PS_Scavenge], Time(%), 0.0
[TOTAL_GCS_PS_MarkSweep], Count, 0
[TOTAL_GC_TIME_PS_MarkSweep], Time(ms), 0
[TOTAL_GC_TIME_%_PS_MarkSweep], Time(%), 0.0
[TOTAL_GCs], Count, 0
[TOTAL_GC_TIME], Time(ms), 0
[TOTAL_GC_TIME_%], Time(%), 0.0
[READ], Operations, 95001
[READ], AverageLatency(us), 35.55039420637677
[READ], MinLatency(us), 23
[READ], MaxLatency(us), 3309
[READ], 95thPercentileLatency(us), 48
[READ], 99thPercentileLatency(us), 58
[READ], Return=OK, 95001
[CLEANUP], Operations, 1
[CLEANUP], AverageLatency(us), 2027.0
[CLEANUP], MinLatency(us), 2027
[CLEANUP], MaxLatency(us), 2027
[CLEANUP], 95thPercentileLatency(us), 2027
[CLEANUP], 99thPercentileLatency(us), 2027
[UPDATE], Operations, 4999
[UPDATE], AverageLatency(us), 78.62872574514903
[UPDATE], MinLatency(us), 56
[UPDATE], MaxLatency(us), 3153
[UPDATE], 95thPercentileLatency(us), 104
[UPDATE], 99thPercentileLatency(us), 155
[UPDATE], Return=OK, 4999
[OVERALL], RunTime(ms), 3922
[OVERALL], OP, 100000
[OVERALL], Throughput(ops/sec), 25497.195308516064
[TOTAL_GCS_PS_Scavenge], Count, 0
[TOTAL_GC_TIME_PS_Scavenge], Time(ms), 0
[TOTAL_GC_TIME_%_PS_Scavenge], Time(%), 0.0
[TOTAL_GCS_PS_MarkSweep], Count, 0
[TOTAL_GC_TIME_PS_MarkSweep], Time(ms), 0
[TOTAL_GC_TIME_%_PS_MarkSweep], Time(%), 0.0
[TOTAL_GCs], Count, 0
[TOTAL_GC_TIME], Time(ms), 0
[TOTAL_GC_TIME_%], Time(%), 0.0
[READ], Operations, 95000
[READ], AverageLatency(us), 35.48893684210526
[READ], MinLatency(us), 23
[READ], MaxLatency(us), 3303
[READ], 95thPercentileLatency(us), 49
[READ], 99thPercentileLatency(us), 58
[READ], Return=OK, 95000
[CLEANUP], Operations, 1
[CLEANUP], AverageLatency(us), 3725.0
[CLEANUP], MinLatency(us), 3724
[CLEANUP], MaxLatency(us), 3725
[CLEANUP], 95thPercentileLatency(us), 3725
[CLEANUP], 99thPercentileLatency(us), 3725
[UPDATE], Operations, 5000
[UPDATE], AverageLatency(us), 77.8364
[UPDATE], MinLatency(us), 54
[UPDATE], MaxLatency(us), 1254
[UPDATE], 95thPercentileLatency(us), 103
[UPDATE], 99thPercentileLatency(us), 139
[UPDATE], Return=OK, 5000
[OVERALL], RunTime(ms), 4015
[OVERALL], OP, 100000
[OVERALL], Throughput(ops/sec), 24906.600249066003
[TOTAL_GCS_PS_Scavenge], Count, 0
[TOTAL_GC_TIME_PS_Scavenge], Time(ms), 0
[TOTAL_GC_TIME_%_PS_Scavenge], Time(%), 0.0
[TOTAL_GCS_PS_MarkSweep], Count, 0
[TOTAL_GC_TIME_PS_MarkSweep], Time(ms), 0
[TOTAL_GC_TIME_%_PS_MarkSweep], Time(%), 0.0
[TOTAL_GCs], Count, 0
[TOTAL_GC_TIME], Time(ms), 0
[TOTAL_GC_TIME_%], Time(%), 0.0
[READ], Operations, 94970
[READ], AverageLatency(us), 36.38246814783616
[READ], MinLatency(us), 24
[READ], MaxLatency(us), 3299
[READ], 95thPercentileLatency(us), 49
[READ], 99thPercentileLatency(us), 59
[READ], Return=OK, 94970
[CLEANUP], Operations, 1
[CLEANUP], AverageLatency(us), 2623.0
[CLEANUP], MinLatency(us), 2622
[CLEANUP], MaxLatency(us), 2623
[CLEANUP], 95thPercentileLatency(us), 2623
[CLEANUP], 99thPercentileLatency(us), 2623
[UPDATE], Operations, 5030
[UPDATE], AverageLatency(us), 79.13220675944333
[UPDATE], MinLatency(us), 54
[UPDATE], MaxLatency(us), 883
[UPDATE], 95thPercentileLatency(us), 103
[UPDATE], 99thPercentileLatency(us), 166
[UPDATE], Return=OK, 5030
total zerocopy send size = 0, total send size = 22841371, 0.000000
total zerocopy send size = 0, total send size = 22669136, 0.000000
[OVERALL], RunTime(ms), 3987
[OVERALL], OP, 100000
[OVERALL], Throughput(ops/sec), 25081.514923501378
[TOTAL_GCS_PS_Scavenge], Count, 0
[TOTAL_GC_TIME_PS_Scavenge], Time(ms), 0
[TOTAL_GC_TIME_%_PS_Scavenge], Time(%), 0.0
[TOTAL_GCS_PS_MarkSweep], Count, 0
[TOTAL_GC_TIME_PS_MarkSweep], Time(ms), 0
[TOTAL_GC_TIME_%_PS_MarkSweep], Time(%), 0.0
[TOTAL_GCs], Count, 0
[TOTAL_GC_TIME], Time(ms), 0
[TOTAL_GC_TIME_%], Time(%), 0.0
[READ], Operations, 94935
[READ], AverageLatency(us), 36.15053457628904
[READ], MinLatency(us), 23
[READ], MaxLatency(us), 3261
[READ], 95thPercentileLatency(us), 50
[READ], 99thPercentileLatency(us), 59
[READ], Return=OK, 94935
[CLEANUP], Operations, 1
[CLEANUP], AverageLatency(us), 1988.0
[CLEANUP], MinLatency(us), 1988
[CLEANUP], MaxLatency(us), 1988
[CLEANUP], 95thPercentileLatency(us), 1988
[CLEANUP], 99thPercentileLatency(us), 1988
[UPDATE], Operations, 5065
[UPDATE], AverageLatency(us), 80.11154985192498
[UPDATE], MinLatency(us), 57
[UPDATE], MaxLatency(us), 3217
[UPDATE], 95thPercentileLatency(us), 105
[UPDATE], 99thPercentileLatency(us), 142
[UPDATE], Return=OK, 5065
total zerocopy send size = 0, total send size = 22838285, 0.000000
[OVERALL], RunTime(ms), 4044
[OVERALL], OP, 100000
[OVERALL], Throughput(ops/sec), 24727.99208704253
[TOTAL_GCS_PS_Scavenge], Count, 0
[TOTAL_GC_TIME_PS_Scavenge], Time(ms), 0
[TOTAL_GC_TIME_%_PS_Scavenge], Time(%), 0.0
[TOTAL_GCS_PS_MarkSweep], Count, 0
[TOTAL_GC_TIME_PS_MarkSweep], Time(ms), 0
[TOTAL_GC_TIME_%_PS_MarkSweep], Time(%), 0.0
[TOTAL_GCs], Count, 0
[TOTAL_GC_TIME], Time(ms), 0
[TOTAL_GC_TIME_%], Time(%), 0.0
[READ], Operations, 95070
[READ], AverageLatency(us), 36.774892184706005
[READ], MinLatency(us), 23
[READ], MaxLatency(us), 3275
[READ], 95thPercentileLatency(us), 53
[READ], 99thPercentileLatency(us), 71
[READ], Return=OK, 95070
[CLEANUP], Operations, 1
[CLEANUP], AverageLatency(us), 3627.0
[CLEANUP], MinLatency(us), 3626
[CLEANUP], MaxLatency(us), 3627
[CLEANUP], 95thPercentileLatency(us), 3627
[CLEANUP], 99thPercentileLatency(us), 3627
[UPDATE], Operations, 4930
[UPDATE], AverageLatency(us), 81.05436105476673
[UPDATE], MinLatency(us), 54
[UPDATE], MaxLatency(us), 529
[UPDATE], 95thPercentileLatency(us), 118
[UPDATE], 99thPercentileLatency(us), 158
[UPDATE], Return=OK, 4930
[OVERALL], RunTime(ms), 4026
[OVERALL], OP, 100000
[OVERALL], Throughput(ops/sec), 24838.549428713362
[TOTAL_GCS_PS_Scavenge], Count, 0
[TOTAL_GC_TIME_PS_Scavenge], Time(ms), 0
[TOTAL_GC_TIME_%_PS_Scavenge], Time(%), 0.0
[TOTAL_GCS_PS_MarkSweep], Count, 0
[TOTAL_GC_TIME_PS_MarkSweep], Time(ms), 0
[TOTAL_GC_TIME_%_PS_MarkSweep], Time(%), 0.0
[TOTAL_GCs], Count, 0
[TOTAL_GC_TIME], Time(ms), 0
[TOTAL_GC_TIME_%], Time(%), 0.0
[READ], Operations, 94930
[READ], AverageLatency(us), 36.55186979879912
[READ], MinLatency(us), 22
[READ], MaxLatency(us), 3253
[READ], 95thPercentileLatency(us), 49
[READ], 99thPercentileLatency(us), 60
[READ], Return=OK, 94930
[CLEANUP], Operations, 1
[CLEANUP], AverageLatency(us), 2089.0
[CLEANUP], MinLatency(us), 2088
[CLEANUP], MaxLatency(us), 2089
[CLEANUP], 95thPercentileLatency(us), 2089
[CLEANUP], 99thPercentileLatency(us), 2089
[UPDATE], Operations, 5070
[UPDATE], AverageLatency(us), 79.76587771203155
[UPDATE], MinLatency(us), 53
[UPDATE], MaxLatency(us), 497
[UPDATE], 95thPercentileLatency(us), 105
[UPDATE], 99thPercentileLatency(us), 141
[UPDATE], Return=OK, 5070
total zerocopy send size = 0, total send size = 22768129, 0.000000
[OVERALL], RunTime(ms), 4166
[OVERALL], OP, 100000
[OVERALL], Throughput(ops/sec), 24003.84061449832
[TOTAL_GCS_PS_Scavenge], Count, 0
[TOTAL_GC_TIME_PS_Scavenge], Time(ms), 0
[TOTAL_GC_TIME_%_PS_Scavenge], Time(%), 0.0
[TOTAL_GCS_PS_MarkSweep], Count, 0
[TOTAL_GC_TIME_PS_MarkSweep], Time(ms), 0
[TOTAL_GC_TIME_%_PS_MarkSweep], Time(%), 0.0
[TOTAL_GCs], Count, 0
[TOTAL_GC_TIME], Time(ms), 0
[TOTAL_GC_TIME_%], Time(%), 0.0
[READ], Operations, 94991
[READ], AverageLatency(us), 37.81371919445
[READ], MinLatency(us), 21
[READ], MaxLatency(us), 3305
[READ], 95thPercentileLatency(us), 57
[READ], 99thPercentileLatency(us), 76
[READ], Return=OK, 94991
[CLEANUP], Operations, 1
[CLEANUP], AverageLatency(us), 2361.0
[CLEANUP], MinLatency(us), 2360
[CLEANUP], MaxLatency(us), 2361
[CLEANUP], 95thPercentileLatency(us), 2361
[CLEANUP], 99thPercentileLatency(us), 2361
[UPDATE], Operations, 5009
[UPDATE], AverageLatency(us), 83.16530245557996
[UPDATE], MinLatency(us), 48
[UPDATE], MaxLatency(us), 1422
[UPDATE], 95thPercentileLatency(us), 126
[UPDATE], 99thPercentileLatency(us), 167
[UPDATE], Return=OK, 5009
