Select RDMA Busy Polling mode
Select RDMA Busy Polling mode
Select RDMA Busy Polling mode
Select RDMA Busy Polling mode
Select RDMA Busy Polling mode
Select RDMA Busy Polling mode
Select RDMA Busy Polling mode
Select RDMA Busy Polling mode
total zerocopy send size = 0, total send size = 16504452, 0.000000
[OVERALL], RunTime(ms), 4041
[OVERALL], OP, 100000
[OVERALL], Throughput(ops/sec), 24746.349913387774
[TOTAL_GCS_PS_Scavenge], Count, 0
[TOTAL_GC_TIME_PS_Scavenge], Time(ms), 0
[TOTAL_GC_TIME_%_PS_Scavenge], Time(%), 0.0
[TOTAL_GCS_PS_MarkSweep], Count, 0
[TOTAL_GC_TIME_PS_MarkSweep], Time(ms), 0
[TOTAL_GC_TIME_%_PS_MarkSweep], Time(%), 0.0
[TOTAL_GCs], Count, 0
[TOTAL_GC_TIME], Time(ms), 0
[TOTAL_GC_TIME_%], Time(%), 0.0
[READ], Operations, 100000
[READ], AverageLatency(us), 38.89538
[READ], MinLatency(us), 22
[READ], MaxLatency(us), 3711
[READ], 95thPercentileLatency(us), 56
[READ], 99thPercentileLatency(us), 68
[READ], Return=OK, 100000
[CLEANUP], Operations, 1
[CLEANUP], AverageLatency(us), 4206.0
[CLEANUP], MinLatency(us), 4204
[CLEANUP], MaxLatency(us), 4207
[CLEANUP], 95thPercentileLatency(us), 4207
[CLEANUP], 99thPercentileLatency(us), 4207
total zerocopy send size = 0, total send size = 16506407, 0.000000
[OVERALL], RunTime(ms), 4186
[OVERALL], OP, 100000
[OVERALL], Throughput(ops/sec), 23889.15432393693
[TOTAL_GCS_PS_Scavenge], Count, 0
[TOTAL_GC_TIME_PS_Scavenge], Time(ms), 0
[TOTAL_GC_TIME_%_PS_Scavenge], Time(%), 0.0
[TOTAL_GCS_PS_MarkSweep], Count, 0
[TOTAL_GC_TIME_PS_MarkSweep], Time(ms), 0
[TOTAL_GC_TIME_%_PS_MarkSweep], Time(%), 0.0
[TOTAL_GCs], Count, 0
[TOTAL_GC_TIME], Time(ms), 0
[TOTAL_GC_TIME_%], Time(%), 0.0
[READ], Operations, 100000
[READ], AverageLatency(us), 40.44595
[READ], MinLatency(us), 24
[READ], MaxLatency(us), 3723
[READ], 95thPercentileLatency(us), 58
[READ], 99thPercentileLatency(us), 70
[READ], Return=OK, 100000
[CLEANUP], Operations, 1
[CLEANUP], AverageLatency(us), 2329.0
[CLEANUP], MinLatency(us), 2328
[CLEANUP], MaxLatency(us), 2329
[CLEANUP], 95thPercentileLatency(us), 2329
[CLEANUP], 99thPercentileLatency(us), 2329
total zerocopy send size = 0, total send size = 16512967, 0.000000
[OVERALL], RunTime(ms), 4179
[OVERALL], OP, 100000
[OVERALL], Throughput(ops/sec), 23929.169657812872
[TOTAL_GCS_PS_Scavenge], Count, 0
[TOTAL_GC_TIME_PS_Scavenge], Time(ms), 0
[TOTAL_GC_TIME_%_PS_Scavenge], Time(%), 0.0
[TOTAL_GCS_PS_MarkSweep], Count, 0
[TOTAL_GC_TIME_PS_MarkSweep], Time(ms), 0
[TOTAL_GC_TIME_%_PS_MarkSweep], Time(%), 0.0
[TOTAL_GCs], Count, 0
[TOTAL_GC_TIME], Time(ms), 0
[TOTAL_GC_TIME_%], Time(%), 0.0
[READ], Operations, 100000
[READ], AverageLatency(us), 40.40836
[READ], MinLatency(us), 24
[READ], MaxLatency(us), 3691
[READ], 95thPercentileLatency(us), 58
[READ], 99thPercentileLatency(us), 71
[READ], Return=OK, 100000
[CLEANUP], Operations, 1
[CLEANUP], AverageLatency(us), 3799.0
[CLEANUP], MinLatency(us), 3798
[CLEANUP], MaxLatency(us), 3799
[CLEANUP], 95thPercentileLatency(us), 3799
[CLEANUP], 99thPercentileLatency(us), 3799
total zerocopy send size = 0, total send size = 16485377, 0.000000
[OVERALL], RunTime(ms), 4259
[OVERALL], OP, 100000
[OVERALL], Throughput(ops/sec), 23479.690068091102
[TOTAL_GCS_PS_Scavenge], Count, 0
[TOTAL_GC_TIME_PS_Scavenge], Time(ms), 0
[TOTAL_GC_TIME_%_PS_Scavenge], Time(%), 0.0
[TOTAL_GCS_PS_MarkSweep], Count, 0
[TOTAL_GC_TIME_PS_MarkSweep], Time(ms), 0
[TOTAL_GC_TIME_%_PS_MarkSweep], Time(%), 0.0
[TOTAL_GCs], Count, 0
[TOTAL_GC_TIME], Time(ms), 0
[TOTAL_GC_TIME_%], Time(%), 0.0
[READ], Operations, 100000
[READ], AverageLatency(us), 41.23475
[READ], MinLatency(us), 24
[READ], MaxLatency(us), 3777
[READ], 95thPercentileLatency(us), 59
[READ], 99thPercentileLatency(us), 72
[READ], Return=OK, 100000
[CLEANUP], Operations, 1
[CLEANUP], AverageLatency(us), 2015.0
[CLEANUP], MinLatency(us), 2015
[CLEANUP], MaxLatency(us), 2015
[CLEANUP], 95thPercentileLatency(us), 2015
[CLEANUP], 99thPercentileLatency(us), 2015
total zerocopy send size = 0, total send size = 16499953, 0.000000
total zerocopy send size = 0, total send size = 16480994, 0.000000
[OVERALL], RunTime(ms), 4401
[OVERALL], OP, 100000
[OVERALL], Throughput(ops/sec), 22722.108611679163
[TOTAL_GCS_PS_Scavenge], Count, 0
[TOTAL_GC_TIME_PS_Scavenge], Time(ms), 0
[TOTAL_GC_TIME_%_PS_Scavenge], Time(%), 0.0
[TOTAL_GCS_PS_MarkSweep], Count, 0
[TOTAL_GC_TIME_PS_MarkSweep], Time(ms), 0
[TOTAL_GC_TIME_%_PS_MarkSweep], Time(%), 0.0
[TOTAL_GCs], Count, 0
[TOTAL_GC_TIME], Time(ms), 0
[TOTAL_GC_TIME_%], Time(%), 0.0
[READ], Operations, 100000
[READ], AverageLatency(us), 42.50214
[READ], MinLatency(us), 25
[READ], MaxLatency(us), 3835
[READ], 95thPercentileLatency(us), 60
[READ], 99thPercentileLatency(us), 72
[READ], Return=OK, 100000
[CLEANUP], Operations, 1
[CLEANUP], AverageLatency(us), 3861.0
[CLEANUP], MinLatency(us), 3860
[CLEANUP], MaxLatency(us), 3861
[CLEANUP], 95thPercentileLatency(us), 3861
[CLEANUP], 99thPercentileLatency(us), 3861
total zerocopy send size = 0, total send size = 16492199, 0.000000
[OVERALL], RunTime(ms), 4398
[OVERALL], OP, 100000
[OVERALL], Throughput(ops/sec), 22737.60800363802
[TOTAL_GCS_PS_Scavenge], Count, 0
[TOTAL_GC_TIME_PS_Scavenge], Time(ms), 0
[TOTAL_GC_TIME_%_PS_Scavenge], Time(%), 0.0
[TOTAL_GCS_PS_MarkSweep], Count, 0
[TOTAL_GC_TIME_PS_MarkSweep], Time(ms), 0
[TOTAL_GC_TIME_%_PS_MarkSweep], Time(%), 0.0
[TOTAL_GCs], Count, 0
[TOTAL_GC_TIME], Time(ms), 0
[TOTAL_GC_TIME_%], Time(%), 0.0
[READ], Operations, 100000
[READ], AverageLatency(us), 42.52498
[READ], MinLatency(us), 25
[READ], MaxLatency(us), 3741
[READ], 95thPercentileLatency(us), 60
[READ], 99thPercentileLatency(us), 73
[READ], Return=OK, 100000
[CLEANUP], Operations, 1
[CLEANUP], AverageLatency(us), 2519.0
[CLEANUP], MinLatency(us), 2518
[CLEANUP], MaxLatency(us), 2519
[CLEANUP], 95thPercentileLatency(us), 2519
[CLEANUP], 99thPercentileLatency(us), 2519
[OVERALL], RunTime(ms), 4362
[OVERALL], OP, 100000
[OVERALL], Throughput(ops/sec), 22925.263640531866
[TOTAL_GCS_PS_Scavenge], Count, 0
[TOTAL_GC_TIME_PS_Scavenge], Time(ms), 0
[TOTAL_GC_TIME_%_PS_Scavenge], Time(%), 0.0
[TOTAL_GCS_PS_MarkSweep], Count, 0
[TOTAL_GC_TIME_PS_MarkSweep], Time(ms), 0
[TOTAL_GC_TIME_%_PS_MarkSweep], Time(%), 0.0
[TOTAL_GCs], Count, 0
[TOTAL_GC_TIME], Time(ms), 0
[TOTAL_GC_TIME_%], Time(%), 0.0
[READ], Operations, 100000
[READ], AverageLatency(us), 42.18038
[READ], MinLatency(us), 23
[READ], MaxLatency(us), 3669
[READ], 95thPercentileLatency(us), 60
[READ], 99thPercentileLatency(us), 73
[READ], Return=OK, 100000
[CLEANUP], Operations, 1
[CLEANUP], AverageLatency(us), 2135.0
[CLEANUP], MinLatency(us), 2134
[CLEANUP], MaxLatency(us), 2135
[CLEANUP], 95thPercentileLatency(us), 2135
[CLEANUP], 99thPercentileLatency(us), 2135
total zerocopy send size = 0, total send size = 16502210, 0.000000
[OVERALL], RunTime(ms), 4743
[OVERALL], OP, 100000
[OVERALL], Throughput(ops/sec), 21083.70229812355
[TOTAL_GCS_PS_Scavenge], Count, 0
[TOTAL_GC_TIME_PS_Scavenge], Time(ms), 0
[TOTAL_GC_TIME_%_PS_Scavenge], Time(%), 0.0
[TOTAL_GCS_PS_MarkSweep], Count, 0
[TOTAL_GC_TIME_PS_MarkSweep], Time(ms), 0
[TOTAL_GC_TIME_%_PS_MarkSweep], Time(%), 0.0
[TOTAL_GCs], Count, 0
[TOTAL_GC_TIME], Time(ms), 0
[TOTAL_GC_TIME_%], Time(%), 0.0
[READ], Operations, 100000
[READ], AverageLatency(us), 45.9591
[READ], MinLatency(us), 21
[READ], MaxLatency(us), 3739
[READ], 95thPercentileLatency(us), 66
[READ], 99thPercentileLatency(us), 83
[READ], Return=OK, 100000
[CLEANUP], Operations, 1
[CLEANUP], AverageLatency(us), 2255.0
[CLEANUP], MinLatency(us), 2254
[CLEANUP], MaxLatency(us), 2255
[CLEANUP], 95thPercentileLatency(us), 2255
[CLEANUP], 99thPercentileLatency(us), 2255
