Select RDMA Busy Polling mode
Select RDMA Busy Polling mode
Select RDMA Busy Polling mode
Select RDMA Busy Polling mode
Select RDMA Busy Polling mode
Select RDMA Busy Polling mode
Select RDMA Busy Polling mode
Select RDMA Busy Polling mode
total zerocopy send size = 0, total send size = 84487723, 0.000000
[OVERALL], RunTime(ms), 9954
[OVERALL], OP, 100000
[OVERALL], Throughput(ops/sec), 10046.212577858147
[TOTAL_GCS_PS_Scavenge], Count, 1
[TOTAL_GC_TIME_PS_Scavenge], Time(ms), 43
[TOTAL_GC_TIME_%_PS_Scavenge], Time(%), 0.43198714084790035
[TOTAL_GCS_PS_MarkSweep], Count, 0
[TOTAL_GC_TIME_PS_MarkSweep], Time(ms), 0
[TOTAL_GC_TIME_%_PS_MarkSweep], Time(%), 0.0
[TOTAL_GCs], Count, 1
[TOTAL_GC_TIME], Time(ms), 43
[TOTAL_GC_TIME_%], Time(%), 0.43198714084790035
[READ], Operations, 100000
[READ], AverageLatency(us), 46.23298
[READ], MinLatency(us), 23
[READ], MaxLatency(us), 44223
[READ], 95thPercentileLatency(us), 68
[READ], 99thPercentileLatency(us), 87
[READ], Return=OK, 100000
[READ-MODIFY-WRITE], Operations, 50185
[READ-MODIFY-WRITE], AverageLatency(us), 148.95040350702402
[READ-MODIFY-WRITE], MinLatency(us), 82
[READ-MODIFY-WRITE], MaxLatency(us), 7191
[READ-MODIFY-WRITE], 95thPercentileLatency(us), 221
[READ-MODIFY-WRITE], 99thPercentileLatency(us), 295
[CLEANUP], Operations, 1
[CLEANUP], AverageLatency(us), 5346.0
[CLEANUP], MinLatency(us), 5344
[CLEANUP], MaxLatency(us), 5347
[CLEANUP], 95thPercentileLatency(us), 5347
[CLEANUP], 99thPercentileLatency(us), 5347
[UPDATE], Operations, 50185
[UPDATE], AverageLatency(us), 101.95859320514097
[UPDATE], MinLatency(us), 53
[UPDATE], MaxLatency(us), 7131
[UPDATE], 95thPercentileLatency(us), 165
[UPDATE], 99thPercentileLatency(us), 233
[UPDATE], Return=OK, 50185
total zerocopy send size = 0, total send size = 84326894, 0.000000
[OVERALL], RunTime(ms), 10205
[OVERALL], OP, 100000
[OVERALL], Throughput(ops/sec), 9799.118079372856
[TOTAL_GCS_PS_Scavenge], Count, 1
[TOTAL_GC_TIME_PS_Scavenge], Time(ms), 10
[TOTAL_GC_TIME_%_PS_Scavenge], Time(%), 0.09799118079372857
[TOTAL_GCS_PS_MarkSweep], Count, 0
[TOTAL_GC_TIME_PS_MarkSweep], Time(ms), 0
[TOTAL_GC_TIME_%_PS_MarkSweep], Time(%), 0.0
[TOTAL_GCs], Count, 1
[TOTAL_GC_TIME], Time(ms), 10
[TOTAL_GC_TIME_%], Time(%), 0.09799118079372857
[READ], Operations, 100000
[READ], AverageLatency(us), 47.08877
[READ], MinLatency(us), 25
[READ], MaxLatency(us), 1548
[READ], 95thPercentileLatency(us), 69
[READ], 99thPercentileLatency(us), 88
[READ], Return=OK, 100000
[READ-MODIFY-WRITE], Operations, 50068
[READ-MODIFY-WRITE], AverageLatency(us), 153.9424183110969
[READ-MODIFY-WRITE], MinLatency(us), 86
[READ-MODIFY-WRITE], MaxLatency(us), 50879
[READ-MODIFY-WRITE], 95thPercentileLatency(us), 225
[READ-MODIFY-WRITE], 99thPercentileLatency(us), 299
[CLEANUP], Operations, 1
[CLEANUP], AverageLatency(us), 2395.0
[CLEANUP], MinLatency(us), 2394
[CLEANUP], MaxLatency(us), 2395
[CLEANUP], 95thPercentileLatency(us), 2395
[CLEANUP], 99thPercentileLatency(us), 2395
[UPDATE], Operations, 50068
[UPDATE], AverageLatency(us), 105.6859071662539
[UPDATE], MinLatency(us), 54
[UPDATE], MaxLatency(us), 50175
[UPDATE], 95thPercentileLatency(us), 167
[UPDATE], 99thPercentileLatency(us), 236
[UPDATE], Return=OK, 50068
total zerocopy send size = 0, total send size = 84283061, 0.000000
[OVERALL], RunTime(ms), 10508
[OVERALL], OP, 100000
[OVERALL], Throughput(ops/sec), 9516.55881233346
[TOTAL_GCS_PS_Scavenge], Count, 1
[TOTAL_GC_TIME_PS_Scavenge], Time(ms), 12
[TOTAL_GC_TIME_%_PS_Scavenge], Time(%), 0.11419870574800152
[TOTAL_GCS_PS_MarkSweep], Count, 0
[TOTAL_GC_TIME_PS_MarkSweep], Time(ms), 0
[TOTAL_GC_TIME_%_PS_MarkSweep], Time(%), 0.0
[TOTAL_GCs], Count, 1
[TOTAL_GC_TIME], Time(ms), 12
[TOTAL_GC_TIME_%], Time(%), 0.11419870574800152
[READ], Operations, 100000
[READ], AverageLatency(us), 49.01975
[READ], MinLatency(us), 25
[READ], MaxLatency(us), 7403
[READ], 95thPercentileLatency(us), 73
[READ], 99thPercentileLatency(us), 94
[READ], Return=OK, 100000
[READ-MODIFY-WRITE], Operations, 50028
[READ-MODIFY-WRITE], AverageLatency(us), 158.12784840489326
[READ-MODIFY-WRITE], MinLatency(us), 88
[READ-MODIFY-WRITE], MaxLatency(us), 13679
[READ-MODIFY-WRITE], 95thPercentileLatency(us), 233
[READ-MODIFY-WRITE], 99thPercentileLatency(us), 306
[CLEANUP], Operations, 1
[CLEANUP], AverageLatency(us), 5006.0
[CLEANUP], MinLatency(us), 5004
[CLEANUP], MaxLatency(us), 5007
[CLEANUP], 95thPercentileLatency(us), 5007
[CLEANUP], 99thPercentileLatency(us), 5007
[UPDATE], Operations, 50028
[UPDATE], AverageLatency(us), 107.83241384824498
[UPDATE], MinLatency(us), 56
[UPDATE], MaxLatency(us), 12983
[UPDATE], 95thPercentileLatency(us), 171
[UPDATE], 99thPercentileLatency(us), 240
[UPDATE], Return=OK, 50028
total zerocopy send size = 0, total send size = 84590180, 0.000000
[OVERALL], RunTime(ms), 10594
[OVERALL], OP, 100000
[OVERALL], Throughput(ops/sec), 9439.305267132338
[TOTAL_GCS_PS_Scavenge], Count, 1
[TOTAL_GC_TIME_PS_Scavenge], Time(ms), 10
[TOTAL_GC_TIME_%_PS_Scavenge], Time(%), 0.09439305267132339
[TOTAL_GCS_PS_MarkSweep], Count, 0
[TOTAL_GC_TIME_PS_MarkSweep], Time(ms), 0
[TOTAL_GC_TIME_%_PS_MarkSweep], Time(%), 0.0
[TOTAL_GCs], Count, 1
[TOTAL_GC_TIME], Time(ms), 10
[TOTAL_GC_TIME_%], Time(%), 0.09439305267132339
[READ], Operations, 100000
[READ], AverageLatency(us), 49.94529
[READ], MinLatency(us), 25
[READ], MaxLatency(us), 203391
[READ], 95thPercentileLatency(us), 69
[READ], 99thPercentileLatency(us), 87
[READ], Return=OK, 100000
[READ-MODIFY-WRITE], Operations, 50263
[READ-MODIFY-WRITE], AverageLatency(us), 159.49831884288642
[READ-MODIFY-WRITE], MinLatency(us), 85
[READ-MODIFY-WRITE], MaxLatency(us), 217087
[READ-MODIFY-WRITE], 95thPercentileLatency(us), 221
[READ-MODIFY-WRITE], 99thPercentileLatency(us), 298
[CLEANUP], Operations, 1
[CLEANUP], AverageLatency(us), 1923.0
[CLEANUP], MinLatency(us), 1923
[CLEANUP], MaxLatency(us), 1923
[CLEANUP], 95thPercentileLatency(us), 1923
[CLEANUP], 99thPercentileLatency(us), 1923
[UPDATE], Operations, 50263
[UPDATE], AverageLatency(us), 107.28092234844716
[UPDATE], MinLatency(us), 54
[UPDATE], MaxLatency(us), 216703
[UPDATE], 95thPercentileLatency(us), 164
[UPDATE], 99thPercentileLatency(us), 234
[UPDATE], Return=OK, 50263
total zerocopy send size = 0, total send size = 84388045, 0.000000
[OVERALL], RunTime(ms), 10769
[OVERALL], OP, 100000
[OVERALL], Throughput(ops/sec), 9285.913269570063
[TOTAL_GCS_PS_Scavenge], Count, 1
[TOTAL_GC_TIME_PS_Scavenge], Time(ms), 11
[TOTAL_GC_TIME_%_PS_Scavenge], Time(%), 0.10214504596527069
[TOTAL_GCS_PS_MarkSweep], Count, 0
[TOTAL_GC_TIME_PS_MarkSweep], Time(ms), 0
[TOTAL_GC_TIME_%_PS_MarkSweep], Time(%), 0.0
[TOTAL_GCs], Count, 1
[TOTAL_GC_TIME], Time(ms), 11
[TOTAL_GC_TIME_%], Time(%), 0.10214504596527069
[READ], Operations, 100000
[READ], AverageLatency(us), 51.70819
[READ], MinLatency(us), 25
[READ], MaxLatency(us), 4991
[READ], 95thPercentileLatency(us), 81
[READ], 99thPercentileLatency(us), 103
[READ], Return=OK, 100000
[READ-MODIFY-WRITE], Operations, 50114
[READ-MODIFY-WRITE], AverageLatency(us), 160.36309214989822
[READ-MODIFY-WRITE], MinLatency(us), 85
[READ-MODIFY-WRITE], MaxLatency(us), 12127
[READ-MODIFY-WRITE], 95thPercentileLatency(us), 236
[READ-MODIFY-WRITE], 99thPercentileLatency(us), 310
[CLEANUP], Operations, 1
[CLEANUP], AverageLatency(us), 2459.0
[CLEANUP], MinLatency(us), 2458
[CLEANUP], MaxLatency(us), 2459
[CLEANUP], 95thPercentileLatency(us), 2459
[CLEANUP], 99thPercentileLatency(us), 2459
[UPDATE], Operations, 50114
[UPDATE], AverageLatency(us), 107.53643692381371
[UPDATE], MinLatency(us), 54
[UPDATE], MaxLatency(us), 11639
[UPDATE], 95thPercentileLatency(us), 168
[UPDATE], 99thPercentileLatency(us), 239
[UPDATE], Return=OK, 50114
total zerocopy send size = 0, total send size = 84292583, 0.000000
[OVERALL], RunTime(ms), 10913
[OVERALL], OP, 100000
[OVERALL], Throughput(ops/sec), 9163.383121048291
[TOTAL_GCS_PS_Scavenge], Count, 1
[TOTAL_GC_TIME_PS_Scavenge], Time(ms), 19
[TOTAL_GC_TIME_%_PS_Scavenge], Time(%), 0.17410427929991754
[TOTAL_GCS_PS_MarkSweep], Count, 0
[TOTAL_GC_TIME_PS_MarkSweep], Time(ms), 0
[TOTAL_GC_TIME_%_PS_MarkSweep], Time(%), 0.0
[TOTAL_GCs], Count, 1
[TOTAL_GC_TIME], Time(ms), 19
[TOTAL_GC_TIME_%], Time(%), 0.17410427929991754
[READ], Operations, 100000
[READ], AverageLatency(us), 51.88677
[READ], MinLatency(us), 26
[READ], MaxLatency(us), 6943
[READ], 95thPercentileLatency(us), 80
[READ], 99thPercentileLatency(us), 104
[READ], Return=OK, 100000
[READ-MODIFY-WRITE], Operations, 50041
[READ-MODIFY-WRITE], AverageLatency(us), 163.14380208229252
[READ-MODIFY-WRITE], MinLatency(us), 88
[READ-MODIFY-WRITE], MaxLatency(us), 21327
[READ-MODIFY-WRITE], 95thPercentileLatency(us), 243
[READ-MODIFY-WRITE], 99thPercentileLatency(us), 319
[CLEANUP], Operations, 1
[CLEANUP], AverageLatency(us), 5466.0
[CLEANUP], MinLatency(us), 5464
[CLEANUP], MaxLatency(us), 5467
[CLEANUP], 95thPercentileLatency(us), 5467
[CLEANUP], 99thPercentileLatency(us), 5467
[UPDATE], Operations, 50041
[UPDATE], AverageLatency(us), 110.01890449831139
[UPDATE], MinLatency(us), 55
[UPDATE], MaxLatency(us), 20415
[UPDATE], 95thPercentileLatency(us), 174
[UPDATE], 99thPercentileLatency(us), 247
[UPDATE], Return=OK, 50041
total zerocopy send size = 0, total send size = 84131519, 0.000000
[OVERALL], RunTime(ms), 10942
[OVERALL], OP, 100000
[OVERALL], Throughput(ops/sec), 9139.097057210747
[TOTAL_GCS_PS_Scavenge], Count, 1
[TOTAL_GC_TIME_PS_Scavenge], Time(ms), 16
[TOTAL_GC_TIME_%_PS_Scavenge], Time(%), 0.14622555291537195
[TOTAL_GCS_PS_MarkSweep], Count, 0
[TOTAL_GC_TIME_PS_MarkSweep], Time(ms), 0
[TOTAL_GC_TIME_%_PS_MarkSweep], Time(%), 0.0
[TOTAL_GCs], Count, 1
[TOTAL_GC_TIME], Time(ms), 16
[TOTAL_GC_TIME_%], Time(%), 0.14622555291537195
[READ], Operations, 100000
[READ], AverageLatency(us), 50.6276
[READ], MinLatency(us), 26
[READ], MaxLatency(us), 165631
[READ], 95thPercentileLatency(us), 72
[READ], 99thPercentileLatency(us), 91
[READ], Return=OK, 100000
[READ-MODIFY-WRITE], Operations, 49911
[READ-MODIFY-WRITE], AverageLatency(us), 163.54595179419366
[READ-MODIFY-WRITE], MinLatency(us), 86
[READ-MODIFY-WRITE], MaxLatency(us), 285439
[READ-MODIFY-WRITE], 95thPercentileLatency(us), 231
[READ-MODIFY-WRITE], 99thPercentileLatency(us), 304
[CLEANUP], Operations, 1
[CLEANUP], AverageLatency(us), 3009.0
[CLEANUP], MinLatency(us), 3008
[CLEANUP], MaxLatency(us), 3009
[CLEANUP], 95thPercentileLatency(us), 3009
[CLEANUP], 99thPercentileLatency(us), 3009
[UPDATE], Operations, 49911
[UPDATE], AverageLatency(us), 113.51842279257077
[UPDATE], MinLatency(us), 55
[UPDATE], MaxLatency(us), 284415
[UPDATE], 95thPercentileLatency(us), 171
[UPDATE], 99thPercentileLatency(us), 240
[UPDATE], Return=OK, 49911
total zerocopy send size = 0, total send size = 84048988, 0.000000
[OVERALL], RunTime(ms), 11081
[OVERALL], OP, 100000
[OVERALL], Throughput(ops/sec), 9024.45627650934
[TOTAL_GCS_PS_Scavenge], Count, 1
[TOTAL_GC_TIME_PS_Scavenge], Time(ms), 14
[TOTAL_GC_TIME_%_PS_Scavenge], Time(%), 0.12634238787113075
[TOTAL_GCS_PS_MarkSweep], Count, 0
[TOTAL_GC_TIME_PS_MarkSweep], Time(ms), 0
[TOTAL_GC_TIME_%_PS_MarkSweep], Time(%), 0.0
[TOTAL_GCs], Count, 1
[TOTAL_GC_TIME], Time(ms), 14
[TOTAL_GC_TIME_%], Time(%), 0.12634238787113075
[READ], Operations, 100000
[READ], AverageLatency(us), 53.14765
[READ], MinLatency(us), 21
[READ], MaxLatency(us), 14527
[READ], 95thPercentileLatency(us), 82
[READ], 99thPercentileLatency(us), 105
[READ], Return=OK, 100000
[READ-MODIFY-WRITE], Operations, 49856
[READ-MODIFY-WRITE], AverageLatency(us), 166.1867578626444
[READ-MODIFY-WRITE], MinLatency(us), 71
[READ-MODIFY-WRITE], MaxLatency(us), 15535
[READ-MODIFY-WRITE], 95thPercentileLatency(us), 247
[READ-MODIFY-WRITE], 99thPercentileLatency(us), 319
[CLEANUP], Operations, 1
[CLEANUP], AverageLatency(us), 2293.0
[CLEANUP], MinLatency(us), 2292
[CLEANUP], MaxLatency(us), 2293
[CLEANUP], 95thPercentileLatency(us), 2293
[CLEANUP], 99thPercentileLatency(us), 2293
[UPDATE], Operations, 49856
[UPDATE], AverageLatency(us), 111.4968910462131
[UPDATE], MinLatency(us), 46
[UPDATE], MaxLatency(us), 7295
[UPDATE], 95thPercentileLatency(us), 176
[UPDATE], 99thPercentileLatency(us), 244
[UPDATE], Return=OK, 49856
