Select TCP mode
Select TCP mode
Select TCP mode
Select TCP mode
Select TCP mode
Select TCP mode
Select TCP mode
Select TCP mode
Select TCP mode
Select TCP mode
Select TCP mode
Select TCP mode
Select TCP mode
Select TCP mode
Select TCP mode
Select TCP mode
[OVERALL], RunTime(ms), 10278
[OVERALL], OP, 100000
[OVERALL], Throughput(ops/sec), 9729.51936174353
[TOTAL_GCS_PS_Scavenge], Count, 0
[TOTAL_GC_TIME_PS_Scavenge], Time(ms), 0
[TOTAL_GC_TIME_%_PS_Scavenge], Time(%), 0.0
[TOTAL_GCS_PS_MarkSweep], Count, 0
[TOTAL_GC_TIME_PS_MarkSweep], Time(ms), 0
[TOTAL_GC_TIME_%_PS_MarkSweep], Time(%), 0.0
[TOTAL_GCs], Count, 0
[TOTAL_GC_TIME], Time(ms), 0
[TOTAL_GC_TIME_%], Time(%), 0.0
[READ], Operations, 95085
[READ], AverageLatency(us), 95.63558920965453
[READ], MinLatency(us), 62
[READ], MaxLatency(us), 9567
[READ], 95thPercentileLatency(us), 127
[READ], 99thPercentileLatency(us), 165
[READ], Return=OK, 95085
[CLEANUP], Operations, 1
[CLEANUP], AverageLatency(us), 843.0
[CLEANUP], MinLatency(us), 843
[CLEANUP], MaxLatency(us), 843
[CLEANUP], 95thPercentileLatency(us), 843
[CLEANUP], 99thPercentileLatency(us), 843
[UPDATE], Operations, 4915
[UPDATE], AverageLatency(us), 200.17171922685657
[UPDATE], MinLatency(us), 138
[UPDATE], MaxLatency(us), 8679
[UPDATE], 95thPercentileLatency(us), 252
[UPDATE], 99thPercentileLatency(us), 340
[UPDATE], Return=OK, 4915
[OVERALL], RunTime(ms), 10715
[OVERALL], OP, 100000
[OVERALL], Throughput(ops/sec), 9332.711152589827
[TOTAL_GCS_PS_Scavenge], Count, 0
[TOTAL_GC_TIME_PS_Scavenge], Time(ms), 0
[TOTAL_GC_TIME_%_PS_Scavenge], Time(%), 0.0
[TOTAL_GCS_PS_MarkSweep], Count, 0
[TOTAL_GC_TIME_PS_MarkSweep], Time(ms), 0
[TOTAL_GC_TIME_%_PS_MarkSweep], Time(%), 0.0
[TOTAL_GCs], Count, 0
[TOTAL_GC_TIME], Time(ms), 0
[TOTAL_GC_TIME_%], Time(%), 0.0
[READ], Operations, 95048
[READ], AverageLatency(us), 99.76349844289201
[READ], MinLatency(us), 59
[READ], MaxLatency(us), 8999
[READ], 95thPercentileLatency(us), 132
[READ], 99thPercentileLatency(us), 172
[READ], Return=OK, 95048
[CLEANUP], Operations, 1
[CLEANUP], AverageLatency(us), 787.0
[CLEANUP], MinLatency(us), 787
[CLEANUP], MaxLatency(us), 787
[CLEANUP], 95thPercentileLatency(us), 787
[CLEANUP], 99thPercentileLatency(us), 787
[UPDATE], Operations, 4952
[UPDATE], AverageLatency(us), 208.202746365105
[UPDATE], MinLatency(us), 142
[UPDATE], MaxLatency(us), 8631
[UPDATE], 95thPercentileLatency(us), 258
[UPDATE], 99thPercentileLatency(us), 324
[UPDATE], Return=OK, 4952
[OVERALL], RunTime(ms), 10757
[OVERALL], OP, 100000
[OVERALL], Throughput(ops/sec), 9296.272194849866
[TOTAL_GCS_PS_Scavenge], Count, 0
[TOTAL_GC_TIME_PS_Scavenge], Time(ms), 0
[TOTAL_GC_TIME_%_PS_Scavenge], Time(%), 0.0
[TOTAL_GCS_PS_MarkSweep], Count, 0
[TOTAL_GC_TIME_PS_MarkSweep], Time(ms), 0
[TOTAL_GC_TIME_%_PS_MarkSweep], Time(%), 0.0
[TOTAL_GCs], Count, 0
[TOTAL_GC_TIME], Time(ms), 0
[TOTAL_GC_TIME_%], Time(%), 0.0
[READ], Operations, 95080
[READ], AverageLatency(us), 100.23695835086244
[READ], MinLatency(us), 66
[READ], MaxLatency(us), 9303
[READ], 95thPercentileLatency(us), 130
[READ], 99thPercentileLatency(us), 169
[READ], Return=OK, 95080
[CLEANUP], Operations, 1
[CLEANUP], AverageLatency(us), 842.0
[CLEANUP], MinLatency(us), 842
[CLEANUP], MaxLatency(us), 842
[CLEANUP], 95thPercentileLatency(us), 842
[CLEANUP], 99thPercentileLatency(us), 842
[UPDATE], Operations, 4920
[UPDATE], AverageLatency(us), 209.2829268292683
[UPDATE], MinLatency(us), 150
[UPDATE], MaxLatency(us), 1406
[UPDATE], 95thPercentileLatency(us), 262
[UPDATE], 99thPercentileLatency(us), 350
[UPDATE], Return=OK, 4920
[OVERALL], RunTime(ms), 10824
[OVERALL], OP, 100000
[OVERALL], Throughput(ops/sec), 9238.728750923872
[TOTAL_GCS_PS_Scavenge], Count, 0
[TOTAL_GC_TIME_PS_Scavenge], Time(ms), 0
[TOTAL_GC_TIME_%_PS_Scavenge], Time(%), 0.0
[TOTAL_GCS_PS_MarkSweep], Count, 0
[TOTAL_GC_TIME_PS_MarkSweep], Time(ms), 0
[TOTAL_GC_TIME_%_PS_MarkSweep], Time(%), 0.0
[TOTAL_GCs], Count, 0
[TOTAL_GC_TIME], Time(ms), 0
[TOTAL_GC_TIME_%], Time(%), 0.0
[READ], Operations, 95062
[READ], AverageLatency(us), 100.73830763080937
[READ], MinLatency(us), 66
[READ], MaxLatency(us), 8735
[READ], 95thPercentileLatency(us), 129
[READ], 99thPercentileLatency(us), 164
[READ], Return=OK, 95062
[CLEANUP], Operations, 1
[CLEANUP], AverageLatency(us), 554.0
[CLEANUP], MinLatency(us), 554
[CLEANUP], MaxLatency(us), 554
[CLEANUP], 95thPercentileLatency(us), 554
[CLEANUP], 99thPercentileLatency(us), 554
[UPDATE], Operations, 4938
[UPDATE], AverageLatency(us), 212.7201296071284
[UPDATE], MinLatency(us), 151
[UPDATE], MaxLatency(us), 9247
[UPDATE], 95thPercentileLatency(us), 260
[UPDATE], 99thPercentileLatency(us), 355
[UPDATE], Return=OK, 4938
[OVERALL], RunTime(ms), 11024
[OVERALL], OP, 100000
[OVERALL], Throughput(ops/sec), 9071.117561683599
[TOTAL_GCS_PS_Scavenge], Count, 0
[TOTAL_GC_TIME_PS_Scavenge], Time(ms), 0
[TOTAL_GC_TIME_%_PS_Scavenge], Time(%), 0.0
[TOTAL_GCS_PS_MarkSweep], Count, 0
[TOTAL_GC_TIME_PS_MarkSweep], Time(ms), 0
[TOTAL_GC_TIME_%_PS_MarkSweep], Time(%), 0.0
[TOTAL_GCs], Count, 0
[TOTAL_GC_TIME], Time(ms), 0
[TOTAL_GC_TIME_%], Time(%), 0.0
[READ], Operations, 95054
[READ], AverageLatency(us), 102.70699812738023
[READ], MinLatency(us), 65
[READ], MaxLatency(us), 8815
[READ], 95thPercentileLatency(us), 134
[READ], 99thPercentileLatency(us), 172
[READ], Return=OK, 95054
[CLEANUP], Operations, 1
[CLEANUP], AverageLatency(us), 1037.0
[CLEANUP], MinLatency(us), 1037
[CLEANUP], MaxLatency(us), 1037
[CLEANUP], 95thPercentileLatency(us), 1037
[CLEANUP], 99thPercentileLatency(us), 1037
[UPDATE], Operations, 4946
[UPDATE], AverageLatency(us), 213.5238576627578
[UPDATE], MinLatency(us), 147
[UPDATE], MaxLatency(us), 3915
[UPDATE], 95thPercentileLatency(us), 266
[UPDATE], 99thPercentileLatency(us), 363
[UPDATE], Return=OK, 4946
[OVERALL], RunTime(ms), 11187
[OVERALL], OP, 100000
[OVERALL], Throughput(ops/sec), 8938.946992044337
[TOTAL_GCS_PS_Scavenge], Count, 0
[TOTAL_GC_TIME_PS_Scavenge], Time(ms), 0
[TOTAL_GC_TIME_%_PS_Scavenge], Time(%), 0.0
[TOTAL_GCS_PS_MarkSweep], Count, 0
[TOTAL_GC_TIME_PS_MarkSweep], Time(ms), 0
[TOTAL_GC_TIME_%_PS_MarkSweep], Time(%), 0.0
[TOTAL_GCs], Count, 0
[TOTAL_GC_TIME], Time(ms), 0
[TOTAL_GC_TIME_%], Time(%), 0.0
[READ], Operations, 94964
[READ], AverageLatency(us), 104.38439829830251
[READ], MinLatency(us), 69
[READ], MaxLatency(us), 9439
[READ], 95thPercentileLatency(us), 138
[READ], 99thPercentileLatency(us), 175
[READ], Return=OK, 94964
[CLEANUP], Operations, 1
[CLEANUP], AverageLatency(us), 641.0
[CLEANUP], MinLatency(us), 641
[CLEANUP], MaxLatency(us), 641
[CLEANUP], 95thPercentileLatency(us), 641
[CLEANUP], 99thPercentileLatency(us), 641
[UPDATE], Operations, 5036
[UPDATE], AverageLatency(us), 215.73550436854646
[UPDATE], MinLatency(us), 149
[UPDATE], MaxLatency(us), 904
[UPDATE], 95thPercentileLatency(us), 273
[UPDATE], 99thPercentileLatency(us), 377
[UPDATE], Return=OK, 5036
[OVERALL], RunTime(ms), 11200
[OVERALL], OP, 100000
[OVERALL], Throughput(ops/sec), 8928.57142857143
[TOTAL_GCS_PS_Scavenge], Count, 0
[TOTAL_GC_TIME_PS_Scavenge], Time(ms), 0
[TOTAL_GC_TIME_%_PS_Scavenge], Time(%), 0.0
[TOTAL_GCS_PS_MarkSweep], Count, 0
[TOTAL_GC_TIME_PS_MarkSweep], Time(ms), 0
[TOTAL_GC_TIME_%_PS_MarkSweep], Time(%), 0.0
[TOTAL_GCs], Count, 0
[TOTAL_GC_TIME], Time(ms), 0
[TOTAL_GC_TIME_%], Time(%), 0.0
[READ], Operations, 95032
[READ], AverageLatency(us), 104.46228638774308
[READ], MinLatency(us), 70
[READ], MaxLatency(us), 8935
[READ], 95thPercentileLatency(us), 136
[READ], 99thPercentileLatency(us), 176
[READ], Return=OK, 95032
[CLEANUP], Operations, 1
[CLEANUP], AverageLatency(us), 674.0
[CLEANUP], MinLatency(us), 674
[CLEANUP], MaxLatency(us), 674
[CLEANUP], 95thPercentileLatency(us), 674
[CLEANUP], 99thPercentileLatency(us), 674
[UPDATE], Operations, 4968
[UPDATE], AverageLatency(us), 218.88385668276973
[UPDATE], MinLatency(us), 154
[UPDATE], MaxLatency(us), 6687
[UPDATE], 95thPercentileLatency(us), 272
[UPDATE], 99thPercentileLatency(us), 368
[UPDATE], Return=OK, 4968
[OVERALL], RunTime(ms), 11326
[OVERALL], OP, 100000
[OVERALL], Throughput(ops/sec), 8829.242450997705
[TOTAL_GCS_PS_Scavenge], Count, 0
[TOTAL_GC_TIME_PS_Scavenge], Time(ms), 0
[TOTAL_GC_TIME_%_PS_Scavenge], Time(%), 0.0
[TOTAL_GCS_PS_MarkSweep], Count, 0
[TOTAL_GC_TIME_PS_MarkSweep], Time(ms), 0
[TOTAL_GC_TIME_%_PS_MarkSweep], Time(%), 0.0
[TOTAL_GCs], Count, 0
[TOTAL_GC_TIME], Time(ms), 0
[TOTAL_GC_TIME_%], Time(%), 0.0
[READ], Operations, 95018
[READ], AverageLatency(us), 105.72439958744658
[READ], MinLatency(us), 70
[READ], MaxLatency(us), 9711
[READ], 95thPercentileLatency(us), 138
[READ], 99thPercentileLatency(us), 176
[READ], Return=OK, 95018
[CLEANUP], Operations, 1
[CLEANUP], AverageLatency(us), 1006.0
[CLEANUP], MinLatency(us), 1006
[CLEANUP], MaxLatency(us), 1006
[CLEANUP], 95thPercentileLatency(us), 1006
[CLEANUP], 99thPercentileLatency(us), 1006
[UPDATE], Operations, 4982
[UPDATE], AverageLatency(us), 218.41629867523082
[UPDATE], MinLatency(us), 157
[UPDATE], MaxLatency(us), 719
[UPDATE], 95thPercentileLatency(us), 273
[UPDATE], 99thPercentileLatency(us), 363
[UPDATE], Return=OK, 4982
[OVERALL], RunTime(ms), 11331
[OVERALL], OP, 100000
[OVERALL], Throughput(ops/sec), 8825.346394845998
[TOTAL_GCS_PS_Scavenge], Count, 0
[TOTAL_GC_TIME_PS_Scavenge], Time(ms), 0
[TOTAL_GC_TIME_%_PS_Scavenge], Time(%), 0.0
[TOTAL_GCS_PS_MarkSweep], Count, 0
[TOTAL_GC_TIME_PS_MarkSweep], Time(ms), 0
[TOTAL_GC_TIME_%_PS_MarkSweep], Time(%), 0.0
[TOTAL_GCs], Count, 0
[TOTAL_GC_TIME], Time(ms), 0
[TOTAL_GC_TIME_%], Time(%), 0.0
[READ], Operations, 94944
[READ], AverageLatency(us), 105.62607431749241
[READ], MinLatency(us), 72
[READ], MaxLatency(us), 9223
[READ], 95thPercentileLatency(us), 138
[READ], 99thPercentileLatency(us), 179
[READ], Return=OK, 94944
[CLEANUP], Operations, 1
[CLEANUP], AverageLatency(us), 705.0
[CLEANUP], MinLatency(us), 705
[CLEANUP], MaxLatency(us), 705
[CLEANUP], 95thPercentileLatency(us), 705
[CLEANUP], 99thPercentileLatency(us), 705
[UPDATE], Operations, 5056
[UPDATE], AverageLatency(us), 220.57258702531647
[UPDATE], MinLatency(us), 161
[UPDATE], MaxLatency(us), 9287
[UPDATE], 95thPercentileLatency(us), 278
[UPDATE], 99thPercentileLatency(us), 367
[UPDATE], Return=OK, 5056
[OVERALL], RunTime(ms), 11373
[OVERALL], OP, 100000
[OVERALL], Throughput(ops/sec), 8792.754770069463
[TOTAL_GCS_PS_Scavenge], Count, 0
[TOTAL_GC_TIME_PS_Scavenge], Time(ms), 0
[TOTAL_GC_TIME_%_PS_Scavenge], Time(%), 0.0
[TOTAL_GCS_PS_MarkSweep], Count, 0
[TOTAL_GC_TIME_PS_MarkSweep], Time(ms), 0
[TOTAL_GC_TIME_%_PS_MarkSweep], Time(%), 0.0
[TOTAL_GCs], Count, 0
[TOTAL_GC_TIME], Time(ms), 0
[TOTAL_GC_TIME_%], Time(%), 0.0
[READ], Operations, 95024
[READ], AverageLatency(us), 105.8539000673514
[READ], MinLatency(us), 71
[READ], MaxLatency(us), 9175
[READ], 95thPercentileLatency(us), 136
[READ], 99thPercentileLatency(us), 173
[READ], Return=OK, 95024
[CLEANUP], Operations, 1
[CLEANUP], AverageLatency(us), 922.0
[CLEANUP], MinLatency(us), 922
[CLEANUP], MaxLatency(us), 922
[CLEANUP], 95thPercentileLatency(us), 922
[CLEANUP], 99thPercentileLatency(us), 922
[UPDATE], Operations, 4976
[UPDATE], AverageLatency(us), 220.64147909967846
[UPDATE], MinLatency(us), 161
[UPDATE], MaxLatency(us), 680
[UPDATE], 95thPercentileLatency(us), 278
[UPDATE], 99thPercentileLatency(us), 358
[UPDATE], Return=OK, 4976
[OVERALL], RunTime(ms), 11447
[OVERALL], OP, 100000
[OVERALL], Throughput(ops/sec), 8735.913339739669
[TOTAL_GCS_PS_Scavenge], Count, 0
[TOTAL_GC_TIME_PS_Scavenge], Time(ms), 0
[TOTAL_GC_TIME_%_PS_Scavenge], Time(%), 0.0
[TOTAL_GCS_PS_MarkSweep], Count, 0
[TOTAL_GC_TIME_PS_MarkSweep], Time(ms), 0
[TOTAL_GC_TIME_%_PS_MarkSweep], Time(%), 0.0
[TOTAL_GCs], Count, 0
[TOTAL_GC_TIME], Time(ms), 0
[TOTAL_GC_TIME_%], Time(%), 0.0
[READ], Operations, 95015
[READ], AverageLatency(us), 107.00953533652581
[READ], MinLatency(us), 66
[READ], MaxLatency(us), 337919
[READ], 95thPercentileLatency(us), 141
[READ], 99thPercentileLatency(us), 194
[READ], Return=OK, 95015
[CLEANUP], Operations, 1
[CLEANUP], AverageLatency(us), 1275.0
[CLEANUP], MinLatency(us), 1275
[CLEANUP], MaxLatency(us), 1275
[CLEANUP], 95thPercentileLatency(us), 1275
[CLEANUP], 99thPercentileLatency(us), 1275
[UPDATE], Operations, 4985
[UPDATE], AverageLatency(us), 214.2258776328987
[UPDATE], MinLatency(us), 152
[UPDATE], MaxLatency(us), 737
[UPDATE], 95thPercentileLatency(us), 284
[UPDATE], 99thPercentileLatency(us), 375
[UPDATE], Return=OK, 4985
[OVERALL], RunTime(ms), 11646
[OVERALL], OP, 100000
[OVERALL], Throughput(ops/sec), 8586.639189421261
[TOTAL_GCS_PS_Scavenge], Count, 0
[TOTAL_GC_TIME_PS_Scavenge], Time(ms), 0
[TOTAL_GC_TIME_%_PS_Scavenge], Time(%), 0.0
[TOTAL_GCS_PS_MarkSweep], Count, 0
[TOTAL_GC_TIME_PS_MarkSweep], Time(ms), 0
[TOTAL_GC_TIME_%_PS_MarkSweep], Time(%), 0.0
[TOTAL_GCs], Count, 0
[TOTAL_GC_TIME], Time(ms), 0
[TOTAL_GC_TIME_%], Time(%), 0.0
[READ], Operations, 94945
[READ], AverageLatency(us), 107.80679340670915
[READ], MinLatency(us), 66
[READ], MaxLatency(us), 9023
[READ], 95thPercentileLatency(us), 139
[READ], 99thPercentileLatency(us), 176
[READ], Return=OK, 94945
[CLEANUP], Operations, 1
[CLEANUP], AverageLatency(us), 944.0
[CLEANUP], MinLatency(us), 944
[CLEANUP], MaxLatency(us), 944
[CLEANUP], 95thPercentileLatency(us), 944
[CLEANUP], 99thPercentileLatency(us), 944
[UPDATE], Operations, 5055
[UPDATE], AverageLatency(us), 242.28664688427298
[UPDATE], MinLatency(us), 147
[UPDATE], MaxLatency(us), 88575
[UPDATE], 95thPercentileLatency(us), 278
[UPDATE], 99thPercentileLatency(us), 373
[UPDATE], Return=OK, 5055
[OVERALL], RunTime(ms), 11719
[OVERALL], OP, 100000
[OVERALL], Throughput(ops/sec), 8533.151292772422
[TOTAL_GCS_PS_Scavenge], Count, 0
[TOTAL_GC_TIME_PS_Scavenge], Time(ms), 0
[TOTAL_GC_TIME_%_PS_Scavenge], Time(%), 0.0
[TOTAL_GCS_PS_MarkSweep], Count, 0
[TOTAL_GC_TIME_PS_MarkSweep], Time(ms), 0
[TOTAL_GC_TIME_%_PS_MarkSweep], Time(%), 0.0
[TOTAL_GCs], Count, 0
[TOTAL_GC_TIME], Time(ms), 0
[TOTAL_GC_TIME_%], Time(%), 0.0
[READ], Operations, 95010
[READ], AverageLatency(us), 109.30598884327965
[READ], MinLatency(us), 73
[READ], MaxLatency(us), 9007
[READ], 95thPercentileLatency(us), 147
[READ], 99thPercentileLatency(us), 193
[READ], Return=OK, 95010
[CLEANUP], Operations, 1
[CLEANUP], AverageLatency(us), 681.0
[CLEANUP], MinLatency(us), 681
[CLEANUP], MaxLatency(us), 681
[CLEANUP], 95thPercentileLatency(us), 681
[CLEANUP], 99thPercentileLatency(us), 681
[UPDATE], Operations, 4990
[UPDATE], AverageLatency(us), 229.98917835671344
[UPDATE], MinLatency(us), 158
[UPDATE], MaxLatency(us), 9287
[UPDATE], 95thPercentileLatency(us), 293
[UPDATE], 99thPercentileLatency(us), 395
[UPDATE], Return=OK, 4990
[OVERALL], RunTime(ms), 11747
[OVERALL], OP, 100000
[OVERALL], Throughput(ops/sec), 8512.811781731505
[TOTAL_GCS_PS_Scavenge], Count, 0
[TOTAL_GC_TIME_PS_Scavenge], Time(ms), 0
[TOTAL_GC_TIME_%_PS_Scavenge], Time(%), 0.0
[TOTAL_GCS_PS_MarkSweep], Count, 0
[TOTAL_GC_TIME_PS_MarkSweep], Time(ms), 0
[TOTAL_GC_TIME_%_PS_MarkSweep], Time(%), 0.0
[TOTAL_GCs], Count, 0
[TOTAL_GC_TIME], Time(ms), 0
[TOTAL_GC_TIME_%], Time(%), 0.0
[READ], Operations, 95051
[READ], AverageLatency(us), 109.73253306119872
[READ], MinLatency(us), 70
[READ], MaxLatency(us), 9383
[READ], 95thPercentileLatency(us), 148
[READ], 99thPercentileLatency(us), 202
[READ], Return=OK, 95051
[CLEANUP], Operations, 1
[CLEANUP], AverageLatency(us), 1182.0
[CLEANUP], MinLatency(us), 1182
[CLEANUP], MaxLatency(us), 1182
[CLEANUP], 95thPercentileLatency(us), 1182
[CLEANUP], 99thPercentileLatency(us), 1182
[UPDATE], Operations, 4949
[UPDATE], AverageLatency(us), 227.12042836936754
[UPDATE], MinLatency(us), 158
[UPDATE], MaxLatency(us), 3597
[UPDATE], 95thPercentileLatency(us), 302
[UPDATE], 99thPercentileLatency(us), 389
[UPDATE], Return=OK, 4949
[OVERALL], RunTime(ms), 11678
[OVERALL], OP, 100000
[OVERALL], Throughput(ops/sec), 8563.110121596164
[TOTAL_GCS_PS_Scavenge], Count, 0
[TOTAL_GC_TIME_PS_Scavenge], Time(ms), 0
[TOTAL_GC_TIME_%_PS_Scavenge], Time(%), 0.0
[TOTAL_GCS_PS_MarkSweep], Count, 0
[TOTAL_GC_TIME_PS_MarkSweep], Time(ms), 0
[TOTAL_GC_TIME_%_PS_MarkSweep], Time(%), 0.0
[TOTAL_GCs], Count, 0
[TOTAL_GC_TIME], Time(ms), 0
[TOTAL_GC_TIME_%], Time(%), 0.0
[READ], Operations, 95026
[READ], AverageLatency(us), 108.96973459895186
[READ], MinLatency(us), 73
[READ], MaxLatency(us), 8847
[READ], 95thPercentileLatency(us), 140
[READ], 99thPercentileLatency(us), 176
[READ], Return=OK, 95026
[CLEANUP], Operations, 1
[CLEANUP], AverageLatency(us), 661.0
[CLEANUP], MinLatency(us), 661
[CLEANUP], MaxLatency(us), 661
[CLEANUP], 95thPercentileLatency(us), 661
[CLEANUP], 99thPercentileLatency(us), 661
[UPDATE], Operations, 4974
[UPDATE], AverageLatency(us), 228.47326095697628
[UPDATE], MinLatency(us), 165
[UPDATE], MaxLatency(us), 9367
[UPDATE], 95thPercentileLatency(us), 280
[UPDATE], 99thPercentileLatency(us), 376
[UPDATE], Return=OK, 4974
[OVERALL], RunTime(ms), 11744
[OVERALL], OP, 100000
[OVERALL], Throughput(ops/sec), 8514.986376021798
[TOTAL_GCS_PS_Scavenge], Count, 0
[TOTAL_GC_TIME_PS_Scavenge], Time(ms), 0
[TOTAL_GC_TIME_%_PS_Scavenge], Time(%), 0.0
[TOTAL_GCS_PS_MarkSweep], Count, 0
[TOTAL_GC_TIME_PS_MarkSweep], Time(ms), 0
[TOTAL_GC_TIME_%_PS_MarkSweep], Time(%), 0.0
[TOTAL_GCs], Count, 0
[TOTAL_GC_TIME], Time(ms), 0
[TOTAL_GC_TIME_%], Time(%), 0.0
[READ], Operations, 95058
[READ], AverageLatency(us), 109.67757579582991
[READ], MinLatency(us), 70
[READ], MaxLatency(us), 8927
[READ], 95thPercentileLatency(us), 146
[READ], 99thPercentileLatency(us), 191
[READ], Return=OK, 95058
[CLEANUP], Operations, 1
[CLEANUP], AverageLatency(us), 563.0
[CLEANUP], MinLatency(us), 563
[CLEANUP], MaxLatency(us), 563
[CLEANUP], 95thPercentileLatency(us), 563
[CLEANUP], 99thPercentileLatency(us), 563
[UPDATE], Operations, 4942
[UPDATE], AverageLatency(us), 228.3328611898017
[UPDATE], MinLatency(us), 153
[UPDATE], MaxLatency(us), 6571
[UPDATE], 95thPercentileLatency(us), 295
[UPDATE], 99thPercentileLatency(us), 402
[UPDATE], Return=OK, 4942
