Select TCP mode
Select TCP mode
Select TCP mode
Select TCP mode
Select TCP mode
Select TCP mode
Select TCP mode
Select TCP mode
Select TCP mode
Select TCP mode
Select TCP mode
Select TCP mode
Select TCP mode
Select TCP mode
Select TCP mode
Select TCP mode
[OVERALL], RunTime(ms), 8818
[OVERALL], OP, 100000
[OVERALL], Throughput(ops/sec), 11340.440009072352
[TOTAL_GCS_PS_Scavenge], Count, 0
[TOTAL_GC_TIME_PS_Scavenge], Time(ms), 0
[TOTAL_GC_TIME_%_PS_Scavenge], Time(%), 0.0
[TOTAL_GCS_PS_MarkSweep], Count, 0
[TOTAL_GC_TIME_PS_MarkSweep], Time(ms), 0
[TOTAL_GC_TIME_%_PS_MarkSweep], Time(%), 0.0
[TOTAL_GCs], Count, 0
[TOTAL_GC_TIME], Time(ms), 0
[TOTAL_GC_TIME_%], Time(%), 0.0
[READ], Operations, 95023
[READ], AverageLatency(us), 85.48795554760426
[READ], MinLatency(us), 62
[READ], MaxLatency(us), 8135
[READ], 95thPercentileLatency(us), 108
[READ], 99thPercentileLatency(us), 136
[READ], Return=OK, 95023
[CLEANUP], Operations, 1
[CLEANUP], AverageLatency(us), 947.0
[CLEANUP], MinLatency(us), 947
[CLEANUP], MaxLatency(us), 947
[CLEANUP], 95thPercentileLatency(us), 947
[CLEANUP], 99thPercentileLatency(us), 947
[INSERT], Operations, 4977
[INSERT], AverageLatency(us), 97.80791641551136
[INSERT], MinLatency(us), 70
[INSERT], MaxLatency(us), 5339
[INSERT], 95thPercentileLatency(us), 123
[INSERT], 99thPercentileLatency(us), 171
[INSERT], Return=OK, 4977
[OVERALL], RunTime(ms), 9115
[OVERALL], OP, 100000
[OVERALL], Throughput(ops/sec), 10970.927043335161
[TOTAL_GCS_PS_Scavenge], Count, 0
[TOTAL_GC_TIME_PS_Scavenge], Time(ms), 0
[TOTAL_GC_TIME_%_PS_Scavenge], Time(%), 0.0
[TOTAL_GCS_PS_MarkSweep], Count, 0
[TOTAL_GC_TIME_PS_MarkSweep], Time(ms), 0
[TOTAL_GC_TIME_%_PS_MarkSweep], Time(%), 0.0
[TOTAL_GCs], Count, 0
[TOTAL_GC_TIME], Time(ms), 0
[TOTAL_GC_TIME_%], Time(%), 0.0
[READ], Operations, 94938
[READ], AverageLatency(us), 88.72331416292738
[READ], MinLatency(us), 66
[READ], MaxLatency(us), 7435
[READ], 95thPercentileLatency(us), 113
[READ], 99thPercentileLatency(us), 137
[READ], Return=OK, 94938
[CLEANUP], Operations, 1
[CLEANUP], AverageLatency(us), 796.0
[CLEANUP], MinLatency(us), 796
[CLEANUP], MaxLatency(us), 796
[CLEANUP], 95thPercentileLatency(us), 796
[CLEANUP], 99thPercentileLatency(us), 796
[INSERT], Operations, 5062
[INSERT], AverageLatency(us), 98.35420782299487
[INSERT], MinLatency(us), 73
[INSERT], MaxLatency(us), 552
[INSERT], 95thPercentileLatency(us), 127
[INSERT], 99thPercentileLatency(us), 177
[INSERT], Return=OK, 5062
[OVERALL], RunTime(ms), 9285
[OVERALL], OP, 100000
[OVERALL], Throughput(ops/sec), 10770.059235325794
[TOTAL_GCS_PS_Scavenge], Count, 0
[TOTAL_GC_TIME_PS_Scavenge], Time(ms), 0
[TOTAL_GC_TIME_%_PS_Scavenge], Time(%), 0.0
[TOTAL_GCS_PS_MarkSweep], Count, 0
[TOTAL_GC_TIME_PS_MarkSweep], Time(ms), 0
[TOTAL_GC_TIME_%_PS_MarkSweep], Time(%), 0.0
[TOTAL_GCs], Count, 0
[TOTAL_GC_TIME], Time(ms), 0
[TOTAL_GC_TIME_%], Time(%), 0.0
[READ], Operations, 94898
[READ], AverageLatency(us), 90.37085080823621
[READ], MinLatency(us), 66
[READ], MaxLatency(us), 7303
[READ], 95thPercentileLatency(us), 114
[READ], 99thPercentileLatency(us), 138
[READ], Return=OK, 94898
[CLEANUP], Operations, 1
[CLEANUP], AverageLatency(us), 844.0
[CLEANUP], MinLatency(us), 844
[CLEANUP], MaxLatency(us), 844
[CLEANUP], 95thPercentileLatency(us), 844
[CLEANUP], 99thPercentileLatency(us), 844
[INSERT], Operations, 5102
[INSERT], AverageLatency(us), 100.93767150137201
[INSERT], MinLatency(us), 75
[INSERT], MaxLatency(us), 717
[INSERT], 95thPercentileLatency(us), 130
[INSERT], 99thPercentileLatency(us), 184
[INSERT], Return=OK, 5102
[OVERALL], RunTime(ms), 9304
[OVERALL], OP, 100000
[OVERALL], Throughput(ops/sec), 10748.065348237318
[TOTAL_GCS_PS_Scavenge], Count, 0
[TOTAL_GC_TIME_PS_Scavenge], Time(ms), 0
[TOTAL_GC_TIME_%_PS_Scavenge], Time(%), 0.0
[TOTAL_GCS_PS_MarkSweep], Count, 0
[TOTAL_GC_TIME_PS_MarkSweep], Time(ms), 0
[TOTAL_GC_TIME_%_PS_MarkSweep], Time(%), 0.0
[TOTAL_GCs], Count, 0
[TOTAL_GC_TIME], Time(ms), 0
[TOTAL_GC_TIME_%], Time(%), 0.0
[READ], Operations, 94976
[READ], AverageLatency(us), 90.39336253369272
[READ], MinLatency(us), 63
[READ], MaxLatency(us), 9287
[READ], 95thPercentileLatency(us), 122
[READ], 99thPercentileLatency(us), 162
[READ], Return=OK, 94976
[CLEANUP], Operations, 1
[CLEANUP], AverageLatency(us), 555.0
[CLEANUP], MinLatency(us), 555
[CLEANUP], MaxLatency(us), 555
[CLEANUP], 95thPercentileLatency(us), 555
[CLEANUP], 99thPercentileLatency(us), 555
[INSERT], Operations, 5024
[INSERT], AverageLatency(us), 100.9140127388535
[INSERT], MinLatency(us), 73
[INSERT], MaxLatency(us), 1424
[INSERT], 95thPercentileLatency(us), 133
[INSERT], 99thPercentileLatency(us), 191
[INSERT], Return=OK, 5024
[OVERALL], RunTime(ms), 9332
[OVERALL], OP, 100000
[OVERALL], Throughput(ops/sec), 10715.816545220745
[TOTAL_GCS_PS_Scavenge], Count, 0
[TOTAL_GC_TIME_PS_Scavenge], Time(ms), 0
[TOTAL_GC_TIME_%_PS_Scavenge], Time(%), 0.0
[TOTAL_GCS_PS_MarkSweep], Count, 0
[TOTAL_GC_TIME_PS_MarkSweep], Time(ms), 0
[TOTAL_GC_TIME_%_PS_MarkSweep], Time(%), 0.0
[TOTAL_GCs], Count, 0
[TOTAL_GC_TIME], Time(ms), 0
[TOTAL_GC_TIME_%], Time(%), 0.0
[READ], Operations, 95028
[READ], AverageLatency(us), 90.8615355474176
[READ], MinLatency(us), 63
[READ], MaxLatency(us), 13815
[READ], 95thPercentileLatency(us), 116
[READ], 99thPercentileLatency(us), 147
[READ], Return=OK, 95028
[CLEANUP], Operations, 1
[CLEANUP], AverageLatency(us), 604.0
[CLEANUP], MinLatency(us), 604
[CLEANUP], MaxLatency(us), 604
[CLEANUP], 95thPercentileLatency(us), 604
[CLEANUP], 99thPercentileLatency(us), 604
[INSERT], Operations, 4972
[INSERT], AverageLatency(us), 102.47767497988737
[INSERT], MinLatency(us), 75
[INSERT], MaxLatency(us), 5331
[INSERT], 95thPercentileLatency(us), 130
[INSERT], 99thPercentileLatency(us), 181
[INSERT], Return=OK, 4972
[OVERALL], RunTime(ms), 9359
[OVERALL], OP, 100000
[OVERALL], Throughput(ops/sec), 10684.902233144567
[TOTAL_GCS_PS_Scavenge], Count, 0
[TOTAL_GC_TIME_PS_Scavenge], Time(ms), 0
[TOTAL_GC_TIME_%_PS_Scavenge], Time(%), 0.0
[TOTAL_GCS_PS_MarkSweep], Count, 0
[TOTAL_GC_TIME_PS_MarkSweep], Time(ms), 0
[TOTAL_GC_TIME_%_PS_MarkSweep], Time(%), 0.0
[TOTAL_GCs], Count, 0
[TOTAL_GC_TIME], Time(ms), 0
[TOTAL_GC_TIME_%], Time(%), 0.0
[READ], Operations, 95062
[READ], AverageLatency(us), 91.25203551366477
[READ], MinLatency(us), 63
[READ], MaxLatency(us), 177791
[READ], 95thPercentileLatency(us), 122
[READ], 99thPercentileLatency(us), 169
[READ], Return=OK, 95062
[CLEANUP], Operations, 1
[CLEANUP], AverageLatency(us), 463.0
[CLEANUP], MinLatency(us), 463
[CLEANUP], MaxLatency(us), 463
[CLEANUP], 95thPercentileLatency(us), 463
[CLEANUP], 99thPercentileLatency(us), 463
[INSERT], Operations, 4938
[INSERT], AverageLatency(us), 99.35277440259215
[INSERT], MinLatency(us), 71
[INSERT], MaxLatency(us), 511
[INSERT], 95thPercentileLatency(us), 134
[INSERT], 99thPercentileLatency(us), 208
[INSERT], Return=OK, 4938
[OVERALL], RunTime(ms), 9437
[OVERALL], OP, 100000
[OVERALL], Throughput(ops/sec), 10596.58789869662
[TOTAL_GCS_PS_Scavenge], Count, 0
[TOTAL_GC_TIME_PS_Scavenge], Time(ms), 0
[TOTAL_GC_TIME_%_PS_Scavenge], Time(%), 0.0
[TOTAL_GCS_PS_MarkSweep], Count, 0
[TOTAL_GC_TIME_PS_MarkSweep], Time(ms), 0
[TOTAL_GC_TIME_%_PS_MarkSweep], Time(%), 0.0
[TOTAL_GCs], Count, 0
[TOTAL_GC_TIME], Time(ms), 0
[TOTAL_GC_TIME_%], Time(%), 0.0
[READ], Operations, 94964
[READ], AverageLatency(us), 92.0517038035466
[READ], MinLatency(us), 64
[READ], MaxLatency(us), 8247
[READ], 95thPercentileLatency(us), 117
[READ], 99thPercentileLatency(us), 146
[READ], Return=OK, 94964
[CLEANUP], Operations, 1
[CLEANUP], AverageLatency(us), 579.0
[CLEANUP], MinLatency(us), 579
[CLEANUP], MaxLatency(us), 579
[CLEANUP], 95thPercentileLatency(us), 579
[CLEANUP], 99thPercentileLatency(us), 579
[INSERT], Operations, 5036
[INSERT], AverageLatency(us), 102.54368546465449
[INSERT], MinLatency(us), 76
[INSERT], MaxLatency(us), 526
[INSERT], 95thPercentileLatency(us), 131
[INSERT], 99thPercentileLatency(us), 178
[INSERT], Return=OK, 5036
[OVERALL], RunTime(ms), 9463
[OVERALL], OP, 100000
[OVERALL], Throughput(ops/sec), 10567.473317129874
[TOTAL_GCS_PS_Scavenge], Count, 0
[TOTAL_GC_TIME_PS_Scavenge], Time(ms), 0
[TOTAL_GC_TIME_%_PS_Scavenge], Time(%), 0.0
[TOTAL_GCS_PS_MarkSweep], Count, 0
[TOTAL_GC_TIME_PS_MarkSweep], Time(ms), 0
[TOTAL_GC_TIME_%_PS_MarkSweep], Time(%), 0.0
[TOTAL_GCs], Count, 0
[TOTAL_GC_TIME], Time(ms), 0
[TOTAL_GC_TIME_%], Time(%), 0.0
[READ], Operations, 95043
[READ], AverageLatency(us), 92.0319223930221
[READ], MinLatency(us), 64
[READ], MaxLatency(us), 8107
[READ], 95thPercentileLatency(us), 122
[READ], 99thPercentileLatency(us), 169
[READ], Return=OK, 95043
[CLEANUP], Operations, 1
[CLEANUP], AverageLatency(us), 873.0
[CLEANUP], MinLatency(us), 873
[CLEANUP], MaxLatency(us), 873
[CLEANUP], 95thPercentileLatency(us), 873
[CLEANUP], 99thPercentileLatency(us), 873
[INSERT], Operations, 4957
[INSERT], AverageLatency(us), 103.87754690336898
[INSERT], MinLatency(us), 75
[INSERT], MaxLatency(us), 1526
[INSERT], 95thPercentileLatency(us), 139
[INSERT], 99thPercentileLatency(us), 233
[INSERT], Return=OK, 4957
[OVERALL], RunTime(ms), 9430
[OVERALL], OP, 100000
[OVERALL], Throughput(ops/sec), 10604.453870625663
[TOTAL_GCS_PS_Scavenge], Count, 0
[TOTAL_GC_TIME_PS_Scavenge], Time(ms), 0
[TOTAL_GC_TIME_%_PS_Scavenge], Time(%), 0.0
[TOTAL_GCS_PS_MarkSweep], Count, 0
[TOTAL_GC_TIME_PS_MarkSweep], Time(ms), 0
[TOTAL_GC_TIME_%_PS_MarkSweep], Time(%), 0.0
[TOTAL_GCs], Count, 0
[TOTAL_GC_TIME], Time(ms), 0
[TOTAL_GC_TIME_%], Time(%), 0.0
[READ], Operations, 95129
[READ], AverageLatency(us), 91.58766517045275
[READ], MinLatency(us), 67
[READ], MaxLatency(us), 8271
[READ], 95thPercentileLatency(us), 116
[READ], 99thPercentileLatency(us), 142
[READ], Return=OK, 95129
[CLEANUP], Operations, 1
[CLEANUP], AverageLatency(us), 718.0
[CLEANUP], MinLatency(us), 718
[CLEANUP], MaxLatency(us), 718
[CLEANUP], 95thPercentileLatency(us), 718
[CLEANUP], 99thPercentileLatency(us), 718
[INSERT], Operations, 4871
[INSERT], AverageLatency(us), 104.30301786080886
[INSERT], MinLatency(us), 76
[INSERT], MaxLatency(us), 5223
[INSERT], 95thPercentileLatency(us), 133
[INSERT], 99thPercentileLatency(us), 191
[INSERT], Return=OK, 4871
[OVERALL], RunTime(ms), 9560
[OVERALL], OP, 100000
[OVERALL], Throughput(ops/sec), 10460.251046025105
[TOTAL_GCS_PS_Scavenge], Count, 0
[TOTAL_GC_TIME_PS_Scavenge], Time(ms), 0
[TOTAL_GC_TIME_%_PS_Scavenge], Time(%), 0.0
[TOTAL_GCS_PS_MarkSweep], Count, 0
[TOTAL_GC_TIME_PS_MarkSweep], Time(ms), 0
[TOTAL_GC_TIME_%_PS_MarkSweep], Time(%), 0.0
[TOTAL_GCs], Count, 0
[TOTAL_GC_TIME], Time(ms), 0
[TOTAL_GC_TIME_%], Time(%), 0.0
[READ], Operations, 95088
[READ], AverageLatency(us), 92.85882550900219
[READ], MinLatency(us), 68
[READ], MaxLatency(us), 8167
[READ], 95thPercentileLatency(us), 122
[READ], 99thPercentileLatency(us), 158
[READ], Return=OK, 95088
[CLEANUP], Operations, 1
[CLEANUP], AverageLatency(us), 800.0
[CLEANUP], MinLatency(us), 800
[CLEANUP], MaxLatency(us), 800
[CLEANUP], 95thPercentileLatency(us), 800
[CLEANUP], 99thPercentileLatency(us), 800
[INSERT], Operations, 4912
[INSERT], AverageLatency(us), 103.07125407166124
[INSERT], MinLatency(us), 77
[INSERT], MaxLatency(us), 2713
[INSERT], 95thPercentileLatency(us), 137
[INSERT], 99thPercentileLatency(us), 191
[INSERT], Return=OK, 4912
[OVERALL], RunTime(ms), 9648
[OVERALL], OP, 100000
[OVERALL], Throughput(ops/sec), 10364.842454394693
[TOTAL_GCS_PS_Scavenge], Count, 0
[TOTAL_GC_TIME_PS_Scavenge], Time(ms), 0
[TOTAL_GC_TIME_%_PS_Scavenge], Time(%), 0.0
[TOTAL_GCS_PS_MarkSweep], Count, 0
[TOTAL_GC_TIME_PS_MarkSweep], Time(ms), 0
[TOTAL_GC_TIME_%_PS_MarkSweep], Time(%), 0.0
[TOTAL_GCs], Count, 0
[TOTAL_GC_TIME], Time(ms), 0
[TOTAL_GC_TIME_%], Time(%), 0.0
[READ], Operations, 95051
[READ], AverageLatency(us), 93.84350506570156
[READ], MinLatency(us), 64
[READ], MaxLatency(us), 121407
[READ], 95thPercentileLatency(us), 121
[READ], 99thPercentileLatency(us), 158
[READ], Return=OK, 95051
[CLEANUP], Operations, 1
[CLEANUP], AverageLatency(us), 1673.0
[CLEANUP], MinLatency(us), 1673
[CLEANUP], MaxLatency(us), 1673
[CLEANUP], 95thPercentileLatency(us), 1673
[CLEANUP], 99thPercentileLatency(us), 1673
[INSERT], Operations, 4949
[INSERT], AverageLatency(us), 102.849666599313
[INSERT], MinLatency(us), 76
[INSERT], MaxLatency(us), 1832
[INSERT], 95thPercentileLatency(us), 135
[INSERT], 99thPercentileLatency(us), 199
[INSERT], Return=OK, 4949
[OVERALL], RunTime(ms), 9679
[OVERALL], OP, 100000
[OVERALL], Throughput(ops/sec), 10331.645831180907
[TOTAL_GCS_PS_Scavenge], Count, 0
[TOTAL_GC_TIME_PS_Scavenge], Time(ms), 0
[TOTAL_GC_TIME_%_PS_Scavenge], Time(%), 0.0
[TOTAL_GCS_PS_MarkSweep], Count, 0
[TOTAL_GC_TIME_PS_MarkSweep], Time(ms), 0
[TOTAL_GC_TIME_%_PS_MarkSweep], Time(%), 0.0
[TOTAL_GCs], Count, 0
[TOTAL_GC_TIME], Time(ms), 0
[TOTAL_GC_TIME_%], Time(%), 0.0
[READ], Operations, 95105
[READ], AverageLatency(us), 94.29331791178171
[READ], MinLatency(us), 69
[READ], MaxLatency(us), 9223
[READ], 95thPercentileLatency(us), 120
[READ], 99thPercentileLatency(us), 147
[READ], Return=OK, 95105
[CLEANUP], Operations, 1
[CLEANUP], AverageLatency(us), 761.0
[CLEANUP], MinLatency(us), 761
[CLEANUP], MaxLatency(us), 761
[CLEANUP], 95thPercentileLatency(us), 761
[CLEANUP], 99thPercentileLatency(us), 761
[INSERT], Operations, 4895
[INSERT], AverageLatency(us), 105.67906026557712
[INSERT], MinLatency(us), 81
[INSERT], MaxLatency(us), 592
[INSERT], 95thPercentileLatency(us), 137
[INSERT], 99thPercentileLatency(us), 190
[INSERT], Return=OK, 4895
[OVERALL], RunTime(ms), 9659
[OVERALL], OP, 100000
[OVERALL], Throughput(ops/sec), 10353.038616834041
[TOTAL_GCS_PS_Scavenge], Count, 0
[TOTAL_GC_TIME_PS_Scavenge], Time(ms), 0
[TOTAL_GC_TIME_%_PS_Scavenge], Time(%), 0.0
[TOTAL_GCS_PS_MarkSweep], Count, 0
[TOTAL_GC_TIME_PS_MarkSweep], Time(ms), 0
[TOTAL_GC_TIME_%_PS_MarkSweep], Time(%), 0.0
[TOTAL_GCs], Count, 0
[TOTAL_GC_TIME], Time(ms), 0
[TOTAL_GC_TIME_%], Time(%), 0.0
[READ], Operations, 94991
[READ], AverageLatency(us), 94.07881799328358
[READ], MinLatency(us), 63
[READ], MaxLatency(us), 5971
[READ], 95thPercentileLatency(us), 124
[READ], 99thPercentileLatency(us), 166
[READ], Return=OK, 94991
[CLEANUP], Operations, 1
[CLEANUP], AverageLatency(us), 676.0
[CLEANUP], MinLatency(us), 676
[CLEANUP], MaxLatency(us), 676
[CLEANUP], 95thPercentileLatency(us), 676
[CLEANUP], 99thPercentileLatency(us), 676
[INSERT], Operations, 5009
[INSERT], AverageLatency(us), 106.96266719904172
[INSERT], MinLatency(us), 75
[INSERT], MaxLatency(us), 8303
[INSERT], 95thPercentileLatency(us), 141
[INSERT], 99thPercentileLatency(us), 229
[INSERT], Return=OK, 5009
[OVERALL], RunTime(ms), 9717
[OVERALL], OP, 100000
[OVERALL], Throughput(ops/sec), 10291.242152927858
[TOTAL_GCS_PS_Scavenge], Count, 0
[TOTAL_GC_TIME_PS_Scavenge], Time(ms), 0
[TOTAL_GC_TIME_%_PS_Scavenge], Time(%), 0.0
[TOTAL_GCS_PS_MarkSweep], Count, 0
[TOTAL_GC_TIME_PS_MarkSweep], Time(ms), 0
[TOTAL_GC_TIME_%_PS_MarkSweep], Time(%), 0.0
[TOTAL_GCs], Count, 0
[TOTAL_GC_TIME], Time(ms), 0
[TOTAL_GC_TIME_%], Time(%), 0.0
[READ], Operations, 95071
[READ], AverageLatency(us), 94.81746273837447
[READ], MinLatency(us), 70
[READ], MaxLatency(us), 7287
[READ], 95thPercentileLatency(us), 120
[READ], 99thPercentileLatency(us), 148
[READ], Return=OK, 95071
[CLEANUP], Operations, 1
[CLEANUP], AverageLatency(us), 849.0
[CLEANUP], MinLatency(us), 849
[CLEANUP], MaxLatency(us), 849
[CLEANUP], 95thPercentileLatency(us), 849
[CLEANUP], 99thPercentileLatency(us), 849
[INSERT], Operations, 4929
[INSERT], AverageLatency(us), 105.78230878474335
[INSERT], MinLatency(us), 79
[INSERT], MaxLatency(us), 3687
[INSERT], 95thPercentileLatency(us), 135
[INSERT], 99thPercentileLatency(us), 226
[INSERT], Return=OK, 4929
[OVERALL], RunTime(ms), 9795
[OVERALL], OP, 100000
[OVERALL], Throughput(ops/sec), 10209.290454313425
[TOTAL_GCS_PS_Scavenge], Count, 0
[TOTAL_GC_TIME_PS_Scavenge], Time(ms), 0
[TOTAL_GC_TIME_%_PS_Scavenge], Time(%), 0.0
[TOTAL_GCS_PS_MarkSweep], Count, 0
[TOTAL_GC_TIME_PS_MarkSweep], Time(ms), 0
[TOTAL_GC_TIME_%_PS_MarkSweep], Time(%), 0.0
[TOTAL_GCs], Count, 0
[TOTAL_GC_TIME], Time(ms), 0
[TOTAL_GC_TIME_%], Time(%), 0.0
[READ], Operations, 95084
[READ], AverageLatency(us), 95.64765891211981
[READ], MinLatency(us), 71
[READ], MaxLatency(us), 7875
[READ], 95thPercentileLatency(us), 120
[READ], 99thPercentileLatency(us), 147
[READ], Return=OK, 95084
[CLEANUP], Operations, 1
[CLEANUP], AverageLatency(us), 715.0
[CLEANUP], MinLatency(us), 715
[CLEANUP], MaxLatency(us), 715
[CLEANUP], 95thPercentileLatency(us), 715
[CLEANUP], 99thPercentileLatency(us), 715
[INSERT], Operations, 4916
[INSERT], AverageLatency(us), 105.09784377542718
[INSERT], MinLatency(us), 78
[INSERT], MaxLatency(us), 627
[INSERT], 95thPercentileLatency(us), 135
[INSERT], 99thPercentileLatency(us), 195
[INSERT], Return=OK, 4916
[OVERALL], RunTime(ms), 9730
[OVERALL], OP, 100000
[OVERALL], Throughput(ops/sec), 10277.49229188078
[TOTAL_GCS_PS_Scavenge], Count, 0
[TOTAL_GC_TIME_PS_Scavenge], Time(ms), 0
[TOTAL_GC_TIME_%_PS_Scavenge], Time(%), 0.0
[TOTAL_GCS_PS_MarkSweep], Count, 0
[TOTAL_GC_TIME_PS_MarkSweep], Time(ms), 0
[TOTAL_GC_TIME_%_PS_MarkSweep], Time(%), 0.0
[TOTAL_GCs], Count, 0
[TOTAL_GC_TIME], Time(ms), 0
[TOTAL_GC_TIME_%], Time(%), 0.0
[READ], Operations, 94977
[READ], AverageLatency(us), 94.94128052054708
[READ], MinLatency(us), 66
[READ], MaxLatency(us), 7923
[READ], 95thPercentileLatency(us), 120
[READ], 99thPercentileLatency(us), 147
[READ], Return=OK, 94977
[CLEANUP], Operations, 1
[CLEANUP], AverageLatency(us), 544.0
[CLEANUP], MinLatency(us), 544
[CLEANUP], MaxLatency(us), 544
[CLEANUP], 95thPercentileLatency(us), 544
[CLEANUP], 99thPercentileLatency(us), 544
[INSERT], Operations, 5023
[INSERT], AverageLatency(us), 104.31873382440773
[INSERT], MinLatency(us), 78
[INSERT], MaxLatency(us), 609
[INSERT], 95thPercentileLatency(us), 134
[INSERT], 99thPercentileLatency(us), 179
[INSERT], Return=OK, 5023
