Select TCP mode
Select TCP mode
Select TCP mode
Select TCP mode
Select TCP mode
Select TCP mode
Select TCP mode
Select TCP mode
Select TCP mode
Select TCP mode
Select TCP mode
Select TCP mode
Select TCP mode
Select TCP mode
Select TCP mode
Select TCP mode
[OVERALL], RunTime(ms), 9493
[OVERALL], OP, 100000
[OVERALL], Throughput(ops/sec), 10534.077741493733
[TOTAL_GCS_PS_Scavenge], Count, 0
[TOTAL_GC_TIME_PS_Scavenge], Time(ms), 0
[TOTAL_GC_TIME_%_PS_Scavenge], Time(%), 0.0
[TOTAL_GCS_PS_MarkSweep], Count, 0
[TOTAL_GC_TIME_PS_MarkSweep], Time(ms), 0
[TOTAL_GC_TIME_%_PS_MarkSweep], Time(%), 0.0
[TOTAL_GCs], Count, 0
[TOTAL_GC_TIME], Time(ms), 0
[TOTAL_GC_TIME_%], Time(%), 0.0
[READ], Operations, 100000
[READ], AverageLatency(us), 92.71613
[READ], MinLatency(us), 63
[READ], MaxLatency(us), 9311
[READ], 95thPercentileLatency(us), 114
[READ], 99thPercentileLatency(us), 133
[READ], Return=OK, 100000
[CLEANUP], Operations, 1
[CLEANUP], AverageLatency(us), 1010.0
[CLEANUP], MinLatency(us), 1010
[CLEANUP], MaxLatency(us), 1010
[CLEANUP], 95thPercentileLatency(us), 1010
[CLEANUP], 99thPercentileLatency(us), 1010
[OVERALL], RunTime(ms), 9514
[OVERALL], OP, 100000
[OVERALL], Throughput(ops/sec), 10510.826150935463
[TOTAL_GCS_PS_Scavenge], Count, 0
[TOTAL_GC_TIME_PS_Scavenge], Time(ms), 0
[TOTAL_GC_TIME_%_PS_Scavenge], Time(%), 0.0
[TOTAL_GCS_PS_MarkSweep], Count, 0
[TOTAL_GC_TIME_PS_MarkSweep], Time(ms), 0
[TOTAL_GC_TIME_%_PS_MarkSweep], Time(%), 0.0
[TOTAL_GCs], Count, 0
[TOTAL_GC_TIME], Time(ms), 0
[TOTAL_GC_TIME_%], Time(%), 0.0
[READ], Operations, 100000
[READ], AverageLatency(us), 93.1015
[READ], MinLatency(us), 63
[READ], MaxLatency(us), 7903
[READ], 95thPercentileLatency(us), 121
[READ], 99thPercentileLatency(us), 140
[READ], Return=OK, 100000
[CLEANUP], Operations, 1
[CLEANUP], AverageLatency(us), 1232.0
[CLEANUP], MinLatency(us), 1232
[CLEANUP], MaxLatency(us), 1232
[CLEANUP], 95thPercentileLatency(us), 1232
[CLEANUP], 99thPercentileLatency(us), 1232
[OVERALL], RunTime(ms), 9719
[OVERALL], OP, 100000
[OVERALL], Throughput(ops/sec), 10289.124395513942
[TOTAL_GCS_PS_Scavenge], Count, 0
[TOTAL_GC_TIME_PS_Scavenge], Time(ms), 0
[TOTAL_GC_TIME_%_PS_Scavenge], Time(%), 0.0
[TOTAL_GCS_PS_MarkSweep], Count, 0
[TOTAL_GC_TIME_PS_MarkSweep], Time(ms), 0
[TOTAL_GC_TIME_%_PS_MarkSweep], Time(%), 0.0
[TOTAL_GCs], Count, 0
[TOTAL_GC_TIME], Time(ms), 0
[TOTAL_GC_TIME_%], Time(%), 0.0
[READ], Operations, 100000
[READ], AverageLatency(us), 95.08938
[READ], MinLatency(us), 68
[READ], MaxLatency(us), 8271
[READ], 95thPercentileLatency(us), 119
[READ], 99thPercentileLatency(us), 138
[READ], Return=OK, 100000
[CLEANUP], Operations, 1
[CLEANUP], AverageLatency(us), 1026.0
[CLEANUP], MinLatency(us), 1026
[CLEANUP], MaxLatency(us), 1026
[CLEANUP], 95thPercentileLatency(us), 1026
[CLEANUP], 99thPercentileLatency(us), 1026
[OVERALL], RunTime(ms), 9098
[OVERALL], OP, 100000
[OVERALL], Throughput(ops/sec), 10991.426687183997
[TOTAL_GCS_PS_Scavenge], Count, 0
[TOTAL_GC_TIME_PS_Scavenge], Time(ms), 0
[TOTAL_GC_TIME_%_PS_Scavenge], Time(%), 0.0
[TOTAL_GCS_PS_MarkSweep], Count, 0
[TOTAL_GC_TIME_PS_MarkSweep], Time(ms), 0
[TOTAL_GC_TIME_%_PS_MarkSweep], Time(%), 0.0
[TOTAL_GCs], Count, 0
[TOTAL_GC_TIME], Time(ms), 0
[TOTAL_GC_TIME_%], Time(%), 0.0
[READ], Operations, 100000
[READ], AverageLatency(us), 89.10823
[READ], MinLatency(us), 61
[READ], MaxLatency(us), 8335
[READ], 95thPercentileLatency(us), 114
[READ], 99thPercentileLatency(us), 134
[READ], Return=OK, 100000
[CLEANUP], Operations, 1
[CLEANUP], AverageLatency(us), 604.0
[CLEANUP], MinLatency(us), 604
[CLEANUP], MaxLatency(us), 604
[CLEANUP], 95thPercentileLatency(us), 604
[CLEANUP], 99thPercentileLatency(us), 604
[OVERALL], RunTime(ms), 9769
[OVERALL], OP, 100000
[OVERALL], Throughput(ops/sec), 10236.462278636503
[TOTAL_GCS_PS_Scavenge], Count, 0
[TOTAL_GC_TIME_PS_Scavenge], Time(ms), 0
[TOTAL_GC_TIME_%_PS_Scavenge], Time(%), 0.0
[TOTAL_GCS_PS_MarkSweep], Count, 0
[TOTAL_GC_TIME_PS_MarkSweep], Time(ms), 0
[TOTAL_GC_TIME_%_PS_MarkSweep], Time(%), 0.0
[TOTAL_GCs], Count, 0
[TOTAL_GC_TIME], Time(ms), 0
[TOTAL_GC_TIME_%], Time(%), 0.0
[READ], Operations, 100000
[READ], AverageLatency(us), 95.56902
[READ], MinLatency(us), 66
[READ], MaxLatency(us), 7939
[READ], 95thPercentileLatency(us), 121
[READ], 99thPercentileLatency(us), 140
[READ], Return=OK, 100000
[CLEANUP], Operations, 1
[CLEANUP], AverageLatency(us), 1170.0
[CLEANUP], MinLatency(us), 1170
[CLEANUP], MaxLatency(us), 1170
[CLEANUP], 95thPercentileLatency(us), 1170
[CLEANUP], 99thPercentileLatency(us), 1170
[OVERALL], RunTime(ms), 9582
[OVERALL], OP, 100000
[OVERALL], Throughput(ops/sec), 10436.234606553955
[TOTAL_GCS_PS_Scavenge], Count, 0
[TOTAL_GC_TIME_PS_Scavenge], Time(ms), 0
[TOTAL_GC_TIME_%_PS_Scavenge], Time(%), 0.0
[TOTAL_GCS_PS_MarkSweep], Count, 0
[TOTAL_GC_TIME_PS_MarkSweep], Time(ms), 0
[TOTAL_GC_TIME_%_PS_MarkSweep], Time(%), 0.0
[TOTAL_GCs], Count, 0
[TOTAL_GC_TIME], Time(ms), 0
[TOTAL_GC_TIME_%], Time(%), 0.0
[READ], Operations, 100000
[READ], AverageLatency(us), 93.87592
[READ], MinLatency(us), 67
[READ], MaxLatency(us), 7971
[READ], 95thPercentileLatency(us), 117
[READ], 99thPercentileLatency(us), 135
[READ], Return=OK, 100000
[CLEANUP], Operations, 1
[CLEANUP], AverageLatency(us), 989.0
[CLEANUP], MinLatency(us), 989
[CLEANUP], MaxLatency(us), 989
[CLEANUP], 95thPercentileLatency(us), 989
[CLEANUP], 99thPercentileLatency(us), 989
[OVERALL], RunTime(ms), 9835
[OVERALL], OP, 100000
[OVERALL], Throughput(ops/sec), 10167.768174885612
[TOTAL_GCS_PS_Scavenge], Count, 0
[TOTAL_GC_TIME_PS_Scavenge], Time(ms), 0
[TOTAL_GC_TIME_%_PS_Scavenge], Time(%), 0.0
[TOTAL_GCS_PS_MarkSweep], Count, 0
[TOTAL_GC_TIME_PS_MarkSweep], Time(ms), 0
[TOTAL_GC_TIME_%_PS_MarkSweep], Time(%), 0.0
[TOTAL_GCs], Count, 0
[TOTAL_GC_TIME], Time(ms), 0
[TOTAL_GC_TIME_%], Time(%), 0.0
[READ], Operations, 100000
[READ], AverageLatency(us), 96.24972
[READ], MinLatency(us), 70
[READ], MaxLatency(us), 7771
[READ], 95thPercentileLatency(us), 119
[READ], 99thPercentileLatency(us), 139
[READ], Return=OK, 100000
[CLEANUP], Operations, 1
[CLEANUP], AverageLatency(us), 1556.0
[CLEANUP], MinLatency(us), 1556
[CLEANUP], MaxLatency(us), 1556
[CLEANUP], 95thPercentileLatency(us), 1556
[CLEANUP], 99thPercentileLatency(us), 1556
[OVERALL], RunTime(ms), 10404
[OVERALL], OP, 100000
[OVERALL], Throughput(ops/sec), 9611.687812379854
[TOTAL_GCS_PS_Scavenge], Count, 0
[TOTAL_GC_TIME_PS_Scavenge], Time(ms), 0
[TOTAL_GC_TIME_%_PS_Scavenge], Time(%), 0.0
[TOTAL_GCS_PS_MarkSweep], Count, 0
[TOTAL_GC_TIME_PS_MarkSweep], Time(ms), 0
[TOTAL_GC_TIME_%_PS_MarkSweep], Time(%), 0.0
[TOTAL_GCs], Count, 0
[TOTAL_GC_TIME], Time(ms), 0
[TOTAL_GC_TIME_%], Time(%), 0.0
[READ], Operations, 100000
[READ], AverageLatency(us), 102.28476
[READ], MinLatency(us), 72
[READ], MaxLatency(us), 7955
[READ], 95thPercentileLatency(us), 127
[READ], 99thPercentileLatency(us), 147
[READ], Return=OK, 100000
[CLEANUP], Operations, 1
[CLEANUP], AverageLatency(us), 706.0
[CLEANUP], MinLatency(us), 706
[CLEANUP], MaxLatency(us), 706
[CLEANUP], 95thPercentileLatency(us), 706
[CLEANUP], 99thPercentileLatency(us), 706
[OVERALL], RunTime(ms), 10450
[OVERALL], OP, 100000
[OVERALL], Throughput(ops/sec), 9569.377990430621
[TOTAL_GCS_PS_Scavenge], Count, 0
[TOTAL_GC_TIME_PS_Scavenge], Time(ms), 0
[TOTAL_GC_TIME_%_PS_Scavenge], Time(%), 0.0
[TOTAL_GCS_PS_MarkSweep], Count, 0
[TOTAL_GC_TIME_PS_MarkSweep], Time(ms), 0
[TOTAL_GC_TIME_%_PS_MarkSweep], Time(%), 0.0
[TOTAL_GCs], Count, 0
[TOTAL_GC_TIME], Time(ms), 0
[TOTAL_GC_TIME_%], Time(%), 0.0
[READ], Operations, 100000
[READ], AverageLatency(us), 102.70818
[READ], MinLatency(us), 70
[READ], MaxLatency(us), 7959
[READ], 95thPercentileLatency(us), 129
[READ], 99thPercentileLatency(us), 148
[READ], Return=OK, 100000
[CLEANUP], Operations, 1
[CLEANUP], AverageLatency(us), 542.0
[CLEANUP], MinLatency(us), 542
[CLEANUP], MaxLatency(us), 542
[CLEANUP], 95thPercentileLatency(us), 542
[CLEANUP], 99thPercentileLatency(us), 542
[OVERALL], RunTime(ms), 9494
[OVERALL], OP, 100000
[OVERALL], Throughput(ops/sec), 10532.968190436064
[TOTAL_GCS_PS_Scavenge], Count, 0
[TOTAL_GC_TIME_PS_Scavenge], Time(ms), 0
[TOTAL_GC_TIME_%_PS_Scavenge], Time(%), 0.0
[TOTAL_GCS_PS_MarkSweep], Count, 0
[TOTAL_GC_TIME_PS_MarkSweep], Time(ms), 0
[TOTAL_GC_TIME_%_PS_MarkSweep], Time(%), 0.0
[TOTAL_GCs], Count, 0
[TOTAL_GC_TIME], Time(ms), 0
[TOTAL_GC_TIME_%], Time(%), 0.0
[READ], Operations, 100000
[READ], AverageLatency(us), 92.99053
[READ], MinLatency(us), 67
[READ], MaxLatency(us), 9335
[READ], 95thPercentileLatency(us), 114
[READ], 99thPercentileLatency(us), 134
[READ], Return=OK, 100000
[CLEANUP], Operations, 1
[CLEANUP], AverageLatency(us), 850.0
[CLEANUP], MinLatency(us), 850
[CLEANUP], MaxLatency(us), 850
[CLEANUP], 95thPercentileLatency(us), 850
[CLEANUP], 99thPercentileLatency(us), 850
[OVERALL], RunTime(ms), 9435
[OVERALL], OP, 100000
[OVERALL], Throughput(ops/sec), 10598.834128245893
[TOTAL_GCS_PS_Scavenge], Count, 0
[TOTAL_GC_TIME_PS_Scavenge], Time(ms), 0
[TOTAL_GC_TIME_%_PS_Scavenge], Time(%), 0.0
[TOTAL_GCS_PS_MarkSweep], Count, 0
[TOTAL_GC_TIME_PS_MarkSweep], Time(ms), 0
[TOTAL_GC_TIME_%_PS_MarkSweep], Time(%), 0.0
[TOTAL_GCs], Count, 0
[TOTAL_GC_TIME], Time(ms), 0
[TOTAL_GC_TIME_%], Time(%), 0.0
[READ], Operations, 100000
[READ], AverageLatency(us), 92.45048
[READ], MinLatency(us), 62
[READ], MaxLatency(us), 7915
[READ], 95thPercentileLatency(us), 116
[READ], 99thPercentileLatency(us), 135
[READ], Return=OK, 100000
[CLEANUP], Operations, 1
[CLEANUP], AverageLatency(us), 742.0
[CLEANUP], MinLatency(us), 742
[CLEANUP], MaxLatency(us), 742
[CLEANUP], 95thPercentileLatency(us), 742
[CLEANUP], 99thPercentileLatency(us), 742
[OVERALL], RunTime(ms), 10353
[OVERALL], OP, 100000
[OVERALL], Throughput(ops/sec), 9659.036028204386
[TOTAL_GCS_PS_Scavenge], Count, 0
[TOTAL_GC_TIME_PS_Scavenge], Time(ms), 0
[TOTAL_GC_TIME_%_PS_Scavenge], Time(%), 0.0
[TOTAL_GCS_PS_MarkSweep], Count, 0
[TOTAL_GC_TIME_PS_MarkSweep], Time(ms), 0
[TOTAL_GC_TIME_%_PS_MarkSweep], Time(%), 0.0
[TOTAL_GCs], Count, 0
[TOTAL_GC_TIME], Time(ms), 0
[TOTAL_GC_TIME_%], Time(%), 0.0
[READ], Operations, 100000
[READ], AverageLatency(us), 101.77284
[READ], MinLatency(us), 72
[READ], MaxLatency(us), 7855
[READ], 95thPercentileLatency(us), 127
[READ], 99thPercentileLatency(us), 147
[READ], Return=OK, 100000
[CLEANUP], Operations, 1
[CLEANUP], AverageLatency(us), 964.0
[CLEANUP], MinLatency(us), 964
[CLEANUP], MaxLatency(us), 964
[CLEANUP], 95thPercentileLatency(us), 964
[CLEANUP], 99thPercentileLatency(us), 964
[OVERALL], RunTime(ms), 10370
[OVERALL], OP, 100000
[OVERALL], Throughput(ops/sec), 9643.201542912248
[TOTAL_GCS_PS_Scavenge], Count, 0
[TOTAL_GC_TIME_PS_Scavenge], Time(ms), 0
[TOTAL_GC_TIME_%_PS_Scavenge], Time(%), 0.0
[TOTAL_GCS_PS_MarkSweep], Count, 0
[TOTAL_GC_TIME_PS_MarkSweep], Time(ms), 0
[TOTAL_GC_TIME_%_PS_MarkSweep], Time(%), 0.0
[TOTAL_GCs], Count, 0
[TOTAL_GC_TIME], Time(ms), 0
[TOTAL_GC_TIME_%], Time(%), 0.0
[READ], Operations, 100000
[READ], AverageLatency(us), 101.98575
[READ], MinLatency(us), 72
[READ], MaxLatency(us), 7875
[READ], 95thPercentileLatency(us), 127
[READ], 99thPercentileLatency(us), 148
[READ], Return=OK, 100000
[CLEANUP], Operations, 1
[CLEANUP], AverageLatency(us), 992.0
[CLEANUP], MinLatency(us), 992
[CLEANUP], MaxLatency(us), 992
[CLEANUP], 95thPercentileLatency(us), 992
[CLEANUP], 99thPercentileLatency(us), 992
[OVERALL], RunTime(ms), 10233
[OVERALL], OP, 100000
[OVERALL], Throughput(ops/sec), 9772.30528681716
[TOTAL_GCS_PS_Scavenge], Count, 0
[TOTAL_GC_TIME_PS_Scavenge], Time(ms), 0
[TOTAL_GC_TIME_%_PS_Scavenge], Time(%), 0.0
[TOTAL_GCS_PS_MarkSweep], Count, 0
[TOTAL_GC_TIME_PS_MarkSweep], Time(ms), 0
[TOTAL_GC_TIME_%_PS_MarkSweep], Time(%), 0.0
[TOTAL_GCs], Count, 0
[TOTAL_GC_TIME], Time(ms), 0
[TOTAL_GC_TIME_%], Time(%), 0.0
[READ], Operations, 100000
[READ], AverageLatency(us), 100.65644
[READ], MinLatency(us), 74
[READ], MaxLatency(us), 7023
[READ], 95thPercentileLatency(us), 124
[READ], 99thPercentileLatency(us), 145
[READ], Return=OK, 100000
[CLEANUP], Operations, 1
[CLEANUP], AverageLatency(us), 674.0
[CLEANUP], MinLatency(us), 674
[CLEANUP], MaxLatency(us), 674
[CLEANUP], 95thPercentileLatency(us), 674
[CLEANUP], 99thPercentileLatency(us), 674
[OVERALL], RunTime(ms), 10352
[OVERALL], OP, 100000
[OVERALL], Throughput(ops/sec), 9659.969088098918
[TOTAL_GCS_PS_Scavenge], Count, 0
[TOTAL_GC_TIME_PS_Scavenge], Time(ms), 0
[TOTAL_GC_TIME_%_PS_Scavenge], Time(%), 0.0
[TOTAL_GCS_PS_MarkSweep], Count, 0
[TOTAL_GC_TIME_PS_MarkSweep], Time(ms), 0
[TOTAL_GC_TIME_%_PS_MarkSweep], Time(%), 0.0
[TOTAL_GCs], Count, 0
[TOTAL_GC_TIME], Time(ms), 0
[TOTAL_GC_TIME_%], Time(%), 0.0
[READ], Operations, 100000
[READ], AverageLatency(us), 101.7795
[READ], MinLatency(us), 74
[READ], MaxLatency(us), 8327
[READ], 95thPercentileLatency(us), 123
[READ], 99thPercentileLatency(us), 144
[READ], Return=OK, 100000
[CLEANUP], Operations, 1
[CLEANUP], AverageLatency(us), 499.0
[CLEANUP], MinLatency(us), 499
[CLEANUP], MaxLatency(us), 499
[CLEANUP], 95thPercentileLatency(us), 499
[CLEANUP], 99thPercentileLatency(us), 499
[OVERALL], RunTime(ms), 10257
[OVERALL], OP, 100000
[OVERALL], Throughput(ops/sec), 9749.439407234084
[TOTAL_GCS_PS_Scavenge], Count, 0
[TOTAL_GC_TIME_PS_Scavenge], Time(ms), 0
[TOTAL_GC_TIME_%_PS_Scavenge], Time(%), 0.0
[TOTAL_GCS_PS_MarkSweep], Count, 0
[TOTAL_GC_TIME_PS_MarkSweep], Time(ms), 0
[TOTAL_GC_TIME_%_PS_MarkSweep], Time(%), 0.0
[TOTAL_GCs], Count, 0
[TOTAL_GC_TIME], Time(ms), 0
[TOTAL_GC_TIME_%], Time(%), 0.0
[READ], Operations, 100000
[READ], AverageLatency(us), 100.85378
[READ], MinLatency(us), 70
[READ], MaxLatency(us), 7079
[READ], 95thPercentileLatency(us), 124
[READ], 99thPercentileLatency(us), 144
[READ], Return=OK, 100000
[CLEANUP], Operations, 1
[CLEANUP], AverageLatency(us), 1425.0
[CLEANUP], MinLatency(us), 1425
[CLEANUP], MaxLatency(us), 1425
[CLEANUP], 95thPercentileLatency(us), 1425
[CLEANUP], 99thPercentileLatency(us), 1425
