Select TCP mode
Select TCP mode
Select TCP mode
Select TCP mode
Select TCP mode
Select TCP mode
Select TCP mode
Select TCP mode
Select TCP mode
Select TCP mode
Select TCP mode
Select TCP mode
Select TCP mode
Select TCP mode
Select TCP mode
Select TCP mode
[OVERALL], RunTime(ms), 8882
[OVERALL], OP, 100000
[OVERALL], Throughput(ops/sec), 11258.72551227201
[TOTAL_GCS_PS_Scavenge], Count, 0
[TOTAL_GC_TIME_PS_Scavenge], Time(ms), 0
[TOTAL_GC_TIME_%_PS_Scavenge], Time(%), 0.0
[TOTAL_GCS_PS_MarkSweep], Count, 0
[TOTAL_GC_TIME_PS_MarkSweep], Time(ms), 0
[TOTAL_GC_TIME_%_PS_MarkSweep], Time(%), 0.0
[TOTAL_GCs], Count, 0
[TOTAL_GC_TIME], Time(ms), 0
[TOTAL_GC_TIME_%], Time(%), 0.0
[READ], Operations, 100000
[READ], AverageLatency(us), 86.96487
[READ], MinLatency(us), 61
[READ], MaxLatency(us), 8991
[READ], 95thPercentileLatency(us), 111
[READ], 99thPercentileLatency(us), 131
[READ], Return=OK, 100000
[CLEANUP], Operations, 1
[CLEANUP], AverageLatency(us), 588.0
[CLEANUP], MinLatency(us), 588
[CLEANUP], MaxLatency(us), 588
[CLEANUP], 95thPercentileLatency(us), 588
[CLEANUP], 99thPercentileLatency(us), 588
[OVERALL], RunTime(ms), 9159
[OVERALL], OP, 100000
[OVERALL], Throughput(ops/sec), 10918.222513374823
[TOTAL_GCS_PS_Scavenge], Count, 0
[TOTAL_GC_TIME_PS_Scavenge], Time(ms), 0
[TOTAL_GC_TIME_%_PS_Scavenge], Time(%), 0.0
[TOTAL_GCS_PS_MarkSweep], Count, 0
[TOTAL_GC_TIME_PS_MarkSweep], Time(ms), 0
[TOTAL_GC_TIME_%_PS_MarkSweep], Time(%), 0.0
[TOTAL_GCs], Count, 0
[TOTAL_GC_TIME], Time(ms), 0
[TOTAL_GC_TIME_%], Time(%), 0.0
[READ], Operations, 100000
[READ], AverageLatency(us), 89.69496
[READ], MinLatency(us), 64
[READ], MaxLatency(us), 8335
[READ], 95thPercentileLatency(us), 113
[READ], 99thPercentileLatency(us), 133
[READ], Return=OK, 100000
[CLEANUP], Operations, 1
[CLEANUP], AverageLatency(us), 827.0
[CLEANUP], MinLatency(us), 827
[CLEANUP], MaxLatency(us), 827
[CLEANUP], 95thPercentileLatency(us), 827
[CLEANUP], 99thPercentileLatency(us), 827
[OVERALL], RunTime(ms), 9585
[OVERALL], OP, 100000
[OVERALL], Throughput(ops/sec), 10432.968179447053
[TOTAL_GCS_PS_Scavenge], Count, 0
[TOTAL_GC_TIME_PS_Scavenge], Time(ms), 0
[TOTAL_GC_TIME_%_PS_Scavenge], Time(%), 0.0
[TOTAL_GCS_PS_MarkSweep], Count, 0
[TOTAL_GC_TIME_PS_MarkSweep], Time(ms), 0
[TOTAL_GC_TIME_%_PS_MarkSweep], Time(%), 0.0
[TOTAL_GCs], Count, 0
[TOTAL_GC_TIME], Time(ms), 0
[TOTAL_GC_TIME_%], Time(%), 0.0
[READ], Operations, 100000
[READ], AverageLatency(us), 93.95687
[READ], MinLatency(us), 65
[READ], MaxLatency(us), 8407
[READ], 95thPercentileLatency(us), 120
[READ], 99thPercentileLatency(us), 140
[READ], Return=OK, 100000
[CLEANUP], Operations, 1
[CLEANUP], AverageLatency(us), 735.0
[CLEANUP], MinLatency(us), 735
[CLEANUP], MaxLatency(us), 735
[CLEANUP], 95thPercentileLatency(us), 735
[CLEANUP], 99thPercentileLatency(us), 735
[OVERALL], RunTime(ms), 9739
[OVERALL], OP, 100000
[OVERALL], Throughput(ops/sec), 10267.994660642777
[TOTAL_GCS_PS_Scavenge], Count, 0
[TOTAL_GC_TIME_PS_Scavenge], Time(ms), 0
[TOTAL_GC_TIME_%_PS_Scavenge], Time(%), 0.0
[TOTAL_GCS_PS_MarkSweep], Count, 0
[TOTAL_GC_TIME_PS_MarkSweep], Time(ms), 0
[TOTAL_GC_TIME_%_PS_MarkSweep], Time(%), 0.0
[TOTAL_GCs], Count, 0
[TOTAL_GC_TIME], Time(ms), 0
[TOTAL_GC_TIME_%], Time(%), 0.0
[READ], Operations, 100000
[READ], AverageLatency(us), 95.56198
[READ], MinLatency(us), 64
[READ], MaxLatency(us), 8247
[READ], 95thPercentileLatency(us), 120
[READ], 99thPercentileLatency(us), 139
[READ], Return=OK, 100000
[CLEANUP], Operations, 1
[CLEANUP], AverageLatency(us), 1530.0
[CLEANUP], MinLatency(us), 1530
[CLEANUP], MaxLatency(us), 1530
[CLEANUP], 95thPercentileLatency(us), 1530
[CLEANUP], 99thPercentileLatency(us), 1530
[OVERALL], RunTime(ms), 9789
[OVERALL], OP, 100000
[OVERALL], Throughput(ops/sec), 10215.548064153641
[TOTAL_GCS_PS_Scavenge], Count, 0
[TOTAL_GC_TIME_PS_Scavenge], Time(ms), 0
[TOTAL_GC_TIME_%_PS_Scavenge], Time(%), 0.0
[TOTAL_GCS_PS_MarkSweep], Count, 0
[TOTAL_GC_TIME_PS_MarkSweep], Time(ms), 0
[TOTAL_GC_TIME_%_PS_MarkSweep], Time(%), 0.0
[TOTAL_GCs], Count, 0
[TOTAL_GC_TIME], Time(ms), 0
[TOTAL_GC_TIME_%], Time(%), 0.0
[READ], Operations, 100000
[READ], AverageLatency(us), 95.9574
[READ], MinLatency(us), 65
[READ], MaxLatency(us), 8327
[READ], 95thPercentileLatency(us), 121
[READ], 99thPercentileLatency(us), 143
[READ], Return=OK, 100000
[CLEANUP], Operations, 1
[CLEANUP], AverageLatency(us), 756.0
[CLEANUP], MinLatency(us), 756
[CLEANUP], MaxLatency(us), 756
[CLEANUP], 95thPercentileLatency(us), 756
[CLEANUP], 99thPercentileLatency(us), 756
[OVERALL], RunTime(ms), 9913
[OVERALL], OP, 100000
[OVERALL], Throughput(ops/sec), 10087.763542822557
[TOTAL_GCS_PS_Scavenge], Count, 0
[TOTAL_GC_TIME_PS_Scavenge], Time(ms), 0
[TOTAL_GC_TIME_%_PS_Scavenge], Time(%), 0.0
[TOTAL_GCS_PS_MarkSweep], Count, 0
[TOTAL_GC_TIME_PS_MarkSweep], Time(ms), 0
[TOTAL_GC_TIME_%_PS_MarkSweep], Time(%), 0.0
[TOTAL_GCs], Count, 0
[TOTAL_GC_TIME], Time(ms), 0
[TOTAL_GC_TIME_%], Time(%), 0.0
[READ], Operations, 100000
[READ], AverageLatency(us), 97.10019
[READ], MinLatency(us), 69
[READ], MaxLatency(us), 8279
[READ], 95thPercentileLatency(us), 121
[READ], 99thPercentileLatency(us), 141
[READ], Return=OK, 100000
[CLEANUP], Operations, 1
[CLEANUP], AverageLatency(us), 1425.0
[CLEANUP], MinLatency(us), 1425
[CLEANUP], MaxLatency(us), 1425
[CLEANUP], 95thPercentileLatency(us), 1425
[CLEANUP], 99thPercentileLatency(us), 1425
[OVERALL], RunTime(ms), 9941
[OVERALL], OP, 100000
[OVERALL], Throughput(ops/sec), 10059.350165979278
[TOTAL_GCS_PS_Scavenge], Count, 0
[TOTAL_GC_TIME_PS_Scavenge], Time(ms), 0
[TOTAL_GC_TIME_%_PS_Scavenge], Time(%), 0.0
[TOTAL_GCS_PS_MarkSweep], Count, 0
[TOTAL_GC_TIME_PS_MarkSweep], Time(ms), 0
[TOTAL_GC_TIME_%_PS_MarkSweep], Time(%), 0.0
[TOTAL_GCs], Count, 0
[TOTAL_GC_TIME], Time(ms), 0
[TOTAL_GC_TIME_%], Time(%), 0.0
[READ], Operations, 100000
[READ], AverageLatency(us), 97.71223
[READ], MinLatency(us), 66
[READ], MaxLatency(us), 8215
[READ], 95thPercentileLatency(us), 125
[READ], 99thPercentileLatency(us), 149
[READ], Return=OK, 100000
[CLEANUP], Operations, 1
[CLEANUP], AverageLatency(us), 737.0
[CLEANUP], MinLatency(us), 737
[CLEANUP], MaxLatency(us), 737
[CLEANUP], 95thPercentileLatency(us), 737
[CLEANUP], 99thPercentileLatency(us), 737
[OVERALL], RunTime(ms), 10021
[OVERALL], OP, 100000
[OVERALL], Throughput(ops/sec), 9979.044007584074
[TOTAL_GCS_PS_Scavenge], Count, 0
[TOTAL_GC_TIME_PS_Scavenge], Time(ms), 0
[TOTAL_GC_TIME_%_PS_Scavenge], Time(%), 0.0
[TOTAL_GCS_PS_MarkSweep], Count, 0
[TOTAL_GC_TIME_PS_MarkSweep], Time(ms), 0
[TOTAL_GC_TIME_%_PS_MarkSweep], Time(%), 0.0
[TOTAL_GCs], Count, 0
[TOTAL_GC_TIME], Time(ms), 0
[TOTAL_GC_TIME_%], Time(%), 0.0
[READ], Operations, 100000
[READ], AverageLatency(us), 97.98953
[READ], MinLatency(us), 70
[READ], MaxLatency(us), 8231
[READ], 95thPercentileLatency(us), 122
[READ], 99thPercentileLatency(us), 143
[READ], Return=OK, 100000
[CLEANUP], Operations, 1
[CLEANUP], AverageLatency(us), 640.0
[CLEANUP], MinLatency(us), 640
[CLEANUP], MaxLatency(us), 640
[CLEANUP], 95thPercentileLatency(us), 640
[CLEANUP], 99thPercentileLatency(us), 640
[OVERALL], RunTime(ms), 9944
[OVERALL], OP, 100000
[OVERALL], Throughput(ops/sec), 10056.31536604988
[TOTAL_GCS_PS_Scavenge], Count, 0
[TOTAL_GC_TIME_PS_Scavenge], Time(ms), 0
[TOTAL_GC_TIME_%_PS_Scavenge], Time(%), 0.0
[TOTAL_GCS_PS_MarkSweep], Count, 0
[TOTAL_GC_TIME_PS_MarkSweep], Time(ms), 0
[TOTAL_GC_TIME_%_PS_MarkSweep], Time(%), 0.0
[TOTAL_GCs], Count, 0
[TOTAL_GC_TIME], Time(ms), 0
[TOTAL_GC_TIME_%], Time(%), 0.0
[READ], Operations, 100000
[READ], AverageLatency(us), 97.5855
[READ], MinLatency(us), 70
[READ], MaxLatency(us), 8967
[READ], 95thPercentileLatency(us), 122
[READ], 99thPercentileLatency(us), 143
[READ], Return=OK, 100000
[CLEANUP], Operations, 1
[CLEANUP], AverageLatency(us), 769.0
[CLEANUP], MinLatency(us), 769
[CLEANUP], MaxLatency(us), 769
[CLEANUP], 95thPercentileLatency(us), 769
[CLEANUP], 99thPercentileLatency(us), 769
[OVERALL], RunTime(ms), 9961
[OVERALL], OP, 100000
[OVERALL], Throughput(ops/sec), 10039.1526955125
[TOTAL_GCS_PS_Scavenge], Count, 0
[TOTAL_GC_TIME_PS_Scavenge], Time(ms), 0
[TOTAL_GC_TIME_%_PS_Scavenge], Time(%), 0.0
[TOTAL_GCS_PS_MarkSweep], Count, 0
[TOTAL_GC_TIME_PS_MarkSweep], Time(ms), 0
[TOTAL_GC_TIME_%_PS_MarkSweep], Time(%), 0.0
[TOTAL_GCs], Count, 0
[TOTAL_GC_TIME], Time(ms), 0
[TOTAL_GC_TIME_%], Time(%), 0.0
[READ], Operations, 100000
[READ], AverageLatency(us), 97.86425
[READ], MinLatency(us), 70
[READ], MaxLatency(us), 8399
[READ], 95thPercentileLatency(us), 120
[READ], 99thPercentileLatency(us), 142
[READ], Return=OK, 100000
[CLEANUP], Operations, 1
[CLEANUP], AverageLatency(us), 1049.0
[CLEANUP], MinLatency(us), 1049
[CLEANUP], MaxLatency(us), 1049
[CLEANUP], 95thPercentileLatency(us), 1049
[CLEANUP], 99thPercentileLatency(us), 1049
[OVERALL], RunTime(ms), 9974
[OVERALL], OP, 100000
[OVERALL], Throughput(ops/sec), 10026.067776218168
[TOTAL_GCS_PS_Scavenge], Count, 0
[TOTAL_GC_TIME_PS_Scavenge], Time(ms), 0
[TOTAL_GC_TIME_%_PS_Scavenge], Time(%), 0.0
[TOTAL_GCS_PS_MarkSweep], Count, 0
[TOTAL_GC_TIME_PS_MarkSweep], Time(ms), 0
[TOTAL_GC_TIME_%_PS_MarkSweep], Time(%), 0.0
[TOTAL_GCs], Count, 0
[TOTAL_GC_TIME], Time(ms), 0
[TOTAL_GC_TIME_%], Time(%), 0.0
[READ], Operations, 100000
[READ], AverageLatency(us), 97.80383
[READ], MinLatency(us), 71
[READ], MaxLatency(us), 8991
[READ], 95thPercentileLatency(us), 122
[READ], 99thPercentileLatency(us), 143
[READ], Return=OK, 100000
[CLEANUP], Operations, 1
[CLEANUP], AverageLatency(us), 788.0
[CLEANUP], MinLatency(us), 788
[CLEANUP], MaxLatency(us), 788
[CLEANUP], 95thPercentileLatency(us), 788
[CLEANUP], 99thPercentileLatency(us), 788
[OVERALL], RunTime(ms), 10090
[OVERALL], OP, 100000
[OVERALL], Throughput(ops/sec), 9910.802775024777
[TOTAL_GCS_PS_Scavenge], Count, 0
[TOTAL_GC_TIME_PS_Scavenge], Time(ms), 0
[TOTAL_GC_TIME_%_PS_Scavenge], Time(%), 0.0
[TOTAL_GCS_PS_MarkSweep], Count, 0
[TOTAL_GC_TIME_PS_MarkSweep], Time(ms), 0
[TOTAL_GC_TIME_%_PS_MarkSweep], Time(%), 0.0
[TOTAL_GCs], Count, 0
[TOTAL_GC_TIME], Time(ms), 0
[TOTAL_GC_TIME_%], Time(%), 0.0
[READ], Operations, 100000
[READ], AverageLatency(us), 99.17197
[READ], MinLatency(us), 72
[READ], MaxLatency(us), 8383
[READ], 95thPercentileLatency(us), 121
[READ], 99thPercentileLatency(us), 143
[READ], Return=OK, 100000
[CLEANUP], Operations, 1
[CLEANUP], AverageLatency(us), 687.0
[CLEANUP], MinLatency(us), 687
[CLEANUP], MaxLatency(us), 687
[CLEANUP], 95thPercentileLatency(us), 687
[CLEANUP], 99thPercentileLatency(us), 687
[OVERALL], RunTime(ms), 10219
[OVERALL], OP, 100000
[OVERALL], Throughput(ops/sec), 9785.693316371466
[TOTAL_GCS_PS_Scavenge], Count, 0
[TOTAL_GC_TIME_PS_Scavenge], Time(ms), 0
[TOTAL_GC_TIME_%_PS_Scavenge], Time(%), 0.0
[TOTAL_GCS_PS_MarkSweep], Count, 0
[TOTAL_GC_TIME_PS_MarkSweep], Time(ms), 0
[TOTAL_GC_TIME_%_PS_MarkSweep], Time(%), 0.0
[TOTAL_GCs], Count, 0
[TOTAL_GC_TIME], Time(ms), 0
[TOTAL_GC_TIME_%], Time(%), 0.0
[READ], Operations, 100000
[READ], AverageLatency(us), 100.46596
[READ], MinLatency(us), 74
[READ], MaxLatency(us), 8543
[READ], 95thPercentileLatency(us), 123
[READ], 99thPercentileLatency(us), 144
[READ], Return=OK, 100000
[CLEANUP], Operations, 1
[CLEANUP], AverageLatency(us), 484.0
[CLEANUP], MinLatency(us), 484
[CLEANUP], MaxLatency(us), 484
[CLEANUP], 95thPercentileLatency(us), 484
[CLEANUP], 99thPercentileLatency(us), 484
[OVERALL], RunTime(ms), 10288
[OVERALL], OP, 100000
[OVERALL], Throughput(ops/sec), 9720.062208398134
[TOTAL_GCS_PS_Scavenge], Count, 0
[TOTAL_GC_TIME_PS_Scavenge], Time(ms), 0
[TOTAL_GC_TIME_%_PS_Scavenge], Time(%), 0.0
[TOTAL_GCS_PS_MarkSweep], Count, 0
[TOTAL_GC_TIME_PS_MarkSweep], Time(ms), 0
[TOTAL_GC_TIME_%_PS_MarkSweep], Time(%), 0.0
[TOTAL_GCs], Count, 0
[TOTAL_GC_TIME], Time(ms), 0
[TOTAL_GC_TIME_%], Time(%), 0.0
[READ], Operations, 100000
[READ], AverageLatency(us), 101.21993
[READ], MinLatency(us), 73
[READ], MaxLatency(us), 8863
[READ], 95thPercentileLatency(us), 127
[READ], 99thPercentileLatency(us), 148
[READ], Return=OK, 100000
[CLEANUP], Operations, 1
[CLEANUP], AverageLatency(us), 548.0
[CLEANUP], MinLatency(us), 548
[CLEANUP], MaxLatency(us), 548
[CLEANUP], 95thPercentileLatency(us), 548
[CLEANUP], 99thPercentileLatency(us), 548
[OVERALL], RunTime(ms), 10584
[OVERALL], OP, 100000
[OVERALL], Throughput(ops/sec), 9448.223733938019
[TOTAL_GCS_PS_Scavenge], Count, 0
[TOTAL_GC_TIME_PS_Scavenge], Time(ms), 0
[TOTAL_GC_TIME_%_PS_Scavenge], Time(%), 0.0
[TOTAL_GCS_PS_MarkSweep], Count, 0
[TOTAL_GC_TIME_PS_MarkSweep], Time(ms), 0
[TOTAL_GC_TIME_%_PS_MarkSweep], Time(%), 0.0
[TOTAL_GCs], Count, 0
[TOTAL_GC_TIME], Time(ms), 0
[TOTAL_GC_TIME_%], Time(%), 0.0
[READ], Operations, 100000
[READ], AverageLatency(us), 104.03465
[READ], MinLatency(us), 75
[READ], MaxLatency(us), 8575
[READ], 95thPercentileLatency(us), 129
[READ], 99thPercentileLatency(us), 151
[READ], Return=OK, 100000
[CLEANUP], Operations, 1
[CLEANUP], AverageLatency(us), 606.0
[CLEANUP], MinLatency(us), 606
[CLEANUP], MaxLatency(us), 606
[CLEANUP], 95thPercentileLatency(us), 606
[CLEANUP], 99thPercentileLatency(us), 606
[OVERALL], RunTime(ms), 10523
[OVERALL], OP, 100000
[OVERALL], Throughput(ops/sec), 9502.993442934525
[TOTAL_GCS_PS_Scavenge], Count, 0
[TOTAL_GC_TIME_PS_Scavenge], Time(ms), 0
[TOTAL_GC_TIME_%_PS_Scavenge], Time(%), 0.0
[TOTAL_GCS_PS_MarkSweep], Count, 0
[TOTAL_GC_TIME_PS_MarkSweep], Time(ms), 0
[TOTAL_GC_TIME_%_PS_MarkSweep], Time(%), 0.0
[TOTAL_GCs], Count, 0
[TOTAL_GC_TIME], Time(ms), 0
[TOTAL_GC_TIME_%], Time(%), 0.0
[READ], Operations, 100000
[READ], AverageLatency(us), 103.49403
[READ], MinLatency(us), 72
[READ], MaxLatency(us), 8503
[READ], 95thPercentileLatency(us), 131
[READ], 99thPercentileLatency(us), 161
[READ], Return=OK, 100000
[CLEANUP], Operations, 1
[CLEANUP], AverageLatency(us), 583.0
[CLEANUP], MinLatency(us), 583
[CLEANUP], MaxLatency(us), 583
[CLEANUP], 95thPercentileLatency(us), 583
[CLEANUP], 99thPercentileLatency(us), 583
