Select RDMA Busy Polling mode
Select RDMA Busy Polling mode
Select RDMA Busy Polling mode
Select RDMA Busy Polling mode
Select RDMA Busy Polling mode
Select RDMA Busy Polling mode
Select RDMA Busy Polling mode
Select RDMA Busy Polling mode
Select RDMA Busy Polling mode
Select RDMA Busy Polling mode
Select RDMA Busy Polling mode
Select RDMA Busy Polling mode
Select RDMA Busy Polling mode
Select RDMA Busy Polling mode
Select RDMA Busy Polling mode
Select RDMA Busy Polling mode
total zerocopy send size = 0, total send size = 22261563, 0.000000
[OVERALL], RunTime(ms), 5147
[OVERALL], OP, 100000
[OVERALL], Throughput(ops/sec), 19428.793471925394
[TOTAL_GCS_PS_Scavenge], Count, 0
[TOTAL_GC_TIME_PS_Scavenge], Time(ms), 0
[TOTAL_GC_TIME_%_PS_Scavenge], Time(%), 0.0
[TOTAL_GCS_PS_MarkSweep], Count, 0
[TOTAL_GC_TIME_PS_MarkSweep], Time(ms), 0
[TOTAL_GC_TIME_%_PS_MarkSweep], Time(%), 0.0
[TOTAL_GCs], Count, 0
[TOTAL_GC_TIME], Time(ms), 0
[TOTAL_GC_TIME_%], Time(%), 0.0
[READ], Operations, 94987
[READ], AverageLatency(us), 49.19013128112268
[READ], MinLatency(us), 23
[READ], MaxLatency(us), 5163
[READ], 95thPercentileLatency(us), 83
[READ], 99thPercentileLatency(us), 118
[READ], Return=OK, 94987
[CLEANUP], Operations, 1
[CLEANUP], AverageLatency(us), 4061.0
[CLEANUP], MinLatency(us), 4060
[CLEANUP], MaxLatency(us), 4061
[CLEANUP], 95thPercentileLatency(us), 4061
[CLEANUP], 99thPercentileLatency(us), 4061
[INSERT], Operations, 5013
[INSERT], AverageLatency(us), 63.9146219828446
[INSERT], MinLatency(us), 30
[INSERT], MaxLatency(us), 1742
[INSERT], 95thPercentileLatency(us), 115
[INSERT], 99thPercentileLatency(us), 210
[INSERT], Return=OK, 5013
total zerocopy send size = 0, total send size = 22247950, 0.000000
[OVERALL], RunTime(ms), 5192
[OVERALL], OP, 100000
[OVERALL], Throughput(ops/sec), 19260.40061633282
[TOTAL_GCS_PS_Scavenge], Count, 0
[TOTAL_GC_TIME_PS_Scavenge], Time(ms), 0
[TOTAL_GC_TIME_%_PS_Scavenge], Time(%), 0.0
[TOTAL_GCS_PS_MarkSweep], Count, 0
[TOTAL_GC_TIME_PS_MarkSweep], Time(ms), 0
[TOTAL_GC_TIME_%_PS_MarkSweep], Time(%), 0.0
[TOTAL_GCs], Count, 0
[TOTAL_GC_TIME], Time(ms), 0
[TOTAL_GC_TIME_%], Time(%), 0.0
[READ], Operations, 95006
[READ], AverageLatency(us), 49.796149716859986
[READ], MinLatency(us), 24
[READ], MaxLatency(us), 5535
[READ], 95thPercentileLatency(us), 84
[READ], 99thPercentileLatency(us), 117
[READ], Return=OK, 95006
[CLEANUP], Operations, 1
[CLEANUP], AverageLatency(us), 4051.0
[CLEANUP], MinLatency(us), 4050
[CLEANUP], MaxLatency(us), 4051
[CLEANUP], 95thPercentileLatency(us), 4051
[CLEANUP], 99thPercentileLatency(us), 4051
[INSERT], Operations, 4994
[INSERT], AverageLatency(us), 63.35522627152583
[INSERT], MinLatency(us), 30
[INSERT], MaxLatency(us), 1065
[INSERT], 95thPercentileLatency(us), 113
[INSERT], 99thPercentileLatency(us), 178
[INSERT], Return=OK, 4994
total zerocopy send size = 0, total send size = 22210109, 0.000000
total zerocopy send size = 0, total send size = 22161952, 0.000000
[OVERALL], RunTime(ms), 5292
[OVERALL], OP, 100000
[OVERALL], Throughput(ops/sec), 18896.447467876038
[TOTAL_GCS_PS_Scavenge], Count, 0
[TOTAL_GC_TIME_PS_Scavenge], Time(ms), 0
[TOTAL_GC_TIME_%_PS_Scavenge], Time(%), 0.0
[TOTAL_GCS_PS_MarkSweep], Count, 0
[TOTAL_GC_TIME_PS_MarkSweep], Time(ms), 0
[TOTAL_GC_TIME_%_PS_MarkSweep], Time(%), 0.0
[TOTAL_GCs], Count, 0
[TOTAL_GC_TIME], Time(ms), 0
[TOTAL_GC_TIME_%], Time(%), 0.0
[READ], Operations, 95019
[READ], AverageLatency(us), 50.73128532188299
[READ], MinLatency(us), 24
[READ], MaxLatency(us), 5975
[READ], 95thPercentileLatency(us), 86
[READ], 99thPercentileLatency(us), 122
[READ], Return=OK, 95019
[CLEANUP], Operations, 1
[CLEANUP], AverageLatency(us), 2349.0
[CLEANUP], MinLatency(us), 2348
[CLEANUP], MaxLatency(us), 2349
[CLEANUP], 95thPercentileLatency(us), 2349
[CLEANUP], 99thPercentileLatency(us), 2349
[INSERT], Operations, 4981
[INSERT], AverageLatency(us), 65.09255169644649
[INSERT], MinLatency(us), 33
[INSERT], MaxLatency(us), 459
[INSERT], 95thPercentileLatency(us), 111
[INSERT], 99thPercentileLatency(us), 177
[INSERT], Return=OK, 4981
[OVERALL], RunTime(ms), 5283
[OVERALL], OP, 100000
[OVERALL], Throughput(ops/sec), 18928.639030853683
[TOTAL_GCS_PS_Scavenge], Count, 0
[TOTAL_GC_TIME_PS_Scavenge], Time(ms), 0
[TOTAL_GC_TIME_%_PS_Scavenge], Time(%), 0.0
[TOTAL_GCS_PS_MarkSweep], Count, 0
[TOTAL_GC_TIME_PS_MarkSweep], Time(ms), 0
[TOTAL_GC_TIME_%_PS_MarkSweep], Time(%), 0.0
[TOTAL_GCs], Count, 0
[TOTAL_GC_TIME], Time(ms), 0
[TOTAL_GC_TIME_%], Time(%), 0.0
[READ], Operations, 95061
[READ], AverageLatency(us), 50.590736474474284
[READ], MinLatency(us), 24
[READ], MaxLatency(us), 5007
[READ], 95thPercentileLatency(us), 85
[READ], 99thPercentileLatency(us), 119
[READ], Return=OK, 95061
[CLEANUP], Operations, 1
[CLEANUP], AverageLatency(us), 2151.0
[CLEANUP], MinLatency(us), 2150
[CLEANUP], MaxLatency(us), 2151
[CLEANUP], 95thPercentileLatency(us), 2151
[CLEANUP], 99thPercentileLatency(us), 2151
[INSERT], Operations, 4939
[INSERT], AverageLatency(us), 65.55861510427212
[INSERT], MinLatency(us), 31
[INSERT], MaxLatency(us), 922
[INSERT], 95thPercentileLatency(us), 120
[INSERT], 99thPercentileLatency(us), 201
[INSERT], Return=OK, 4939
total zerocopy send size = 0, total send size = 22214319, 0.000000
[OVERALL], RunTime(ms), 5323
[OVERALL], OP, 100000
[OVERALL], Throughput(ops/sec), 18786.398647379297
[TOTAL_GCS_PS_Scavenge], Count, 0
[TOTAL_GC_TIME_PS_Scavenge], Time(ms), 0
[TOTAL_GC_TIME_%_PS_Scavenge], Time(%), 0.0
[TOTAL_GCS_PS_MarkSweep], Count, 0
[TOTAL_GC_TIME_PS_MarkSweep], Time(ms), 0
[TOTAL_GC_TIME_%_PS_MarkSweep], Time(%), 0.0
[TOTAL_GCs], Count, 0
[TOTAL_GC_TIME], Time(ms), 0
[TOTAL_GC_TIME_%], Time(%), 0.0
[READ], Operations, 95018
[READ], AverageLatency(us), 51.05262160853733
[READ], MinLatency(us), 24
[READ], MaxLatency(us), 5567
[READ], 95thPercentileLatency(us), 86
[READ], 99thPercentileLatency(us), 122
[READ], Return=OK, 95018
[CLEANUP], Operations, 1
[CLEANUP], AverageLatency(us), 5062.0
[CLEANUP], MinLatency(us), 5060
[CLEANUP], MaxLatency(us), 5063
[CLEANUP], 95thPercentileLatency(us), 5063
[CLEANUP], 99thPercentileLatency(us), 5063
[INSERT], Operations, 4982
[INSERT], AverageLatency(us), 65.54516258530711
[INSERT], MinLatency(us), 33
[INSERT], MaxLatency(us), 1023
[INSERT], 95thPercentileLatency(us), 114
[INSERT], 99thPercentileLatency(us), 177
[INSERT], Return=OK, 4982
total zerocopy send size = 0, total send size = 22135372, 0.000000
total zerocopy send size = 0, total send size = 22310604, 0.000000
[OVERALL], RunTime(ms), 5344
[OVERALL], OP, 100000
[OVERALL], Throughput(ops/sec), 18712.574850299403
[TOTAL_GCS_PS_Scavenge], Count, 0
[TOTAL_GC_TIME_PS_Scavenge], Time(ms), 0
[TOTAL_GC_TIME_%_PS_Scavenge], Time(%), 0.0
[TOTAL_GCS_PS_MarkSweep], Count, 0
[TOTAL_GC_TIME_PS_MarkSweep], Time(ms), 0
[TOTAL_GC_TIME_%_PS_MarkSweep], Time(%), 0.0
[TOTAL_GCs], Count, 0
[TOTAL_GC_TIME], Time(ms), 0
[TOTAL_GC_TIME_%], Time(%), 0.0
[READ], Operations, 95091
[READ], AverageLatency(us), 51.33603600761376
[READ], MinLatency(us), 24
[READ], MaxLatency(us), 5187
[READ], 95thPercentileLatency(us), 86
[READ], 99thPercentileLatency(us), 120
[READ], Return=OK, 95091
[CLEANUP], Operations, 1
[CLEANUP], AverageLatency(us), 2217.0
[CLEANUP], MinLatency(us), 2216
[CLEANUP], MaxLatency(us), 2217
[CLEANUP], 95thPercentileLatency(us), 2217
[CLEANUP], 99thPercentileLatency(us), 2217
[INSERT], Operations, 4909
[INSERT], AverageLatency(us), 63.8199225911591
[INSERT], MinLatency(us), 32
[INSERT], MaxLatency(us), 620
[INSERT], 95thPercentileLatency(us), 113
[INSERT], 99thPercentileLatency(us), 174
[INSERT], Return=OK, 4909
[OVERALL], RunTime(ms), 5362
[OVERALL], OP, 100000
[OVERALL], Throughput(ops/sec), 18649.75755315181
[TOTAL_GCS_PS_Scavenge], Count, 0
[TOTAL_GC_TIME_PS_Scavenge], Time(ms), 0
[TOTAL_GC_TIME_%_PS_Scavenge], Time(%), 0.0
[TOTAL_GCS_PS_MarkSweep], Count, 0
[TOTAL_GC_TIME_PS_MarkSweep], Time(ms), 0
[TOTAL_GC_TIME_%_PS_MarkSweep], Time(%), 0.0
[TOTAL_GCs], Count, 0
[TOTAL_GC_TIME], Time(ms), 0
[TOTAL_GC_TIME_%], Time(%), 0.0
[READ], Operations, 94949
[READ], AverageLatency(us), 51.46537614930121
[READ], MinLatency(us), 24
[READ], MaxLatency(us), 5595
[READ], 95thPercentileLatency(us), 86
[READ], 99thPercentileLatency(us), 120
[READ], Return=OK, 94949
[CLEANUP], Operations, 1
[CLEANUP], AverageLatency(us), 2165.0
[CLEANUP], MinLatency(us), 2164
[CLEANUP], MaxLatency(us), 2165
[CLEANUP], 95thPercentileLatency(us), 2165
[CLEANUP], 99thPercentileLatency(us), 2165
[INSERT], Operations, 5051
[INSERT], AverageLatency(us), 64.03880419718868
[INSERT], MinLatency(us), 31
[INSERT], MaxLatency(us), 474
[INSERT], 95thPercentileLatency(us), 113
[INSERT], 99thPercentileLatency(us), 203
[INSERT], Return=OK, 5051
total zerocopy send size = 0, total send size = 22075756, 0.000000
total zerocopy send size = 0, total send size = 22295938, 0.000000
[OVERALL], RunTime(ms), 5397
[OVERALL], OP, 100000
[OVERALL], Throughput(ops/sec), 18528.81230313137
[TOTAL_GCS_PS_Scavenge], Count, 0
[TOTAL_GC_TIME_PS_Scavenge], Time(ms), 0
[TOTAL_GC_TIME_%_PS_Scavenge], Time(%), 0.0
[TOTAL_GCS_PS_MarkSweep], Count, 0
[TOTAL_GC_TIME_PS_MarkSweep], Time(ms), 0
[TOTAL_GC_TIME_%_PS_MarkSweep], Time(%), 0.0
[TOTAL_GCs], Count, 0
[TOTAL_GC_TIME], Time(ms), 0
[TOTAL_GC_TIME_%], Time(%), 0.0
[READ], Operations, 95145
[READ], AverageLatency(us), 51.79316832203479
[READ], MinLatency(us), 25
[READ], MaxLatency(us), 5359
[READ], 95thPercentileLatency(us), 87
[READ], 99thPercentileLatency(us), 122
[READ], Return=OK, 95145
[CLEANUP], Operations, 1
[CLEANUP], AverageLatency(us), 4106.0
[CLEANUP], MinLatency(us), 4104
[CLEANUP], MaxLatency(us), 4107
[CLEANUP], 95thPercentileLatency(us), 4107
[CLEANUP], 99thPercentileLatency(us), 4107
[INSERT], Operations, 4855
[INSERT], AverageLatency(us), 66.38043254376932
[INSERT], MinLatency(us), 32
[INSERT], MaxLatency(us), 726
[INSERT], 95thPercentileLatency(us), 115
[INSERT], 99thPercentileLatency(us), 192
[INSERT], Return=OK, 4855
[OVERALL], RunTime(ms), 5370
[OVERALL], OP, 100000
[OVERALL], Throughput(ops/sec), 18621.973929236497
[TOTAL_GCS_PS_Scavenge], Count, 0
[TOTAL_GC_TIME_PS_Scavenge], Time(ms), 0
[TOTAL_GC_TIME_%_PS_Scavenge], Time(%), 0.0
[TOTAL_GCS_PS_MarkSweep], Count, 0
[TOTAL_GC_TIME_PS_MarkSweep], Time(ms), 0
[TOTAL_GC_TIME_%_PS_MarkSweep], Time(%), 0.0
[TOTAL_GCs], Count, 0
[TOTAL_GC_TIME], Time(ms), 0
[TOTAL_GC_TIME_%], Time(%), 0.0
[READ], Operations, 94953
[READ], AverageLatency(us), 51.60019167377545
[READ], MinLatency(us), 24
[READ], MaxLatency(us), 5911
[READ], 95thPercentileLatency(us), 87
[READ], 99thPercentileLatency(us), 122
[READ], Return=OK, 94953
[CLEANUP], Operations, 1
[CLEANUP], AverageLatency(us), 2165.0
[CLEANUP], MinLatency(us), 2164
[CLEANUP], MaxLatency(us), 2165
[CLEANUP], 95thPercentileLatency(us), 2165
[CLEANUP], 99thPercentileLatency(us), 2165
[INSERT], Operations, 5047
[INSERT], AverageLatency(us), 64.61065979789974
[INSERT], MinLatency(us), 31
[INSERT], MaxLatency(us), 2473
[INSERT], 95thPercentileLatency(us), 113
[INSERT], 99thPercentileLatency(us), 188
[INSERT], Return=OK, 5047
total zerocopy send size = 0, total send size = 22134016, 0.000000
[OVERALL], RunTime(ms), 5445
[OVERALL], OP, 100000
[OVERALL], Throughput(ops/sec), 18365.472910927456
[TOTAL_GCS_PS_Scavenge], Count, 0
[TOTAL_GC_TIME_PS_Scavenge], Time(ms), 0
[TOTAL_GC_TIME_%_PS_Scavenge], Time(%), 0.0
[TOTAL_GCS_PS_MarkSweep], Count, 0
[TOTAL_GC_TIME_PS_MarkSweep], Time(ms), 0
[TOTAL_GC_TIME_%_PS_MarkSweep], Time(%), 0.0
[TOTAL_GCs], Count, 0
[TOTAL_GC_TIME], Time(ms), 0
[TOTAL_GC_TIME_%], Time(%), 0.0
[READ], Operations, 95080
[READ], AverageLatency(us), 52.19264829617165
[READ], MinLatency(us), 23
[READ], MaxLatency(us), 1998
[READ], 95thPercentileLatency(us), 90
[READ], 99thPercentileLatency(us), 128
[READ], Return=OK, 95080
[CLEANUP], Operations, 1
[CLEANUP], AverageLatency(us), 2153.0
[CLEANUP], MinLatency(us), 2152
[CLEANUP], MaxLatency(us), 2153
[CLEANUP], 95thPercentileLatency(us), 2153
[CLEANUP], 99thPercentileLatency(us), 2153
[INSERT], Operations, 4920
[INSERT], AverageLatency(us), 69.28252032520325
[INSERT], MinLatency(us), 33
[INSERT], MaxLatency(us), 5439
[INSERT], 95thPercentileLatency(us), 121
[INSERT], 99thPercentileLatency(us), 207
[INSERT], Return=OK, 4920
total zerocopy send size = 0, total send size = 22132277, 0.000000
total zerocopy send size = 0, total send size = 22178215, 0.000000
total zerocopy send size = 0, total send size = 22239415, 0.000000
[OVERALL], RunTime(ms), 5444
[OVERALL], OP, 100000
[OVERALL], Throughput(ops/sec), 18368.84643644379
[TOTAL_GCS_PS_Scavenge], Count, 0
[TOTAL_GC_TIME_PS_Scavenge], Time(ms), 0
[TOTAL_GC_TIME_%_PS_Scavenge], Time(%), 0.0
[TOTAL_GCS_PS_MarkSweep], Count, 0
[TOTAL_GC_TIME_PS_MarkSweep], Time(ms), 0
[TOTAL_GC_TIME_%_PS_MarkSweep], Time(%), 0.0
[TOTAL_GCs], Count, 0
[TOTAL_GC_TIME], Time(ms), 0
[TOTAL_GC_TIME_%], Time(%), 0.0
[READ], Operations, 95087
[READ], AverageLatency(us), 52.286316741510404
[READ], MinLatency(us), 24
[READ], MaxLatency(us), 105855
[READ], 95thPercentileLatency(us), 86
[READ], 99thPercentileLatency(us), 120
[READ], Return=OK, 95087
[CLEANUP], Operations, 1
[CLEANUP], AverageLatency(us), 2385.0
[CLEANUP], MinLatency(us), 2384
[CLEANUP], MaxLatency(us), 2385
[CLEANUP], 95thPercentileLatency(us), 2385
[CLEANUP], 99thPercentileLatency(us), 2385
[INSERT], Operations, 4913
[INSERT], AverageLatency(us), 65.2560553633218
[INSERT], MinLatency(us), 29
[INSERT], MaxLatency(us), 1004
[INSERT], 95thPercentileLatency(us), 115
[INSERT], 99thPercentileLatency(us), 202
[INSERT], Return=OK, 4913
[OVERALL], RunTime(ms), 5447
[OVERALL], OP, 100000
[OVERALL], Throughput(ops/sec), 18358.72957591335
[TOTAL_GCS_PS_Scavenge], Count, 0
[TOTAL_GC_TIME_PS_Scavenge], Time(ms), 0
[TOTAL_GC_TIME_%_PS_Scavenge], Time(%), 0.0
[TOTAL_GCS_PS_MarkSweep], Count, 0
[TOTAL_GC_TIME_PS_MarkSweep], Time(ms), 0
[TOTAL_GC_TIME_%_PS_MarkSweep], Time(%), 0.0
[TOTAL_GCs], Count, 0
[TOTAL_GC_TIME], Time(ms), 0
[TOTAL_GC_TIME_%], Time(%), 0.0
[READ], Operations, 95065
[READ], AverageLatency(us), 52.29524009887972
[READ], MinLatency(us), 25
[READ], MaxLatency(us), 5375
[READ], 95thPercentileLatency(us), 87
[READ], 99thPercentileLatency(us), 121
[READ], Return=OK, 95065
[CLEANUP], Operations, 1
[CLEANUP], AverageLatency(us), 2157.0
[CLEANUP], MinLatency(us), 2156
[CLEANUP], MaxLatency(us), 2157
[CLEANUP], 95thPercentileLatency(us), 2157
[CLEANUP], 99thPercentileLatency(us), 2157
[INSERT], Operations, 4935
[INSERT], AverageLatency(us), 65.1031408308004
[INSERT], MinLatency(us), 32
[INSERT], MaxLatency(us), 500
[INSERT], 95thPercentileLatency(us), 113
[INSERT], 99thPercentileLatency(us), 190
[INSERT], Return=OK, 4935
[OVERALL], RunTime(ms), 5426
[OVERALL], OP, 100000
[OVERALL], Throughput(ops/sec), 18429.782528566164
[TOTAL_GCS_PS_Scavenge], Count, 0
[TOTAL_GC_TIME_PS_Scavenge], Time(ms), 0
[TOTAL_GC_TIME_%_PS_Scavenge], Time(%), 0.0
[TOTAL_GCS_PS_MarkSweep], Count, 0
[TOTAL_GC_TIME_PS_MarkSweep], Time(ms), 0
[TOTAL_GC_TIME_%_PS_MarkSweep], Time(%), 0.0
[TOTAL_GCs], Count, 0
[TOTAL_GC_TIME], Time(ms), 0
[TOTAL_GC_TIME_%], Time(%), 0.0
[READ], Operations, 94994
[READ], AverageLatency(us), 52.1669473861507
[READ], MinLatency(us), 25
[READ], MaxLatency(us), 1773
[READ], 95thPercentileLatency(us), 86
[READ], 99thPercentileLatency(us), 122
[READ], Return=OK, 94994
[CLEANUP], Operations, 1
[CLEANUP], AverageLatency(us), 1864.0
[CLEANUP], MinLatency(us), 1864
[CLEANUP], MaxLatency(us), 1864
[CLEANUP], 95thPercentileLatency(us), 1864
[CLEANUP], 99thPercentileLatency(us), 1864
[INSERT], Operations, 5006
[INSERT], AverageLatency(us), 66.41669996004794
[INSERT], MinLatency(us), 30
[INSERT], MaxLatency(us), 5823
[INSERT], 95thPercentileLatency(us), 113
[INSERT], 99thPercentileLatency(us), 181
[INSERT], Return=OK, 5006
total zerocopy send size = 0, total send size = 22416015, 0.000000
[OVERALL], RunTime(ms), 5533
[OVERALL], OP, 100000
[OVERALL], Throughput(ops/sec), 18073.377914332188
[TOTAL_GCS_PS_Scavenge], Count, 0
[TOTAL_GC_TIME_PS_Scavenge], Time(ms), 0
[TOTAL_GC_TIME_%_PS_Scavenge], Time(%), 0.0
[TOTAL_GCS_PS_MarkSweep], Count, 0
[TOTAL_GC_TIME_PS_MarkSweep], Time(ms), 0
[TOTAL_GC_TIME_%_PS_MarkSweep], Time(%), 0.0
[TOTAL_GCs], Count, 0
[TOTAL_GC_TIME], Time(ms), 0
[TOTAL_GC_TIME_%], Time(%), 0.0
[READ], Operations, 94843
[READ], AverageLatency(us), 53.15884145377097
[READ], MinLatency(us), 25
[READ], MaxLatency(us), 5955
[READ], 95thPercentileLatency(us), 88
[READ], 99thPercentileLatency(us), 122
[READ], Return=OK, 94843
[CLEANUP], Operations, 1
[CLEANUP], AverageLatency(us), 2073.0
[CLEANUP], MinLatency(us), 2072
[CLEANUP], MaxLatency(us), 2073
[CLEANUP], 95thPercentileLatency(us), 2073
[CLEANUP], 99thPercentileLatency(us), 2073
[INSERT], Operations, 5157
[INSERT], AverageLatency(us), 66.37657552840798
[INSERT], MinLatency(us), 33
[INSERT], MaxLatency(us), 1716
[INSERT], 95thPercentileLatency(us), 115
[INSERT], 99thPercentileLatency(us), 193
[INSERT], Return=OK, 5157
total zerocopy send size = 0, total send size = 22249097, 0.000000
[OVERALL], RunTime(ms), 5786
[OVERALL], OP, 100000
[OVERALL], Throughput(ops/sec), 17283.097131005878
[TOTAL_GCS_PS_Scavenge], Count, 0
[TOTAL_GC_TIME_PS_Scavenge], Time(ms), 0
[TOTAL_GC_TIME_%_PS_Scavenge], Time(%), 0.0
[TOTAL_GCS_PS_MarkSweep], Count, 0
[TOTAL_GC_TIME_PS_MarkSweep], Time(ms), 0
[TOTAL_GC_TIME_%_PS_MarkSweep], Time(%), 0.0
[TOTAL_GCs], Count, 0
[TOTAL_GC_TIME], Time(ms), 0
[TOTAL_GC_TIME_%], Time(%), 0.0
[READ], Operations, 95015
[READ], AverageLatency(us), 55.64016207967163
[READ], MinLatency(us), 21
[READ], MaxLatency(us), 5543
[READ], 95thPercentileLatency(us), 98
[READ], 99thPercentileLatency(us), 134
[READ], Return=OK, 95015
[CLEANUP], Operations, 1
[CLEANUP], AverageLatency(us), 2231.0
[CLEANUP], MinLatency(us), 2230
[CLEANUP], MaxLatency(us), 2231
[CLEANUP], 95thPercentileLatency(us), 2231
[CLEANUP], 99thPercentileLatency(us), 2231
[INSERT], Operations, 4985
[INSERT], AverageLatency(us), 70.56268806419257
[INSERT], MinLatency(us), 29
[INSERT], MaxLatency(us), 466
[INSERT], 95thPercentileLatency(us), 125
[INSERT], 99thPercentileLatency(us), 195
[INSERT], Return=OK, 4985
total zerocopy send size = 0, total send size = 22246358, 0.000000
[OVERALL], RunTime(ms), 5879
[OVERALL], OP, 100000
[OVERALL], Throughput(ops/sec), 17009.695526450076
[TOTAL_GCS_PS_Scavenge], Count, 0
[TOTAL_GC_TIME_PS_Scavenge], Time(ms), 0
[TOTAL_GC_TIME_%_PS_Scavenge], Time(%), 0.0
[TOTAL_GCS_PS_MarkSweep], Count, 0
[TOTAL_GC_TIME_PS_MarkSweep], Time(ms), 0
[TOTAL_GC_TIME_%_PS_MarkSweep], Time(%), 0.0
[TOTAL_GCs], Count, 0
[TOTAL_GC_TIME], Time(ms), 0
[TOTAL_GC_TIME_%], Time(%), 0.0
[READ], Operations, 94994
[READ], AverageLatency(us), 56.478072299303115
[READ], MinLatency(us), 20
[READ], MaxLatency(us), 5691
[READ], 95thPercentileLatency(us), 100
[READ], 99thPercentileLatency(us), 135
[READ], Return=OK, 94994
[CLEANUP], Operations, 1
[CLEANUP], AverageLatency(us), 2187.0
[CLEANUP], MinLatency(us), 2186
[CLEANUP], MaxLatency(us), 2187
[CLEANUP], 95thPercentileLatency(us), 2187
[CLEANUP], 99thPercentileLatency(us), 2187
[INSERT], Operations, 5006
[INSERT], AverageLatency(us), 73.286456252497
[INSERT], MinLatency(us), 25
[INSERT], MaxLatency(us), 490
[INSERT], 95thPercentileLatency(us), 139
[INSERT], 99thPercentileLatency(us), 248
[INSERT], Return=OK, 5006
